"../../../Engine/Content/EditorBlueprintResources/StandardMacros.uasset" 0
"../../../Engine/Content/EngineSky/C_Sky_Cloud_Color.uasset" 1
"../../../Engine/Content/EngineSky/C_Sky_Horizon_Color.uasset" 2
"../../../Engine/Content/EngineSky/C_Sky_Zenith_Color.uasset" 3
"../../../Engine/Content/EngineSky/T_Sky_Blue.uasset" 4
"../../../Engine/Content/EngineSky/T_Sky_Clouds_M.uasset" 5
"../../../Engine/Content/EngineSky/T_Sky_Stars.uasset" 6
"../../../Engine/Content/EngineSky/SM_SkySphere.uasset" 7
"../../../Engine/Content/EngineSky/M_Sky_Panning_Clouds2.uasset" 8
"../../../Engine/Content/EngineSky/BP_Sky_Sphere.uasset" 9
"../../../MacTest/Content/Geometry/Meshes/CubeMaterial.uasset" 10
"../../../MacTest/Content/Geometry/Meshes/FoundationBase.uasset" 11
"../../../MacTest/Content/Geometry/Meshes/FoundationSupport.uasset" 12
"../../../MacTest/Content/Build/Foundation.uasset" 13
"../../../Engine/Content/Functions/Engine_MaterialFunctions02/Utility/BlendAngleCorrectedNormals.uasset" 14
"../../../Engine/Content/Functions/MaterialLayerFunctions/MatLayerBlend_NormalBlend.uasset" 15
"../../../Engine/Content/Functions/MaterialLayerFunctions/MatLayerBlend_Simple.uasset" 16
"../../../MacTest/Content/FirstPerson/Character/Materials/MaterialLayers/T_ML_Rubber_Blue_01_D.uasset" 17
"../../../MacTest/Content/FirstPerson/Character/Materials/MaterialLayers/T_ML_Rubber_Blue_01_N.uasset" 18
"../../../MacTest/Content/FirstPerson/Character/Materials/MaterialLayers/ML_GlossyBlack_Latex_UE4.uasset" 19
"../../../MacTest/Content/FirstPerson/Character/Materials/MaterialLayers/ML_Plastic_Shiny_Beige.uasset" 20
"../../../MacTest/Content/FirstPerson/Character/Textures/UE4_LOGO_CARD.uasset" 21
"../../../MacTest/Content/FirstPerson/Character/Materials/MaterialLayers/ML_Plastic_Shiny_Beige_LOGO.uasset" 22
"../../../MacTest/Content/FirstPerson/Character/Materials/MaterialLayers/T_ML_Aluminum01.uasset" 23
"../../../MacTest/Content/FirstPerson/Character/Materials/MaterialLayers/T_ML_Aluminum01_N.uasset" 24
"../../../MacTest/Content/FirstPerson/Character/Materials/MaterialLayers/ML_SoftMetal_UE4.uasset" 25
"../../../MacTest/Content/FirstPerson/Character/Textures/UE4_Mannequin__normals.uasset" 26
"../../../MacTest/Content/FirstPerson/Character/Textures/UE4_Mannequin_MAT_MASKA.uasset" 27
"../../../MacTest/Content/FirstPerson/Character/Materials/M_UE4Man_Body.uasset" 28
"../../../MacTest/Content/FirstPerson/Character/Mesh/SK_Mannequin_Arms_PhysicsAsset.uasset" 29
"../../../MacTest/Content/FirstPerson/Character/Mesh/SK_Mannequin_Arms.uasset" 30
"../../../MacTest/Content/FirstPerson/Character/Mesh/SK_Mannequin_Arms_Skeleton.uasset" 31
"../../../MacTest/Content/FirstPerson/Animations/FirstPerson_Idle.uasset" 32
"../../../MacTest/Content/FirstPerson/Animations/FirstPerson_JumpEnd.uasset" 33
"../../../MacTest/Content/FirstPerson/Animations/FirstPerson_JumpLoop.uasset" 34
"../../../MacTest/Content/FirstPerson/Animations/FirstPerson_JumpStart.uasset" 35
"../../../MacTest/Content/FirstPerson/Animations/FirstPerson_Run.uasset" 36
"../../../MacTest/Content/FirstPerson/Animations/FirstPerson_AnimBP.uasset" 37
"../../../Engine/Content/Functions/Engine_MaterialFunctions02/Utility/LinearSine.uasset" 38
"../../../MacTest/Content/Materials/RedPulse.uasset" 39
"../../../MacTest/Content/Materials/WhitePulse.uasset" 40
"../../../Engine/Content/Functions/Engine_MaterialFunctions01/Opacity/CameraDepthFade.uasset" 41
"../../../Engine/Content/EngineMaterials/T_Default_Material_Grid_M.uasset" 42
"../../../Engine/Content/EngineMaterials/T_Default_Material_Grid_N.uasset" 43
"../../../Engine/Content/EngineMaterials/DefaultMaterial.uasset" 44
"../../../Engine/Content/EngineMeshes/Cube.uasset" 45
"../../../MacTest/Content/Build/BuildModeActor.uasset" 46
"../../../MacTest/Content/SurvivalGameInstance.uasset" 47
"../../../MacTest/Content/ActorInfo.uasset" 48
"../../../MacTest/Content/Character/ActorInfoView.uasset" 49
"../../../MacTest/Content/Character/Notification/NotificationView.uasset" 50
"../../../MacTest/Content/Character/SurvivalStats.uasset" 51
"../../../MacTest/Content/Character/SurvivalView.uasset" 52
"../../../MacTest/Content/Character/PlayerMainWindows.uasset" 53
"../../../MacTest/Content/InteractionMainWidget.uasset" 54
"../../../MacTest/Content/Character/PlayerMainHUD.uasset" 55
"../../../MacTest/Content/Landscape/Textures/T_Rock_Slate_D.uasset" 56
"../../../MacTest/Content/Landscape/Textures/T_Rock_Slate_N.uasset" 57
"../../../MacTest/Content/Materials/Ice.uasset" 58
"../../../Engine/Content/EngineMaterials/WorldGridMaterial.uasset" 59
"../../../Engine/Content/BasicShapes/Cube.uasset" 60
"../../../MacTest/Content/Items/Ice.uasset" 61
"../../../MacTest/Content/Geometry/Meshes/1M_Cube_Chamfer.uasset" 62
"../../../MacTest/Content/Deposits/IceDeposit.uasset" 63
"../../../MacTest/Content/Inventory/ItemUsage.uasset" 64
"../../../MacTest/Content/BaseActors/UsableItem.uasset" 65
"../../../MacTest/Content/Inventory/ItemGroupEnum.uasset" 66
"../../../MacTest/Content/ItemUsage/Injest.uasset" 67
"../../../Engine/Content/BasicShapes/Sphere.uasset" 68
"../../../MacTest/Content/Items/H2O.uasset" 69
"../../../MacTest/Content/Processing/FoundDeposit.uasset" 70
"../../../MacTest/Content/Processing/Miner.uasset" 71
"../../../MacTest/Content/Build/MiningStructure.uasset" 72
"../../../MacTest/Content/Inventory/ItemStack.uasset" 73
"../../../MacTest/Content/Items/PickupItem.uasset" 74
"../../../MacTest/Content/Items/ResourceActor.uasset" 75
"../../../MacTest/Content/Processing/ProcessNode.uasset" 76
"../../../MacTest/Content/Processing/Process.uasset" 77
"../../../MacTest/Content/Processing/Mine.uasset" 78
"../../../MacTest/Content/Processes/ExtractIce.uasset" 79
"../../../MacTest/Content/Materials/IceExtractor.uasset" 80
"../../../MacTest/Content/Structures/IceExtractorStructure.uasset" 81
"../../../MacTest/Content/Items/IceExtractor.uasset" 82
"../../../Engine/Content/MapTemplates/Materials/BasicAsset01.uasset" 83
"../../../MacTest/Content/Items/Pentlandite.uasset" 84
"../../../MacTest/Content/Items/Fe.uasset" 85
"../../../MacTest/Content/Items/HeatingElement.uasset" 86
"../../../MacTest/Content/Processes/MeltIce.uasset" 87
"../../../MacTest/Content/Materials/WaterHeater.uasset" 88
"../../../MacTest/Content/Structures/WaterHeaterStructure.uasset" 89
"../../../MacTest/Content/Items/WaterHeater.uasset" 90
"../../../MacTest/Content/Processes/BuildWaterHeater.uasset" 91
"../../../MacTest/Content/Materials/H2.uasset" 92
"../../../MacTest/Content/Items/H2.uasset" 93
"../../../MacTest/Content/Items/O2.uasset" 94
"../../../MacTest/Content/Processes/ElectrolyzeWater.uasset" 95
"../../../MacTest/Content/Materials/Potato.uasset" 96
"../../../MacTest/Content/Items/Potato.uasset" 97
"../../../MacTest/Content/Processes/GrowPotatoes.uasset" 98
"../../../Engine/Content/MapTemplates/Materials/BasicAsset02.uasset" 99
"../../../MacTest/Content/Geometry/Meshes/1M_Cube.uasset" 100
"../../../MacTest/Content/Items/Chromite.uasset" 101
"../../../MacTest/Content/Processes/MineChromite.uasset" 102
"../../../MacTest/Content/Landscape/Textures/T_Detail_Rocky_N.uasset" 103
"../../../MacTest/Content/Landscape/Textures/T_Rock_Basalt_D.uasset" 104
"../../../MacTest/Content/Materials/Pentlandite.uasset" 105
"../../../MacTest/Content/Deposits/PentlanditeDeposit.uasset" 106
"../../../MacTest/Content/Processes/MinePentlandite.uasset" 107
"../../../MacTest/Content/Items/Cr.uasset" 108
"../../../MacTest/Content/Processes/RefineChromite.uasset" 109
"../../../Engine/Content/MapTemplates/Materials/BasicAsset03.uasset" 110
"../../../MacTest/Content/Items/Ni.uasset" 111
"../../../MacTest/Content/Processes/RefinePentlandite.uasset" 112
"../../../MacTest/Content/Items/Ni-Cr.uasset" 113
"../../../MacTest/Content/Processes/SmeltNichrome.uasset" 114
"../../../MacTest/Content/Materials/Factory.uasset" 115
"../../../MacTest/Content/Items/Factory.uasset" 116
"../../../MacTest/Content/Processes/BuildHeatingElement.uasset" 117
"../../../MacTest/Content/Materials/HydroponicsCrate.uasset" 118
"../../../MacTest/Content/Structures/HydroponicsCrateStructure.uasset" 119
"../../../MacTest/Content/Items/HydroponicsCrate.uasset" 120
"../../../MacTest/Content/Processes/BuildHydroponicsCrate.uasset" 121
"../../../MacTest/Content/Materials/Reactor.uasset" 122
"../../../MacTest/Content/Structures/ReactorStructure.uasset" 123
"../../../MacTest/Content/Items/Reactor.uasset" 124
"../../../MacTest/Content/Processes/BuildReactor.uasset" 125
"../../../MacTest/Content/Structures/FactoryStructure.uasset" 126
"../../../MacTest/Content/Materials/MiningDrill.uasset" 127
"../../../MacTest/Content/Items/MiningDrill.uasset" 128
"../../../MacTest/Content/Structures/MiningDrillStructure.uasset" 129
"../../../MacTest/Content/Materials/Refinery.uasset" 130
"../../../MacTest/Content/Items/Refinery.uasset" 131
"../../../MacTest/Content/Structures/RefineryStructure.uasset" 132
"../../../MacTest/Content/Materials/Smelter.uasset" 133
"../../../MacTest/Content/Items/Smelter.uasset" 134
"../../../MacTest/Content/Structures/SmelterStructure.uasset" 135
"../../../MacTest/Content/Character/Tutorial/TutorialStep.uasset" 136
"../../../MacTest/Content/Utility/ClassCount.uasset" 137
"../../../MacTest/Content/InteractionCommandEnum.uasset" 138
"../../../MacTest/Content/Character/Tutorial/Tutorial.uasset" 139
"../../../MacTest/Content/Character/SurvivalPlayerController.uasset" 140
"../../../MacTest/Content/Inventory/ItemSlot.uasset" 141
"../../../MacTest/Content/Inventory/DragItemSlot.uasset" 142
"../../../MacTest/Content/Inventory/ItemSlotAdvancedDropView.uasset" 143
"../../../MacTest/Content/Inventory/ItemSlotView.uasset" 144
"../../../MacTest/Content/Inventory/InventoryView.uasset" 145
"../../../MacTest/Content/Inventory/ItemStruct.uasset" 146
"../../../MacTest/Content/Inventory/InventoryComponent.uasset" 147
"../../../MacTest/Content/Inventory/Inventory.uasset" 148
"../../../MacTest/Content/Processing/ProcessWrapper.uasset" 149
"../../../MacTest/Content/Processing/ProcessTimer.uasset" 150
"../../../MacTest/Content/Processing/Processor.uasset" 151
"../../../MacTest/Content/Build/ProcessingStructure.uasset" 152
"../../../MacTest/Content/Character/Tutorial/NotificationDismissTriggers.uasset" 153
"../../../MacTest/Content/Character/Notification/Notification.uasset" 154
"../../../MacTest/Content/Interactive.uasset" 155
"../../../MacTest/Content/Character/DeathScenario.uasset" 156
"../../../MacTest/Content/Character/PlayerInventoryView.uasset" 157
"../../../MacTest/Content/FirstPerson/FPWeapon/Materials/MaterialLayers/T_ML_Rubber_Blue_01_D.uasset" 158
"../../../MacTest/Content/FirstPerson/FPWeapon/Materials/MaterialLayers/T_ML_Rubber_Blue_01_N.uasset" 159
"../../../MacTest/Content/FirstPerson/FPWeapon/Materials/MaterialLayers/ML_GlossyBlack_Latex_UE4.uasset" 160
"../../../MacTest/Content/FirstPerson/FPWeapon/Materials/MaterialLayers/ML_Plastic_Shiny_Beige.uasset" 161
"../../../MacTest/Content/FirstPerson/FPWeapon/Materials/MaterialLayers/ML_Screen.uasset" 162
"../../../MacTest/Content/FirstPerson/FPWeapon/Materials/MaterialLayers/T_ML_Aluminum01.uasset" 163
"../../../MacTest/Content/FirstPerson/FPWeapon/Materials/MaterialLayers/T_ML_Aluminum01_N.uasset" 164
"../../../MacTest/Content/FirstPerson/FPWeapon/Materials/MaterialLayers/ML_SoftMetal_UE4.uasset" 165
"../../../MacTest/Content/FirstPerson/FPWeapon/Textures/T_FPGun_M.uasset" 166
"../../../MacTest/Content/FirstPerson/FPWeapon/Textures/T_FPGun_N.uasset" 167
"../../../MacTest/Content/FirstPerson/FPWeapon/Materials/M_FPGun.uasset" 168
"../../../MacTest/Content/FirstPerson/FPWeapon/Mesh/SK_FPGun_Skeleton.uasset" 169
"../../../MacTest/Content/FirstPerson/FPWeapon/Mesh/SK_FPGun.uasset" 170
"../../../MacTest/Content/Character/FirstPersonCharacter.uasset" 171
"../../../MacTest/Content/Processing/ProcessView.uasset" 172
"../../../MacTest/Content/Processing/ProcessorView.uasset" 173
"../../../MacTest/Content/Build/BuildableStructure.uasset" 174
"../../../MacTest/Content/BaseActors/PickupItem.uasset" 175
"../../../Engine/Content/BasicShapes/Cylinder.uasset" 176
"../../../MacTest/Content/Processing/DepositView.uasset" 177
"../../../MacTest/Content/BaseActors/Deposit.uasset" 178
"../../../MacTest/Content/Landscape/Textures/T_Rock_Basalt_N.uasset" 179
"../../../MacTest/Content/Materials/Chromite.uasset" 180
"../../../MacTest/Content/Deposits/ChromiteDeposit.uasset" 181
"../../../MacTest/Content/Landscape/Resources/BaseRock_LayerInfo.uasset" 182
"../../../MacTest/Content/Landscape/Resources/SlateRock_LayerInfo.uasset" 183
"../../../MacTest/Content/Landscape/Resources/Snow_LayerInfo.uasset" 184
"../../../MacTest/Content/Landscape/Materials/Landscape_Material.uasset" 185
"../../../Engine/Content/EngineMaterials/DefaultPhysicalMaterial.uasset" 186
"../../../MacTest/Content/Maps/Phase1.umap" 187
"../../../MacTest/Content/Character/FirstPersonGameMode.uasset" 188
"../../../MacTest/Content/Conveyors/BasicConveyor.uasset" 189
"../../../MacTest/Content/Items/BasicConveyor.uasset" 190
"../../../Engine/Content/MapTemplates/SM_Template_Map_Floor.uasset" 191
"../../../MacTest/Content/Maps/ItemTest.umap" 192
"../../../MacTest/Content/Maps/BuildTest.umap" 193
"../../../Engine/Content/EngineFonts/Roboto.uasset" 194
"../../../Engine/Content/Functions/Engine_MaterialFunctions01/Shading/PowerToRoughness.uasset" 195
"../../../Engine/Content/Functions/Engine_MaterialFunctions01/Shading/ConvertFromDiffSpec.uasset" 196
"../../../Engine/Content/EngineMaterials/DefaultDiffuse.uasset" 197
"../../../Engine/Content/EngineMaterials/DefaultDeferredDecalMaterial.uasset" 198
"../../../Engine/Content/EngineMaterials/DefaultLightFunctionMaterial.uasset" 199
"../../../Engine/Content/Functions/Engine_MaterialFunctions02/Utility/BreakOutFloat2Components.uasset" 200
"../../../Engine/Content/EngineMaterials/DefaultPostProcessMaterial.uasset" 201
"../../../Engine/Content/EngineResources/DefaultTexture.uasset" 202
"../../../Engine/Content/Functions/Engine_MaterialFunctions02/Texturing/ScreenAlignedUVs.uasset" 203
"../../../Engine/Content/EngineResources/WhiteSquareTexture.uasset" 204
"../../../Engine/Content/EngineMaterials/Widget3DPassThrough.uasset" 205
"../../../Engine/Content/EngineMaterials/Widget3DPassThrough_Translucent.uasset" 206
"../../../Engine/Content/EngineMaterials/Widget3DPassThrough_Translucent_OneSided.uasset" 207
"../../../Engine/Content/EngineMaterials/Widget3DPassThrough_Opaque.uasset" 208
"../../../Engine/Content/EngineMaterials/Widget3DPassThrough_Opaque_OneSided.uasset" 209
"../../../Engine/Content/EngineMaterials/Widget3DPassThrough_Masked.uasset" 210
"../../../Engine/Content/EngineMaterials/Widget3DPassThrough_Masked_OneSided.uasset" 211
"../../../Engine/Content/EditorResources/S_Actor.uasset" 212
"../../../Engine/Content/Maps/Templates/Thumbnails/Default.uasset" 213
"../../../Engine/Content/EditorMaterials/ParticleSystems/PSysThumbnail_NoImage.uasset" 214
"../../../Engine/Content/EditorMaterials/ParticleSystems/PSysThumbnail_OOD.uasset" 215
"../../../Engine/Content/EditorLandscapeResources/DataLayer.uasset" 216
"../../../Engine/Content/EngineDamageTypes/DmgTypeBP_Environmental.uasset" 217
"../../../Engine/Content/EngineMeshes/Sphere.uasset" 218
"../../../Engine/Content/EngineFonts/RobotoDistanceField.uasset" 219
"../../../Engine/Content/EngineMaterials/DefaultTextMaterialOpaque.uasset" 220
"../../../Engine/Content/EditorResources/S_Trigger.uasset" 221
"../../../Engine/Content/EngineResources/GradientTexture0.uasset" 222
"../../../Engine/Content/EngineResources/Black.uasset" 223
"../../../Engine/Content/EditorMaterials/MatineeGroups/MAT_Groups_Float.uasset" 224
"../../../Engine/Content/EditorMaterials/MatineeGroups/MAT_Groups_Director.uasset" 225
"../../../Engine/Content/EditorMaterials/MatineeGroups/MAT_Groups_Event.uasset" 226
"../../../Engine/Content/EditorMaterials/MatineeGroups/MAT_Groups_Anim.uasset" 227
"../../../Engine/Content/EditorMaterials/MatineeGroups/MAT_Groups_Fade.uasset" 228
"../../../Engine/Content/EditorMaterials/MatineeGroups/MAT_Groups_Move.uasset" 229
"../../../Engine/Content/EditorMaterials/MatineeGroups/MAT_Groups_Slomo.uasset" 230
"../../../Engine/Content/EditorMaterials/MatineeGroups/MAT_ColorTrack.uasset" 231
"../../../Engine/Content/EditorMaterials/MAT_Groups_Toggle.uasset" 232
"../../../Engine/Content/EditorMaterials/MatineeGroups/MAT_Groups_AudioMaster.uasset" 233
"../../../Engine/Content/EditorMaterials/MatineeGroups/MAT_Groups_Sound.uasset" 234
"../../../Engine/Content/EditorMaterials/MatineeGroups/MAT_Groups_Vector.uasset" 235
"../../../Engine/Content/EditorMaterials/MAT_Groups_Visibility.uasset" 236
"../../../Engine/Content/EngineResources/DefaultTextureCube.uasset" 237
"../../../Engine/Content/EngineMeshes/Cylinder.uasset" 238
"../../../Engine/Content/EngineTireTypes/DefaultTireType.uasset" 239
"../../../Engine/Content/EngineResources/AICON-Red.uasset" 240
"../../../Engine/Content/EngineResources/AICON-Green.uasset" 241
"../../../Engine/Content/Tutorial/Basics/LevelEditorAttract.uasset" 242
"../../../Engine/Content/Tutorial/Basics/TutorialAssets/icon_tab_Levels_40x.uasset" 243
"../../../Engine/Content/Tutorial/Basics/LevelEditorOverview.uasset" 244
"../../../Engine/Content/Tutorial/Basics/FeaturePacks.uasset" 245
"../../../Engine/Content/Tutorial/Basics/ContentBrowserOverview.uasset" 246
"../../../Engine/Content/Tutorial/Basics/TutorialAssets/CameraActor_64x.uasset" 247
"../../../Engine/Content/Tutorial/Basics/ViewportsTutorial.uasset" 248
"../../../Engine/Content/Tutorial/BlueprintTutorials/TutorialAssets/Blueprint_64x.uasset" 249
"../../../Engine/Content/Tutorial/InWorldBlueprintEditing/IWBE_Tutorial_Part3.uasset" 250
"../../../Engine/Content/Tutorial/InWorldBlueprintEditing/IWBE_Tutorial_Part2.uasset" 251
"../../../Engine/Content/Tutorial/InWorldBlueprintEditing/IWBE_Tutorial.uasset" 252
"../../../Engine/Content/Tutorial/InWorldBlueprintEditing/TutorialAssets/IWBE_Bridge1.uasset" 253
"../../../Engine/Content/Tutorial/InWorldBlueprintEditing/TutorialAssets/IWBE_Bridge2.uasset" 254
"../../../Engine/Content/Tutorial/BlueprintTutorials/BlueprintEditorTutorial.uasset" 255
"../../../Engine/Content/Tutorial/BlueprintTutorials/LevelBlueprintEditorOverview.uasset" 256
"../../../Engine/Content/EditorBlueprintResources/ActorMacros.uasset" 257
"../../../Engine/Content/Tutorial/BlueprintTutorials/TutorialAssets/Tutorial_BP_Class.uasset" 258
"../../../Engine/Content/Tutorial/BlueprintTutorials/ClassBlueprintsEditorOverview.uasset" 259
"../../../Engine/Content/Tutorial/BlueprintTutorials/TutorialAssets/BlueprintMacroLibrary_64x.uasset" 260
"../../../Engine/Content/Tutorial/BlueprintTutorials/TutorialAssets/Tutorial_BP_MacroLib.uasset" 261
"../../../Engine/Content/Tutorial/BlueprintTutorials/BlueprintMacroLibrariesEditorOverview.uasset" 262
"../../../Engine/Content/Tutorial/BlueprintTutorials/TutorialAssets/BlueprintInterface_64x.uasset" 263
"../../../Engine/Content/Tutorial/BlueprintTutorials/TutorialAssets/Tutorial_BP_Interface.uasset" 264
"../../../Engine/Content/Tutorial/BlueprintTutorials/BlueprintInterfacesEditorOverview.uasset" 265
"../../../Engine/Content/Tutorial/Code/AddingCode.uasset" 266
"../../../Engine/Content/Tutorial/Landscape/TutorialAssets/Landscape.uasset" 267
"../../../Engine/Content/Tutorial/Landscape/Landscape_Painting_Mode.uasset" 268
"../../../Engine/Content/Tutorial/Landscape/Landscape_Sculpt_Mode.uasset" 269
"../../../Engine/Content/Tutorial/Landscape/Landscape_Manage_Mode.uasset" 270
"../../../Engine/Content/Tutorial/Landscape/LandscapeWalkThrough.uasset" 271
"../../../Engine/Content/Tutorial/SubEditors/StaticMeshEditorTutorial.uasset" 272
"../../../Engine/Content/Tutorial/SubEditors/TutorialAssets/TutorialMaterial.uasset" 273
"../../../Engine/Content/Tutorial/SubEditors/MaterialEditorTutorial.uasset" 274
"../../../Engine/Content/Tutorial/ContentIntroCurve.uasset" 275
"../../../Engine/Plugins/2D/Paper2D/Content/PlaceholderTextures/DummySpriteTexture.uasset" 276
"../../../Engine/Plugins/2D/Paper2D/Content/DefaultSpriteMaterial.uasset" 277
"../../../Engine/Plugins/2D/Paper2D/Content/MaskedUnlitSpriteMaterial.uasset" 278
"../../../Engine/Plugins/2D/Paper2D/Content/OpaqueUnlitSpriteMaterial.uasset" 279
"../../../Engine/Plugins/2D/Paper2D/Content/DummySpriteTexture.uasset" 280
"../../../Engine/Plugins/2D/Paper2D/Content/DummySprite.uasset" 281
"../../../Engine/Plugins/2D/Paper2D/Content/DefaultPaperTerrainMaterial.uasset" 282
"../../../Engine/Plugins/Runtime/LeapMotionController/Content/LM_CapsuleMesh.uasset" 283
"../../../Engine/Plugins/Runtime/LeapMotionController/Content/LM_TorusMesh.uasset" 284
"../../../Engine/Plugins/Runtime/LeapMotionController/Content/LM_HandColor.uasset" 285
"../../../Engine/Plugins/Runtime/LeapMotionController/Content/LM_SampleDistortion.uasset" 286
"../../../Engine/Plugins/Runtime/LeapMotionController/Content/LM_TestTexture.uasset" 287
"../../../Engine/Plugins/Runtime/LeapMotionController/Content/LM_PassthroughMaterial.uasset" 288
"../../../Engine/Content/EngineMaterials/RemoveSurfaceMaterial.uasset" 289
"../../../Engine/Content/EngineDebugMaterials/DebugMeshMaterial.uasset" 290
"../../../Engine/Content/EngineMaterials/InvalidLightmapSettings.uasset" 291
"../../../Engine/Content/EngineMaterials/M_InvalidLightmapSettings.uasset" 292
"../../../Engine/Content/EditorMaterials/GizmoMaterial.uasset" 293
"../../../Engine/Content/EngineMaterials/Good64x64TilingNoiseHighFreq.uasset" 294
"../../../Engine/Content/EngineMaterials/DefaultBokeh.uasset" 295
"../../../Engine/Content/EngineMaterials/PreintegratedSkinBRDF.uasset" 296
"../../../Engine/Content/EngineMaterials/MiniFont.uasset" 297
"../../../Engine/Content/EngineMaterials/WeightMapPlaceholderTexture.uasset" 298
"../../../Engine/Content/EngineMaterials/DefaultWhiteGrid.uasset" 299
"../../../Engine/Content/EngineFonts/RobotoTiny.uasset" 300
"../../../Engine/Content/MobileResources/HUD/MobileHUDDirectionPad.uasset" 301
"../../../Engine/Content/MobileResources/HUD/MobileHUDDirectionPad2.uasset" 302
"../../../Engine/Content/MobileResources/HUD/T_Castle_ThumbstickInner.uasset" 303
"../../../Engine/Content/MobileResources/HUD/MobileHUDButton2_off.uasset" 304
"../../../Engine/Content/MobileResources/HUD/MobileHUDDirectionPad3.uasset" 305
"../../../MacTest/Content/Items/Water.uasset" 306
"../../../Engine/Content/MobileResources/HUD/MobileHUDButtonFire.uasset" 307
"../../../Engine/Content/MobileResources/T_MobileControls_texture.uasset" 308
"../../../Engine/Content/MobileResources/HUD/MobileHUDButton1_on.uasset" 309
"../../../MacTest/Content/FirstPerson/FPWeapon/Mesh/SK_FPGun_PhysicsAsset.uasset" 310
"../../../MacTest/Content/FirstPerson/FPWeapon/Materials/MaterialLayers/T_ML_FineRubber.uasset" 311
"../../../MacTest/Content/FirstPerson/FPWeapon/Materials/MaterialLayers/ML_Plastic_Shiny_Beige_LOGO.uasset" 312
"../../../MacTest/Content/FirstPerson/Meshes/BaseMaterial.uasset" 313
"../../../MacTest/Content/FirstPerson/Meshes/CubeMaterialOverride.uasset" 314
"../../../MacTest/Content/FirstPerson/Meshes/FirstPersonProjectileMaterial.uasset" 315
"../../../MacTest/Content/FirstPerson/Meshes/FirstPersonProjectileMesh.uasset" 316
"../../../Engine/Content/MobileResources/HUD/MobileHUDButton2_on.uasset" 317
"../../../Engine/Content/MobileResources/HUD/T_Castle_ThumbstickOutter.uasset" 318
"../../../MacTest/Content/Character/StarvationDamage.uasset" 319
"../../../MacTest/Content/Character/SurvivalEnum.uasset" 320
"../../../MacTest/Content/FirstPerson/Animations/FirstPerson_Fire.uasset" 321
"../../../MacTest/Content/FirstPerson/Animations/FirstPersonFire_Montage.uasset" 322
"../../../MacTest/Content/FirstPerson/Audio/FirstPersonTemplateWeaponFire02.uasset" 323
"../../../MacTest/Content/FirstPerson/Textures/FirstPersonCrosshair.uasset" 324
"../../../MacTest/Content/Geometry/Meshes/TemplateFloor.uasset" 325
"../../../Engine/Content/BasicShapes/Cone.uasset" 326
"../../../Engine/Content/EditorMaterials/PhAT_JointLimitMaterial.uasset" 327
"../../../Engine/Content/EditorMaterials/PreviewShadowIndicator.uasset" 328
"../../../Engine/Content/EditorMaterials/PreviewShadowIndicatorMaterial.uasset" 329
"../../../Engine/Content/EditorMeshes/ColorCalibrator/M_ChromeBall.uasset" 330
"../../../Engine/Content/EditorMeshes/ColorCalibrator/M_ClearCoat.uasset" 331
"../../../Engine/Content/EditorMeshes/ColorCalibrator/M_ClearCoatBlack.uasset" 332
"../../../Engine/Content/EditorMeshes/ColorCalibrator/T_ColorGrid.uasset" 333
"../../../Engine/Content/EditorMeshes/ColorCalibrator/M_ColorGrid.uasset" 334
"../../../Engine/Content/EditorMeshes/ColorCalibrator/M_GreyBall.uasset" 335
"../../../Engine/Content/EditorMeshes/ColorCalibrator/SM_ColorCalibrator.uasset" 336
"../../../Engine/Content/EditorResources/BSPVertex.uasset" 337
"../../../Engine/Content/EditorResources/EmptyActor.uasset" 338
"../../../Engine/Content/EngineDebugMaterials/HeatmapGradient.uasset" 339
"../../../Engine/Content/EngineDebugMaterials/BoneWeightMaterial.uasset" 340
"../../../Engine/Content/EngineDebugMaterials/GeomMaterial.uasset" 341
"../../../Engine/Content/EngineMaterials/EditorBrushMaterial.uasset" 342
"../../../Engine/Content/MobileResources/T_MobileMenu2.uasset" 343
"../../../Engine/Content/MobileResources/HUD/AnalogHat.uasset" 344
"../../../Engine/Content/MobileResources/HUD/VirtualJoystick_Background.uasset" 345
"../../../Engine/Content/MobileResources/HUD/VirtualJoystick_Thumb.uasset" 346
"../../../Engine/Content/MobileResources/HUD/DefaultVirtualJoysticks.uasset" 347
"../../../Engine/Content/MobileResources/HUD/LeftVirtualJoystickOnly.uasset" 348
"../../../Engine/Content/MobileResources/HUD/MobileHUDButton1_off.uasset" 349
"../../../Engine/Content/MobileResources/HUD/MobileHUDButton3.uasset" 350
"../../../Engine/Content/MobileResources/HUD/MobileHUDDirectionStick.uasset" 351
"../../../Engine/Content/Tutorial/Foliage/TutorialAssets/Foliage.uasset" 352
"../../../Engine/Content/Tutorial/Foliage/Foliage_Settings_Tutorial.uasset" 353
"../../../Engine/Content/Tutorial/Foliage/Foliage_Using_The_Tool_Tutorial.uasset" 354
"../../../Engine/Content/Tutorial/Foliage/Foliage_Intro_Tutorial.uasset" 355
"../../../Engine/Content/Tutorial/Paper2D/TutorialAssets/Paper2DFlipbook_TutorialIcon.uasset" 356
"../../../Engine/Content/Tutorial/Paper2D/FlipbookEditorTutorial.uasset" 357
"../../../Engine/Content/Tutorial/Paper2D/TutorialAssets/Paper2DSprite_TutorialIcon.uasset" 358
"../../../Engine/Content/Tutorial/Paper2D/SpriteEditorTutorial.uasset" 359
"../../../Engine/Content/EditorMeshes/EditorCube.uasset" 360
"../../../Engine/Content/Tutorial/SubEditors/TutorialAssets/Tutorial_DM.uasset" 361
"../../../Engine/Content/Tutorial/SubEditors/DestructibleMeshEditorTutorial.uasset" 362
"../../../Engine/Content/Tutorial/SubEditors/TutorialAssets/T_SmokeSubUV_8X8.uasset" 363
"../../../Engine/Content/Tutorial/SubEditors/TutorialAssets/T_soft_smoke.uasset" 364
"../../../Engine/Content/Tutorial/SubEditors/TutorialAssets/M_smoke_subUV_blackbody.uasset" 365
"../../../Engine/Content/Tutorial/SubEditors/TutorialAssets/TutorialParticleSystem.uasset" 366
"../../../Engine/Content/Tutorial/SubEditors/ParticleSystemEditorTutorial.uasset" 367
"../../../Engine/Content/Tutorial/SubEditors/TutorialAssets/icon_ShowSkeletalMeshes_40x.uasset" 368
"../../../Engine/Content/Tutorial/SubEditors/TutorialAssets/Character/TutorialTPP_Mat.uasset" 369
"../../../Engine/Content/Tutorial/SubEditors/TutorialAssets/Character/TutorialTPP_PhysicsAsset.uasset" 370
"../../../Engine/Content/Tutorial/SubEditors/TutorialAssets/Character/TutorialTPP.uasset" 371
"../../../Engine/Content/Tutorial/SubEditors/TutorialAssets/Character/TutorialTPP_Skeleton.uasset" 372
"../../../Engine/Content/Tutorial/SubEditors/TutorialAssets/Character/Tutorial_Idle.uasset" 373
"../../../Engine/Content/Tutorial/SubEditors/TutorialAssets/Character/Tutorial_Walk_Fwd.uasset" 374
"../../../Engine/Content/Tutorial/SubEditors/TutorialAssets/Character/NewBlendSpace1D.uasset" 375
"../../../Engine/Content/Tutorial/SubEditors/TutorialAssets/Character/TutorialCharacter.uasset" 376
"../../../Engine/Content/Tutorial/SubEditors/TutorialAssets/Character/TutorialTPP_AnimBlueprint.uasset" 377
"../../../Engine/Content/Tutorial/SubEditors/PersonaAnimBlueprintEditorWalkthrough.uasset" 378
"../../../Engine/Content/Tutorial/SubEditors/PersonaAnimEditorWalkthrough.uasset" 379
"../../../Engine/Content/Tutorial/SubEditors/TutorialAssets/icon_Editor_Preferences_General_40x.uasset" 380
"../../../MacTest/Content/BaseActors/Structure.uasset" 381
"../../../MacTest/Content/BaseActors/Factory.uasset" 382
"../../../MacTest/Content/FactoryActor.uasset" 383
"../../../MacTest/Content/Processor.uasset" 384
"../../../MacTest/Content/ResourceActor.uasset" 385
"../../../MacTest/Content/Resource1.uasset" 386
"../../../MacTest/Content/Processes/SampleProcess.uasset" 387
"../../../MacTest/Content/Processing/SampleProcess.uasset" 388
"../../../MacTest/Content/SampleProcess.uasset" 389
"../../../MacTest/Content/Processing/SampleProcess2.uasset" 390
"../../../MacTest/Content/SampleProcess2.uasset" 391
"../../../MacTest/Content/BaseActors/MiningStructure.uasset" 392
"../../../MacTest/Content/Items/Deposit.uasset" 393
"../../../MacTest/Content/Materials/BaseRock_LayerInfo.uasset" 394
"../../../MacTest/Content/Materials/O2.uasset" 395
