"H:/Unreal Projects/mactest/MacTest.uproject" 1
"../../../Engine/Plugins/2D/Paper2D/Paper2D.uplugin" 2
"../../../Engine/Plugins/Blendables/LightPropagationVolume/LightPropagationVolume.uplugin" 3
"../../../Engine/Plugins/Developer/BlankPlugin/BlankPlugin.uplugin" 4
"../../../Engine/Plugins/Developer/CodeLiteSourceCodeAccess/CodeLiteSourceCodeAccess.uplugin" 5
"../../../Engine/Plugins/Developer/GitSourceControl/GitSourceControl.uplugin" 6
"../../../Engine/Plugins/Developer/KDevelopSourceCodeAccess/KDevelopSourceCodeAccess.uplugin" 7
"../../../Engine/Plugins/Developer/NullSourceCodeAccess/NullSourceCodeAccess.uplugin" 8
"../../../Engine/Plugins/Developer/OneSkyLocalizationService/OneSkyLocalizationService.uplugin" 9
"../../../Engine/Plugins/Developer/PerforceSourceControl/PerforceSourceControl.uplugin" 10
"../../../Engine/Plugins/Developer/SubversionSourceControl/SubversionSourceControl.uplugin" 11
"../../../Engine/Plugins/Developer/UObjectPlugin/UObjectPlugin.uplugin" 12
"../../../Engine/Plugins/Developer/VisualStudioSourceCodeAccess/VisualStudioSourceCodeAccess.uplugin" 13
"../../../Engine/Plugins/Developer/XCodeSourceCodeAccess/XCodeSourceCodeAccess.uplugin" 14
"../../../Engine/Plugins/Editor/EpicSurvey/EpicSurvey.uplugin" 15
"../../../Engine/Plugins/Editor/MacGraphicsSwitching/MacGraphicsSwitching.uplugin" 16
"../../../Engine/Plugins/Editor/PluginBrowser/PluginBrowser.uplugin" 17
"../../../Engine/Plugins/Editor/SpeedTreeImporter/SpeedTreeImporter.uplugin" 18
"../../../Engine/Plugins/Experimental/BlueprintStats/BlueprintStats.uplugin" 19
"../../../Engine/Plugins/Experimental/CharacterAI/CharacterAI.uplugin" 20
"../../../Engine/Plugins/Experimental/CodeEditor/CodeEditor.uplugin" 21
"../../../Engine/Plugins/Experimental/CodeView/CodeView.uplugin" 22
"../../../Engine/Plugins/Experimental/HTML5Networking/HTML5Networking.uplugin" 23
"../../../Engine/Plugins/Experimental/LiveEditor/LiveEditor.uplugin" 24
"../../../Engine/Plugins/Experimental/Phya/Phya.uplugin" 25
"../../../Engine/Plugins/Experimental/SimpleHMD/SimpleHMD.uplugin" 26
"../../../Engine/Plugins/Experimental/StructBox/StructBox.uplugin" 27
"../../../Engine/Plugins/Media/AndroidMedia/AndroidMedia.uplugin" 28
"../../../Engine/Plugins/Media/AvfMedia/AvfMedia.uplugin" 29
"../../../Engine/Plugins/Media/MediaPlayerEditor/MediaPlayerEditor.uplugin" 30
"../../../Engine/Plugins/Media/WmfMedia/WmfMedia.uplugin" 31
"../../../Engine/Plugins/Messaging/MessagingDebugger/MessagingDebugger.uplugin" 32
"../../../Engine/Plugins/Messaging/UdpMessaging/UdpMessaging.uplugin" 33
"../../../Engine/Plugins/MovieScene/LevelSequenceEditor/LevelSequenceEditor.uplugin" 34
"../../../Engine/Plugins/NetcodeUnitTest/NetcodeUnitTest/NetcodeUnitTest.uplugin" 35
"../../../Engine/Plugins/NetcodeUnitTest/NUTUnrealEngine4/NUTUnrealEngine4.uplugin" 36
"../../../Engine/Plugins/Runtime/Advertising/IOSTapJoy/IOSTapJoy.uplugin" 37
"../../../Engine/Plugins/Runtime/Analytics/AnalyticsBlueprintLibrary/AnalyticsBlueprintLibrary.uplugin" 38
"../../../Engine/Plugins/Runtime/Analytics/AnalyticsMulticast/AnalyticsMulticast.uplugin" 39
"../../../Engine/Plugins/Runtime/Analytics/Apsalar/IOSApsalar/IOSApsalar.uplugin" 40
"../../../Engine/Plugins/Runtime/Analytics/FileLogging/FileLogging.uplugin" 41
"../../../Engine/Plugins/Runtime/Analytics/Flurry/IOSFlurry/IOSFlurry.uplugin" 42
"../../../Engine/Plugins/Runtime/AndroidDeviceProfileSelector/AndroidDeviceProfileSelector.uplugin" 43
"../../../Engine/Plugins/Runtime/AndroidMoviePlayer/AndroidMoviePlayer.uplugin" 44
"../../../Engine/Plugins/Runtime/AppleMoviePlayer/AppleMoviePlayer.uplugin" 45
"../../../Engine/Plugins/Runtime/ArchVisCharacter/ArchVisCharacter.uplugin" 46
"../../../Engine/Plugins/Runtime/CableComponent/CableComponent.uplugin" 47
"../../../Engine/Plugins/Runtime/CustomMeshComponent/CustomMeshComponent.uplugin" 48
"../../../Engine/Plugins/Runtime/ExampleDeviceProfileSelector/ExampleDeviceProfileSelector.uplugin" 49
"../../../Engine/Plugins/Runtime/GearVR/GearVR.uplugin" 50
"../../../Engine/Plugins/Runtime/IOSDeviceProfileSelector/IOSDeviceProfileSelector.uplugin" 51
"../../../Engine/Plugins/Runtime/LeapMotionController/LeapMotionController.uplugin" 52
"../../../Engine/Plugins/Runtime/LinuxDeviceProfileSelector/LinuxDeviceProfileSelector.uplugin" 53
"../../../Engine/Plugins/Runtime/LiveEditorListenServer/LiveEditorListenServer.uplugin" 54
"../../../Engine/Plugins/Runtime/OculusAudio/OculusAudio.uplugin" 55
"../../../Engine/Plugins/Runtime/OculusInput/OculusInput.uplugin" 56
"../../../Engine/Plugins/Runtime/OculusLibrary/OculusLibrary.uplugin" 57
"../../../Engine/Plugins/Runtime/OculusRift/OculusRift.uplugin" 58
"../../../Engine/Plugins/Runtime/ProceduralMeshComponent/ProceduralMeshComponent.uplugin" 59
"../../../Engine/Plugins/Runtime/SoundMod/SoundMod.uplugin" 60
"../../../Engine/Plugins/Runtime/SoundVisualizations/SoundVisualizations.uplugin" 61
"../../../Engine/Plugins/Runtime/Steam/SteamController/SteamController.uplugin" 62
"../../../Engine/Plugins/Runtime/Steam/SteamVR/SteamVR.uplugin" 63
"../../../Engine/Plugins/Runtime/WebBrowserWidget/WebBrowserWidget.uplugin" 64
"../../../Engine/Plugins/Runtime/WindowsDeviceProfileSelector/WindowsDeviceProfileSelector.uplugin" 65
"../../../Engine/Plugins/Runtime/WindowsMoviePlayer/WindowsMoviePlayer.uplugin" 66
"../../../Engine/Plugins/ScriptGeneratorPlugin/ScriptGeneratorPlugin.uplugin" 67
"../../../Engine/Plugins/ScriptPlugin/ScriptPlugin.uplugin" 68
"../../../Engine/Plugins/Slate/SlateRemote/SlateRemote.uplugin" 69
"..\..\..\Engine\Content\Internationalization\icudt53l\cnvalias.icu" 70
"..\..\..\Engine\Content\Internationalization\icudt53l\en_US_POSIX.res" 71
"..\..\..\Engine\Content\Internationalization\icudt53l\pool.res" 72
"..\..\..\Engine\Content\Internationalization\icudt53l\en_US.res" 73
"..\..\..\Engine\Content\Internationalization\icudt53l\en.res" 74
"..\..\..\Engine\Content\Internationalization\icudt53l\root.res" 75
"C:/Users/Ben/AppData/Local/UnrealEngine/4.10/Saved/Config/Windows/Manifest.ini" 76
"../../../Engine/Config/Base.ini" 77
"../../../Engine/Config/BaseEngine.ini" 78
"H:/Unreal Projects/mactest/Config/DefaultEngine.ini" 79
"../../../Engine/Config/Windows/WindowsEngine.ini" 80
"H:/Unreal Projects/mactest/Saved/Config/Windows/Engine.ini" 81
"../../../../../../Unreal Projects/mactest/Intermediate/Config/CoalescedSourceConfigs/Engine.ini" 82
"../../../Engine/Config/BaseGame.ini" 83
"H:/Unreal Projects/mactest/Config/DefaultGame.ini" 84
"H:/Unreal Projects/mactest/Saved/Config/Windows/Game.ini" 85
"../../../../../../Unreal Projects/mactest/Intermediate/Config/CoalescedSourceConfigs/Game.ini" 86
"../../../Engine/Config/BaseInput.ini" 87
"H:/Unreal Projects/mactest/Config/DefaultInput.ini" 88
"H:/Unreal Projects/mactest/Saved/Config/Windows/Input.ini" 89
"../../../../../../Unreal Projects/mactest/Intermediate/Config/CoalescedSourceConfigs/Input.ini" 90
"../../../Engine/Config/BaseEditor.ini" 91
"H:/Unreal Projects/mactest/Config/DefaultEditor.ini" 92
"H:/Unreal Projects/mactest/Saved/Config/Windows/Editor.ini" 93
"../../../../../../Unreal Projects/mactest/Intermediate/Config/CoalescedSourceConfigs/Editor.ini" 94
"../../../Engine/Config/BaseEditorPerProjectUserSettings.ini" 95
"H:/Unreal Projects/mactest/Config/DefaultEditorPerProjectUserSettings.ini" 96
"H:/Unreal Projects/mactest/Saved/Config/Windows/EditorPerProjectUserSettings.ini" 97
"../../../../../../Unreal Projects/mactest/Intermediate/Config/CoalescedSourceConfigs/EditorPerProjectUserSettings.ini" 98
"../../../Engine/Config/BaseEditorSettings.ini" 99
"C:/Users/Ben/AppData/Local/UnrealEngine/4.10/Saved/Config/Windows/EditorSettings.ini" 100
"../../../../../../Unreal Projects/mactest/Intermediate/Config/CoalescedSourceConfigs/EditorSettings.ini" 101
"../../../Engine/Config/BaseEditorLayout.ini" 102
"C:/Users/Ben/AppData/Local/UnrealEngine/4.10/Saved/Config/Windows/EditorLayout.ini" 103
"../../../../../../Unreal Projects/mactest/Intermediate/Config/CoalescedSourceConfigs/EditorLayout.ini" 104
"../../../Engine/Config/BaseEditorKeyBindings.ini" 105
"C:/Users/Ben/AppData/Local/UnrealEngine/4.10/Saved/Config/Windows/EditorKeyBindings.ini" 106
"../../../../../../Unreal Projects/mactest/Intermediate/Config/CoalescedSourceConfigs/EditorKeyBindings.ini" 107
"../../../Engine/Config/BaseCompat.ini" 108
"H:/Unreal Projects/mactest/Saved/Config/Windows/Compat.ini" 109
"../../../../../../Unreal Projects/mactest/Intermediate/Config/CoalescedSourceConfigs/Compat.ini" 110
"../../../Engine/Config/BaseLightmass.ini" 111
"H:/Unreal Projects/mactest/Saved/Config/Windows/Lightmass.ini" 112
"../../../../../../Unreal Projects/mactest/Intermediate/Config/CoalescedSourceConfigs/Lightmass.ini" 113
"../../../Engine/Config/BaseScalability.ini" 114
"H:/Unreal Projects/mactest/Saved/Config/Windows/Scalability.ini" 115
"../../../../../../Unreal Projects/mactest/Intermediate/Config/CoalescedSourceConfigs/Scalability.ini" 116
"H:/Unreal Projects/mactest/Saved/Config/Windows/GameUserSettings.ini" 117
"../../../../../../Unreal Projects/mactest/Intermediate/Config/CoalescedSourceConfigs/GameUserSettings.ini" 118
"../../../Engine/Config/BaseDeviceProfiles.ini" 119
"H:/Unreal Projects/mactest/Saved/Config/Windows/DeviceProfiles.ini" 120
"../../../../../../Unreal Projects/mactest/Intermediate/Config/CoalescedSourceConfigs/DeviceProfiles.ini" 121
"../../../Engine/Config/ConsoleVariables.ini" 122
"..\..\..\Engine\Content\Internationalization\icudt53l\es.res" 123
"..\..\..\Engine\Content\Internationalization\icudt53l\ja.res" 124
"..\..\..\Engine\Content\Internationalization\icudt53l\ko.res" 125
"..\..\..\Engine\Content\Internationalization\icudt53l\pt_BR.res" 126
"..\..\..\Engine\Content\Internationalization\icudt53l\pt.res" 127
"..\..\..\Engine\Content\Internationalization\icudt53l\zh_CN.res" 128
"..\..\..\Engine\Content\Internationalization\icudt53l\zh_Hans_CN.res" 129
"..\..\..\Engine\Content\Internationalization\icudt53l\zh_Hans.res" 130
"..\..\..\Engine\Content\Internationalization\icudt53l\zh.res" 131
"H:/Program Files/Epic Games/4.10/Engine/Content/Localization/Editor/en/Editor.locres" 132
"H:/Program Files/Epic Games/4.10/Engine/Content/Localization/EditorTutorials/en/EditorTutorials.locres" 133
"H:/Program Files/Epic Games/4.10/Engine/Content/Localization/Keywords/en/Keywords.locres" 134
"H:/Program Files/Epic Games/4.10/Engine/Content/Localization/Category/en/Category.locres" 135
"H:/Program Files/Epic Games/4.10/Engine/Content/Localization/ToolTips/en/ToolTips.locres" 136
"H:/Program Files/Epic Games/4.10/Engine/Content/Localization/PropertyNames/en/PropertyNames.locres" 137
"H:/Program Files/Epic Games/4.10/Engine/Content/Localization/Engine/en/Engine.locres" 138
"../../../Engine/Content/Slate/Fonts/Roboto-Regular.ttf" 139
"../../../Engine/Content/Slate/Fonts/DroidSansMono.ttf" 140
"../../../Engine/Content/Slate/Fonts/Roboto-Bold.ttf" 141
"../../../Engine/Content/Slate/Fonts/Roboto-Light.ttf" 142
"H:/Program Files/Epic Games/4.10/Engine/Binaries/Win64/../../../Engine/Shaders/ParticleSpriteVertexFactory.usf" 143
"H:/Program Files/Epic Games/4.10/Engine/Binaries/Win64/../../../Engine/Shaders/VertexFactoryCommon.usf" 144
"H:/Program Files/Epic Games/4.10/Engine/Binaries/Win64/../../../Engine/Shaders/Common.usf" 145
"H:/Program Files/Epic Games/4.10/Engine/Binaries/Win64/../../../Engine/Shaders/MetalCommon.usf" 146
"H:/Program Files/Epic Games/4.10/Engine/Binaries/Win64/../../../Engine/Shaders/ShaderVersion.usf" 147
"H:/Program Files/Epic Games/4.10/Engine/Binaries/Win64/../../../Engine/Shaders/CommonViewUniformBuffer.usf" 148
"H:/Program Files/Epic Games/4.10/Engine/Binaries/Win64/../../../Engine/Shaders/Definitions.usf" 149
"H:/Program Files/Epic Games/4.10/Engine/Binaries/Win64/../../../Engine/Shaders/Random.usf" 150
"H:/Program Files/Epic Games/4.10/Engine/Binaries/Win64/../../../Engine/Shaders/ParticleVertexFactoryCommon.usf" 151
"H:/Program Files/Epic Games/4.10/Engine/Binaries/Win64/../../../Engine/Shaders/ParticleGPUSpriteVertexFactory.usf" 152
"H:/Program Files/Epic Games/4.10/Engine/Binaries/Win64/../../../Engine/Shaders/ParticleBeamTrailVertexFactory.usf" 153
"H:/Program Files/Epic Games/4.10/Engine/Binaries/Win64/../../../Engine/Shaders/LocalVertexFactory.usf" 154
"H:/Program Files/Epic Games/4.10/Engine/Binaries/Win64/../../../Engine/Shaders/LocalVertexFactoryCommon.usf" 155
"H:/Program Files/Epic Games/4.10/Engine/Binaries/Win64/../../../Engine/Shaders/VectorFieldVisualizationVertexFactory.usf" 156
"H:/Program Files/Epic Games/4.10/Engine/Binaries/Win64/../../../Engine/Shaders/MeshParticleVertexFactory.usf" 157
"H:/Program Files/Epic Games/4.10/Engine/Binaries/Win64/../../../Engine/Shaders/GpuSkinVertexFactory.usf" 158
"H:/Program Files/Epic Games/4.10/Engine/Binaries/Win64/../../../Engine/Shaders/GpuSkinCacheCommon.usf" 159
"H:/Program Files/Epic Games/4.10/Engine/Binaries/Win64/../../../Engine/Shaders/LandscapeVertexFactory.usf" 160
"H:/Program Files/Epic Games/4.10/Engine/Binaries/Win64/../../../Engine/Shaders/SlateElementPixelShader.usf" 161
"H:/Program Files/Epic Games/4.10/Engine/Binaries/Win64/../../../Engine/Shaders/GammaCorrectionCommon.usf" 162
"H:/Program Files/Epic Games/4.10/Engine/Binaries/Win64/../../../Engine/Shaders/MaterialTemplate.usf" 163
"H:/Program Files/Epic Games/4.10/Engine/Binaries/Win64/../../../Engine/Shaders/DepthOfFieldCommon.usf" 164
"H:/Program Files/Epic Games/4.10/Engine/Binaries/Win64/../../../Engine/Shaders/GlobalDistanceFieldShared.usf" 165
"H:/Program Files/Epic Games/4.10/Engine/Binaries/Win64/../../../Engine/Shaders/SpeedTreeCommon.usf" 166
"H:/Program Files/Epic Games/4.10/Engine/Binaries/Win64/../../../Engine/Shaders/AtmosphereCommon.usf" 167
"H:/Program Files/Epic Games/4.10/Engine/Binaries/Win64/../../../Engine/Shaders/PaniniProjection.usf" 168
"H:/Program Files/Epic Games/4.10/Engine/Binaries/Win64/../../../Engine/Shaders/EyeAdaptationCommon.usf" 169
"H:/Program Files/Epic Games/4.10/Engine/Binaries/Win64/../../../Engine/Shaders/PostProcessCommon.usf" 170
"H:/Program Files/Epic Games/4.10/Engine/Binaries/Win64/../../../Engine/Shaders/DeferredShadingCommon.usf" 171
"H:/Program Files/Epic Games/4.10/Engine/Binaries/Win64/../../../Engine/Shaders/LightAccumulator.usf" 172
"H:/Program Files/Epic Games/4.10/Engine/Binaries/Win64/../../../Engine/Shaders/SlateVertexShader.usf" 173
"H:/Program Files/Epic Games/4.10/Engine/Binaries/Win64/../../../Engine/Shaders/ParticleSortKeyGen.usf" 174
"H:/Program Files/Epic Games/4.10/Engine/Binaries/Win64/../../../Engine/Shaders/ParticleBoundsShader.usf" 175
"H:/Program Files/Epic Games/4.10/Engine/Binaries/Win64/../../../Engine/Shaders/ParticleSimVisualizeShader.usf" 176
"H:/Program Files/Epic Games/4.10/Engine/Binaries/Win64/../../../Engine/Shaders/ParticleInjectionShader.usf" 177
"H:/Program Files/Epic Games/4.10/Engine/Binaries/Win64/../../../Engine/Shaders/ParticleSimulationShader.usf" 178
"H:/Program Files/Epic Games/4.10/Engine/Binaries/Win64/../../../Engine/Shaders/ParticleCurveInjectionShader.usf" 179
"H:/Program Files/Epic Games/4.10/Engine/Binaries/Win64/../../../Engine/Shaders/VectorFieldCompositeShaders.usf" 180
"H:/Program Files/Epic Games/4.10/Engine/Binaries/Win64/../../../Engine/Shaders/UpdateTextureShaders.usf" 181
"H:/Program Files/Epic Games/4.10/Engine/Binaries/Win64/../../../Engine/Shaders/SimpleElementColorChannelMaskPixelShader.usf" 182
"H:/Program Files/Epic Games/4.10/Engine/Binaries/Win64/../../../Engine/Shaders/SimpleElementPixelShader.usf" 183
"H:/Program Files/Epic Games/4.10/Engine/Binaries/Win64/../../../Engine/Shaders/ColorUtils.usf" 184
"H:/Program Files/Epic Games/4.10/Engine/Binaries/Win64/../../../Engine/Shaders/IESLightProfilesCommon.usf" 185
"H:/Program Files/Epic Games/4.10/Engine/Binaries/Win64/../../../Engine/Shaders/SimpleElementHitProxyPixelShader.usf" 186
"H:/Program Files/Epic Games/4.10/Engine/Binaries/Win64/../../../Engine/Shaders/SimpleElementVertexShader.usf" 187
"H:/Program Files/Epic Games/4.10/Engine/Binaries/Win64/../../../Engine/Shaders/ScreenVertexShader.usf" 188
"H:/Program Files/Epic Games/4.10/Engine/Binaries/Win64/../../../Engine/Shaders/ScreenPixelShader.usf" 189
"H:/Program Files/Epic Games/4.10/Engine/Binaries/Win64/../../../Engine/Shaders/RadixSortShaders.usf" 190
"H:/Program Files/Epic Games/4.10/Engine/Binaries/Win64/../../../Engine/Shaders/GpuSkinCacheComputeShader.usf" 191
"H:/Program Files/Epic Games/4.10/Engine/Binaries/Win64/../../../Engine/Shaders/NullPixelShader.usf" 192
"H:/Program Files/Epic Games/4.10/Engine/Binaries/Win64/../../../Engine/Shaders/LandscapeGrassWeight.usf" 193
"H:/Program Files/Epic Games/4.10/Engine/Binaries/Win64/../../../Engine/Shaders/VisualizeTexture.usf" 194
"H:/Program Files/Epic Games/4.10/Engine/Binaries/Win64/../../../Engine/Shaders/ScreenSpaceReflections.usf" 195
"H:/Program Files/Epic Games/4.10/Engine/Binaries/Win64/../../../Engine/Shaders/BRDF.usf" 196
"H:/Program Files/Epic Games/4.10/Engine/Binaries/Win64/../../../Engine/Shaders/MonteCarlo.usf" 197
"H:/Program Files/Epic Games/4.10/Engine/Binaries/Win64/../../../Engine/Shaders/ScreenSpaceRayCast.usf" 198
"H:/Program Files/Epic Games/4.10/Engine/Binaries/Win64/../../../Engine/Shaders/FilterVertexShader.usf" 199
"H:/Program Files/Epic Games/4.10/Engine/Binaries/Win64/../../../Engine/Shaders/FilterPixelShader.usf" 200
"H:/Program Files/Epic Games/4.10/Engine/Binaries/Win64/../../../Engine/Shaders/PostProcessVisualizeHDR.usf" 201
"H:/Program Files/Epic Games/4.10/Engine/Binaries/Win64/../../../Engine/Shaders/PostProcessHistogramCommon.usf" 202
"H:/Program Files/Epic Games/4.10/Engine/Binaries/Win64/../../../Engine/Shaders/TonemapCommon.usf" 203
"H:/Program Files/Epic Games/4.10/Engine/Binaries/Win64/../../../Engine/Shaders/ACES.usf" 204
"H:/Program Files/Epic Games/4.10/Engine/Binaries/Win64/../../../Engine/Shaders/MiniFontCommon.usf" 205
"H:/Program Files/Epic Games/4.10/Engine/Binaries/Win64/../../../Engine/Shaders/PostProcessVisualizeBuffer.usf" 206
"H:/Program Files/Epic Games/4.10/Engine/Binaries/Win64/../../../Engine/Shaders/PostProcessUpscale.usf" 207
"H:/Program Files/Epic Games/4.10/Engine/Binaries/Win64/../../../Engine/Shaders/PostProcessTonemap.usf" 208
"H:/Program Files/Epic Games/4.10/Engine/Binaries/Win64/../../../Engine/Shaders/PostProcessTestImage.usf" 209
"H:/Program Files/Epic Games/4.10/Engine/Binaries/Win64/../../../Engine/Shaders/PostProcessTemporalAA.usf" 210
"H:/Program Files/Epic Games/4.10/Engine/Binaries/Win64/../../../Engine/Shaders/PostProcessTemporalCommon.usf" 211
"H:/Program Files/Epic Games/4.10/Engine/Binaries/Win64/../../../Engine/Shaders/PostProcessSubsurface.usf" 212
"H:/Program Files/Epic Games/4.10/Engine/Binaries/Win64/../../../Engine/Shaders/SeparableSSS.usf" 213
"H:/Program Files/Epic Games/4.10/Engine/Binaries/Win64/../../../Engine/Shaders/PostProcessSelectionOutline.usf" 214
"H:/Program Files/Epic Games/4.10/Engine/Binaries/Win64/../../../Engine/Shaders/PostProcessSceneColorFringe.usf" 215
"H:/Program Files/Epic Games/4.10/Engine/Binaries/Win64/../../../Engine/Shaders/PostProcessNoiseBlur.usf" 216
"H:/Program Files/Epic Games/4.10/Engine/Binaries/Win64/../../../Engine/Shaders/PostProcessMotionBlur.usf" 217
"H:/Program Files/Epic Games/4.10/Engine/Binaries/Win64/../../../Engine/Shaders/FastMath.usf" 218
"H:/Program Files/Epic Games/4.10/Engine/Binaries/Win64/../../../Engine/Shaders/PostProcessVelocityFlatten.usf" 219
"H:/Program Files/Epic Games/4.10/Engine/Binaries/Win64/../../../Engine/Shaders/PostProcessMobile.usf" 220
"H:/Program Files/Epic Games/4.10/Engine/Binaries/Win64/../../../Engine/Shaders/PostProcessMaterialShaders.usf" 221
"H:/Program Files/Epic Games/4.10/Engine/Binaries/Win64/../../../Engine/Shaders/PostProcessLensFlares.usf" 222
"H:/Program Files/Epic Games/4.10/Engine/Binaries/Win64/../../../Engine/Shaders/PostProcessLensBlur.usf" 223
"H:/Program Files/Epic Games/4.10/Engine/Binaries/Win64/../../../Engine/Shaders/PostProcessBloom.usf" 224
"H:/Program Files/Epic Games/4.10/Engine/Binaries/Win64/../../../Engine/Shaders/PostProcessHMD.usf" 225
"H:/Program Files/Epic Games/4.10/Engine/Binaries/Win64/../../../Engine/Shaders/PostProcessHistogramReduce.usf" 226
"H:/Program Files/Epic Games/4.10/Engine/Binaries/Win64/../../../Engine/Shaders/PostProcessHistogram.usf" 227
"H:/Program Files/Epic Games/4.10/Engine/Binaries/Win64/../../../Engine/Shaders/PostProcessHierarchical.usf" 228
"H:/Program Files/Epic Games/4.10/Engine/Binaries/Win64/../../../Engine/Shaders/PostProcessGBufferHints.usf" 229
"H:/Program Files/Epic Games/4.10/Engine/Binaries/Win64/../../../Engine/Shaders/PostProcessEyeAdaptation.usf" 230
"H:/Program Files/Epic Games/4.10/Engine/Binaries/Win64/../../../Engine/Shaders/PostProcessDownsample.usf" 231
"H:/Program Files/Epic Games/4.10/Engine/Binaries/Win64/../../../Engine/Shaders/PostProcessDOF.usf" 232
"H:/Program Files/Epic Games/4.10/Engine/Binaries/Win64/../../../Engine/Shaders/PostProcessCompositeEditorPrimitives.usf" 233
"H:/Program Files/Epic Games/4.10/Engine/Binaries/Win64/../../../Engine/Shaders/PostProcessCombineLUTs.usf" 234
"H:/Program Files/Epic Games/4.10/Engine/Binaries/Win64/../../../Engine/Shaders/PostProcessCircleDOF.usf" 235
"H:/Program Files/Epic Games/4.10/Engine/Binaries/Win64/../../../Engine/Shaders/CircleDOFCommon.usf" 236
"H:/Program Files/Epic Games/4.10/Engine/Binaries/Win64/../../../Engine/Shaders/PostProcessBusyWait.usf" 237
"H:/Program Files/Epic Games/4.10/Engine/Binaries/Win64/../../../Engine/Shaders/PostProcessBokehDOF.usf" 238
"H:/Program Files/Epic Games/4.10/Engine/Binaries/Win64/../../../Engine/Shaders/PostProcessVisualizeDOF.usf" 239
"H:/Program Files/Epic Games/4.10/Engine/Binaries/Win64/../../../Engine/Shaders/FXAAShader.usf" 240
"H:/Program Files/Epic Games/4.10/Engine/Binaries/Win64/../../../Engine/Shaders/Fxaa3_11.usf" 241
"H:/Program Files/Epic Games/4.10/Engine/Binaries/Win64/../../../Engine/Shaders/PostProcessPassThrough.usf" 242
"H:/Program Files/Epic Games/4.10/Engine/Binaries/Win64/../../../Engine/Shaders/PostProcessLpvIndirect.usf" 243
"H:/Program Files/Epic Games/4.10/Engine/Binaries/Win64/../../../Engine/Shaders/DeferredLightingCommon.usf" 244
"H:/Program Files/Epic Games/4.10/Engine/Binaries/Win64/../../../Engine/Shaders/DynamicLightingCommon.usf" 245
"H:/Program Files/Epic Games/4.10/Engine/Binaries/Win64/../../../Engine/Shaders/ShadingModels.usf" 246
"H:/Program Files/Epic Games/4.10/Engine/Binaries/Win64/../../../Engine/Shaders/LPVFinalPass.usf" 247
"H:/Program Files/Epic Games/4.10/Engine/Binaries/Win64/../../../Engine/Shaders/LPVCommon.usf" 248
"H:/Program Files/Epic Games/4.10/Engine/Binaries/Win64/../../../Engine/Shaders/DeferredDecal.usf" 249
"H:/Program Files/Epic Games/4.10/Engine/Binaries/Win64/../../../Engine/Shaders/PostProcessAmbientOcclusion.usf" 250
"H:/Program Files/Epic Games/4.10/Engine/Binaries/Win64/../../../Engine/Shaders/PostProcessAmbient.usf" 251
"H:/Program Files/Epic Games/4.10/Engine/Binaries/Win64/../../../Engine/Shaders/CubemapCommon.usf" 252
"H:/Program Files/Epic Games/4.10/Engine/Binaries/Win64/../../../Engine/Shaders/VelocityShader.usf" 253
"H:/Program Files/Epic Games/4.10/Engine/Binaries/Win64/../../../Engine/Shaders/VelocityCommon.usf" 254
"H:/Program Files/Epic Games/4.10/Engine/Binaries/Win64/../../../Engine/Shaders/Tessellation.usf" 255
"H:/Program Files/Epic Games/4.10/Engine/Binaries/Win64/../../../Engine/Shaders/FlatTessellation.usf" 256
"H:/Program Files/Epic Games/4.10/Engine/Binaries/Win64/../../../Engine/Shaders/PNTriangles.usf" 257
"H:/Program Files/Epic Games/4.10/Engine/Binaries/Win64/../../../Engine/Shaders/TranslucentLightingShaders.usf" 258
"H:/Program Files/Epic Games/4.10/Engine/Binaries/Win64/../../../Engine/Shaders/SHCommon.usf" 259
"H:/Program Files/Epic Games/4.10/Engine/Binaries/Win64/../../../Engine/Shaders/ShadowProjectionCommon.usf" 260
"H:/Program Files/Epic Games/4.10/Engine/Binaries/Win64/../../../Engine/Shaders/TranslucentLightInjectionShaders.usf" 261
"H:/Program Files/Epic Games/4.10/Engine/Binaries/Win64/../../../Engine/Shaders/LightFunctionCommon.usf" 262
"H:/Program Files/Epic Games/4.10/Engine/Binaries/Win64/../../../Engine/Shaders/TranslucentShadowDepthShaders.usf" 263
"H:/Program Files/Epic Games/4.10/Engine/Binaries/Win64/../../../Engine/Shaders/ShadowDepthCommon.usf" 264
"H:/Program Files/Epic Games/4.10/Engine/Binaries/Win64/../../../Engine/Shaders/TiledDeferredLightShaders.usf" 265
"H:/Program Files/Epic Games/4.10/Engine/Binaries/Win64/../../../Engine/Shaders/SurfelTree.usf" 266
"H:/Program Files/Epic Games/4.10/Engine/Binaries/Win64/../../../Engine/Shaders/DistanceFieldLightingShared.usf" 267
"H:/Program Files/Epic Games/4.10/Engine/Binaries/Win64/../../../Engine/Shaders/SurfelMaterialShared.usf" 268
"H:/Program Files/Epic Games/4.10/Engine/Binaries/Win64/../../../Engine/Shaders/DistanceFieldAOShared.usf" 269
"H:/Program Files/Epic Games/4.10/Engine/Binaries/Win64/../../../Engine/Shaders/ShadowProjectionPixelShader.usf" 270
"H:/Program Files/Epic Games/4.10/Engine/Binaries/Win64/../../../Engine/Shaders/ShadowFilteringCommon.usf" 271
"H:/Program Files/Epic Games/4.10/Engine/Binaries/Win64/../../../Engine/Shaders/ShadowProjectionVertexShader.usf" 272
"H:/Program Files/Epic Games/4.10/Engine/Binaries/Win64/../../../Engine/Shaders/ShadowDepthPixelShader.usf" 273
"H:/Program Files/Epic Games/4.10/Engine/Binaries/Win64/../../../Engine/Shaders/LPVWriteVplCommon.usf" 274
"H:/Program Files/Epic Games/4.10/Engine/Binaries/Win64/../../../Engine/Shaders/LPVWriteCommon.usf" 275
"H:/Program Files/Epic Games/4.10/Engine/Binaries/Win64/../../../Engine/Shaders/ShadowDepthVertexShader.usf" 276
"H:/Program Files/Epic Games/4.10/Engine/Binaries/Win64/../../../Engine/Shaders/ShaderComplexityApplyPixelShader.usf" 277
"H:/Program Files/Epic Games/4.10/Engine/Binaries/Win64/../../../Engine/Shaders/ShaderComplexityApplyVertexShader.usf" 278
"H:/Program Files/Epic Games/4.10/Engine/Binaries/Win64/../../../Engine/Shaders/ShaderComplexityAccumulatePixelShader.usf" 279
"H:/Program Files/Epic Games/4.10/Engine/Binaries/Win64/../../../Engine/Shaders/HZBOcclusion.usf" 280
"H:/Program Files/Epic Games/4.10/Engine/Binaries/Win64/../../../Engine/Shaders/OcclusionQueryVertexShader.usf" 281
"H:/Program Files/Epic Games/4.10/Engine/Binaries/Win64/../../../Engine/Shaders/HitProxyPixelShader.usf" 282
"H:/Program Files/Epic Games/4.10/Engine/Binaries/Win64/../../../Engine/Shaders/HitProxyVertexShader.usf" 283
"H:/Program Files/Epic Games/4.10/Engine/Binaries/Win64/../../../Engine/Shaders/ReflectionEnvironmentShaders.usf" 284
"H:/Program Files/Epic Games/4.10/Engine/Binaries/Win64/../../../Engine/Shaders/ReflectionEnvironmentShared.usf" 285
"H:/Program Files/Epic Games/4.10/Engine/Binaries/Win64/../../../Engine/Shaders/SkyLightingShared.usf" 286
"H:/Program Files/Epic Games/4.10/Engine/Binaries/Win64/../../../Engine/Shaders/ReflectionEnvironmentComputeShaders.usf" 287
"H:/Program Files/Epic Games/4.10/Engine/Binaries/Win64/../../../Engine/Shaders/LightShaftShader.usf" 288
"H:/Program Files/Epic Games/4.10/Engine/Binaries/Win64/../../../Engine/Shaders/StationaryLightOverlapShaders.usf" 289
"H:/Program Files/Epic Games/4.10/Engine/Binaries/Win64/../../../Engine/Shaders/DeferredLightPixelShaders.usf" 290
"H:/Program Files/Epic Games/4.10/Engine/Binaries/Win64/../../../Engine/Shaders/DeferredLightVertexShaders.usf" 291
"H:/Program Files/Epic Games/4.10/Engine/Binaries/Win64/../../../Engine/Shaders/LPVVisualise.usf" 292
"H:/Program Files/Epic Games/4.10/Engine/Binaries/Win64/../../../Engine/Shaders/LPVGeometryVolumeCommon.usf" 293
"H:/Program Files/Epic Games/4.10/Engine/Binaries/Win64/../../../Engine/Shaders/LPVDirectLightInject.usf" 294
"H:/Program Files/Epic Games/4.10/Engine/Binaries/Win64/../../../Engine/Shaders/LPVPropagate.usf" 295
"H:/Program Files/Epic Games/4.10/Engine/Binaries/Win64/../../../Engine/Shaders/LPVPacking.usf" 296
"H:/Program Files/Epic Games/4.10/Engine/Binaries/Win64/../../../Engine/Shaders/LPVBuildGeometryVolume.usf" 297
"H:/Program Files/Epic Games/4.10/Engine/Binaries/Win64/../../../Engine/Shaders/LpvDirectionalOcclusion.usf" 298
"H:/Program Files/Epic Games/4.10/Engine/Binaries/Win64/../../../Engine/Shaders/LPVInject_AccumulateVplLists.usf" 299
"H:/Program Files/Epic Games/4.10/Engine/Binaries/Win64/../../../Engine/Shaders/LPVInject_GenerateVplLists.usf" 300
"H:/Program Files/Epic Games/4.10/Engine/Binaries/Win64/../../../Engine/Shaders/LPVClearLists.usf" 301
"H:/Program Files/Epic Games/4.10/Engine/Binaries/Win64/../../../Engine/Shaders/LPVClear.usf" 302
"H:/Program Files/Epic Games/4.10/Engine/Binaries/Win64/../../../Engine/Shaders/LightMapDensityShader.usf" 303
"H:/Program Files/Epic Games/4.10/Engine/Binaries/Win64/../../../Engine/Shaders/LightFunctionPixelShader.usf" 304
"H:/Program Files/Epic Games/4.10/Engine/Binaries/Win64/../../../Engine/Shaders/LightFunctionVertexShader.usf" 305
"H:/Program Files/Epic Games/4.10/Engine/Binaries/Win64/../../../Engine/Shaders/HeightfieldLighting.usf" 306
"H:/Program Files/Epic Games/4.10/Engine/Binaries/Win64/../../../Engine/Shaders/DistanceFieldShadowingShared.usf" 307
"H:/Program Files/Epic Games/4.10/Engine/Binaries/Win64/../../../Engine/Shaders/HdrCustomResolveShaders.usf" 308
"H:/Program Files/Epic Games/4.10/Engine/Binaries/Win64/../../../Engine/Shaders/GPUBenchmark.usf" 309
"H:/Program Files/Epic Games/4.10/Engine/Binaries/Win64/../../../Engine/Shaders/GlobalDistanceField.usf" 310
"H:/Program Files/Epic Games/4.10/Engine/Binaries/Win64/../../../Engine/Shaders/GammaCorrection.usf" 311
"H:/Program Files/Epic Games/4.10/Engine/Binaries/Win64/../../../Engine/Shaders/BasePassForForwardShadingPixelShader.usf" 312
"H:/Program Files/Epic Games/4.10/Engine/Binaries/Win64/../../../Engine/Shaders/BasePassForForwardShadingCommon.usf" 313
"H:/Program Files/Epic Games/4.10/Engine/Binaries/Win64/../../../Engine/Shaders/LightmapCommon.usf" 314
"H:/Program Files/Epic Games/4.10/Engine/Binaries/Win64/../../../Engine/Shaders/BasePassForForwardShadingVertexShader.usf" 315
"H:/Program Files/Epic Games/4.10/Engine/Binaries/Win64/../../../Engine/Shaders/HeightFogCommon.usf" 316
"H:/Program Files/Epic Games/4.10/Engine/Binaries/Win64/../../../Engine/Shaders/HeightFogPixelShader.usf" 317
"H:/Program Files/Epic Games/4.10/Engine/Binaries/Win64/../../../Engine/Shaders/HeightFogVertexShader.usf" 318
"H:/Program Files/Epic Games/4.10/Engine/Binaries/Win64/../../../Engine/Shaders/DistortAccumulatePS.usf" 319
"H:/Program Files/Epic Games/4.10/Engine/Binaries/Win64/../../../Engine/Shaders/DistortAccumulateVS.usf" 320
"H:/Program Files/Epic Games/4.10/Engine/Binaries/Win64/../../../Engine/Shaders/DistortApplyScreenPS.usf" 321
"H:/Program Files/Epic Games/4.10/Engine/Binaries/Win64/../../../Engine/Shaders/DistanceFieldSurfaceCacheLighting.usf" 322
"H:/Program Files/Epic Games/4.10/Engine/Binaries/Win64/../../../Engine/Shaders/SkyLighting.usf" 323
"H:/Program Files/Epic Games/4.10/Engine/Binaries/Win64/../../../Engine/Shaders/DistanceFieldSurfaceCacheLightingCompute.usf" 324
"H:/Program Files/Epic Games/4.10/Engine/Binaries/Win64/../../../Engine/Shaders/DistanceFieldShadowing.usf" 325
"H:/Program Files/Epic Games/4.10/Engine/Binaries/Win64/../../../Engine/Shaders/DistanceFieldScreenGridLighting.usf" 326
"H:/Program Files/Epic Games/4.10/Engine/Binaries/Win64/../../../Engine/Shaders/DistanceFieldLightingPost.usf" 327
"H:/Program Files/Epic Games/4.10/Engine/Binaries/Win64/../../../Engine/Shaders/DistanceFieldGlobalIllumination.usf" 328
"H:/Program Files/Epic Games/4.10/Engine/Binaries/Win64/../../../Engine/Shaders/DepthOnlyPixelShader.usf" 329
"H:/Program Files/Epic Games/4.10/Engine/Binaries/Win64/../../../Engine/Shaders/DepthOnlyVertexShader.usf" 330
"H:/Program Files/Epic Games/4.10/Engine/Binaries/Win64/../../../Engine/Shaders/PositionOnlyDepthVertexShader.usf" 331
"H:/Program Files/Epic Games/4.10/Engine/Binaries/Win64/../../../Engine/Shaders/DownsampleDepthPixelShader.usf" 332
"H:/Program Files/Epic Games/4.10/Engine/Binaries/Win64/../../../Engine/Shaders/EvaluateSurfelMaterial.usf" 333
"H:/Program Files/Epic Games/4.10/Engine/Binaries/Win64/../../../Engine/Shaders/ConvertToUniformMesh.usf" 334
"H:/Program Files/Epic Games/4.10/Engine/Binaries/Win64/../../../Engine/Shaders/BasePassPixelShader.usf" 335
"H:/Program Files/Epic Games/4.10/Engine/Binaries/Win64/../../../Engine/Shaders/BasePassCommon.usf" 336
"H:/Program Files/Epic Games/4.10/Engine/Binaries/Win64/../../../Engine/Shaders/ForEachLight.usf" 337
"H:/Program Files/Epic Games/4.10/Engine/Binaries/Win64/../../../Engine/Shaders/BasePassVertexShader.usf" 338
"H:/Program Files/Epic Games/4.10/Engine/Binaries/Win64/../../../Engine/Shaders/BasePassVertexCommon.usf" 339
"H:/Program Files/Epic Games/4.10/Engine/Binaries/Win64/../../../Engine/Shaders/BasePassTessellationShaders.usf" 340
"H:/Program Files/Epic Games/4.10/Engine/Binaries/Win64/../../../Engine/Shaders/AtmospherePrecompute.usf" 341
"H:/Program Files/Epic Games/4.10/Engine/Binaries/Win64/../../../Engine/Shaders/AtmospherePrecomputeCommon.usf" 342
"H:/Program Files/Epic Games/4.10/Engine/Binaries/Win64/../../../Engine/Shaders/AtmospherePrecomputeInscatter.usf" 343
"H:/Program Files/Epic Games/4.10/Engine/Binaries/Win64/../../../Engine/Shaders/AtmosphericFogShader.usf" 344
"H:/Program Files/Epic Games/4.10/Engine/Binaries/Win64/../../../Engine/Shaders/ResolveVertexShader.usf" 345
"H:/Program Files/Epic Games/4.10/Engine/Binaries/Win64/../../../Engine/Shaders/ResolvePixelShader.usf" 346
"H:/Program Files/Epic Games/4.10/Engine/Binaries/Win64/../../../Engine/Shaders/OneColorShader.usf" 347
"H:/Program Files/Epic Games/4.10/Engine/Binaries/Win64/../../../Engine/Shaders/MediaShaders.usf" 348
"H:/Program Files/Epic Games/4.10/Engine/Binaries/Win64/../../../Engine/Shaders/ClearReplacementShaders.usf" 349
"H:/Program Files/Epic Games/4.10/Engine/Binaries/Win64/../../../Engine/Shaders/SimpleElementTexture2DPreviewPixelShader.usf" 350
"H:/Program Files/Epic Games/4.10/Engine/Binaries/Win64/../../../Engine/Shaders/SimpleElementNormalMapPixelShader.usf" 351
"H:/Program Files/Epic Games/4.10/Engine/Binaries/Win64/../../../Engine/Shaders/meshpaintdilatepixelshader.usf" 352
"H:/Program Files/Epic Games/4.10/Engine/Binaries/Win64/../../../Engine/Shaders/meshpaintdilatevertexshader.usf" 353
"H:/Program Files/Epic Games/4.10/Engine/Binaries/Win64/../../../Engine/Shaders/MeshPaintPixelShader.usf" 354
"H:/Program Files/Epic Games/4.10/Engine/Binaries/Win64/../../../Engine/Shaders/MeshPaintVertexShader.usf" 355
"../../../Engine/Config/Android/AndroidEngine.ini" 356
"../../../Engine/Config/IOS/IOSEngine.ini" 357
"../../../Engine/Config/Linux/LinuxEngine.ini" 358
"C:/Users/Ben/AppData/Local/UnrealEngine/4.10/DerivedDataCache/Boot.ddc" 359
"../../../Engine/DerivedDataCache/Compressed.ddp" 360
"../../../Engine/Content/EngineFonts/Roboto.uasset" 361
"../../../Engine/Content/EngineMaterials/Widget3DPassThrough_Translucent.uasset" 362
"../../../Engine/Content/EngineMaterials/Widget3DPassThrough.uasset" 363
"../../../Engine/Content/Functions/Engine_MaterialFunctions02/Texturing/ScreenAlignedUVs.uasset" 364
"../../../Engine/Content/EngineResources/WhiteSquareTexture.uasset" 365
"../../../Engine/Content/Functions/Engine_MaterialFunctions01/Shading/PowerToRoughness.uasset" 366
"../../../Engine/Content/Functions/Engine_MaterialFunctions01/Shading/ConvertFromDiffSpec.uasset" 367
"../../../Engine/Content/EngineMaterials/WorldGridMaterial.uasset" 368
"../../../Engine/Content/Functions/Engine_MaterialFunctions01/Opacity/CameraDepthFade.uasset" 369
"../../../Engine/Content/EngineMaterials/T_Default_Material_Grid_M.uasset" 370
"../../../Engine/Content/EngineMaterials/T_Default_Material_Grid_N.uasset" 371
"../../../Engine/Content/EngineMaterials/DefaultDeferredDecalMaterial.uasset" 372
"../../../Engine/Content/EngineMaterials/DefaultDiffuse.uasset" 373
"../../../Engine/Content/EngineMaterials/DefaultLightFunctionMaterial.uasset" 374
"../../../Engine/Content/EngineMaterials/DefaultPostProcessMaterial.uasset" 375
"../../../Engine/Content/Functions/Engine_MaterialFunctions02/Utility/BreakOutFloat2Components.uasset" 376
"../../../Engine/Content/EngineResources/DefaultTexture.uasset" 377
"../../../Engine/Content/EngineMaterials/Widget3DPassThrough_Translucent_OneSided.uasset" 378
"../../../Engine/Content/EngineMaterials/Widget3DPassThrough_Opaque.uasset" 379
"../../../Engine/Content/EngineMaterials/Widget3DPassThrough_Opaque_OneSided.uasset" 380
"../../../Engine/Content/EngineMaterials/Widget3DPassThrough_Masked.uasset" 381
"../../../Engine/Content/EngineMaterials/Widget3DPassThrough_Masked_OneSided.uasset" 382
"../../../Engine/Content/EditorResources/S_Actor.uasset" 383
"H:/Unreal Projects/mactest/Saved/Config/Windows/TemplateDefs.ini" 384
"../../../../../../Unreal Projects/mactest/Intermediate/Config/CoalescedSourceConfigs/TemplateDefs.ini" 385
"H:/Unreal Projects/mactest/Saved/Config/Windows/GameplayTags.ini" 386
"../../../../../../Unreal Projects/mactest/Intermediate/Config/CoalescedSourceConfigs/GameplayTags.ini" 387
"../../../Engine/Content/Maps/Templates/Thumbnails/Default.uasset" 388
"../../../Engine/Content/EditorMaterials/ParticleSystems/PSysThumbnail_NoImage.uasset" 389
"../../../Engine/Content/EditorMaterials/ParticleSystems/PSysThumbnail_OOD.uasset" 390
"../../../Engine/Content/EditorLandscapeResources/DataLayer.uasset" 391
"../../../Engine/Content/EngineDamageTypes/DmgTypeBP_Environmental.uasset" 392
"..\..\..\Engine\Content\Internationalization\icudt53l\numberingSystems.res" 393
"..\..\..\Engine\Content\Internationalization\icudt53l\curr\supplementalData.res" 394
"..\..\..\Engine\Content\Internationalization\icudt53l\curr\pool.res" 395
"..\..\..\Engine\Content\Internationalization\icudt53l\curr\en.res" 396
"..\..\..\Engine\Content\Internationalization\icudt53l\curr\root.res" 397
"../../../Engine/Content/EngineMeshes/Sphere.uasset" 398
"../../../Engine/Content/EngineFonts/RobotoDistanceField.uasset" 399
"../../../Engine/Content/EngineMaterials/DefaultTextMaterialOpaque.uasset" 400
"../../../Engine/Content/EditorResources/S_Trigger.uasset" 401
"../../../Engine/Content/EngineResources/GradientTexture0.uasset" 402
"../../../Engine/Content/EngineResources/Black.uasset" 403
"../../../Engine/Content/EditorMaterials/MatineeGroups/MAT_Groups_Float.uasset" 404
"../../../Engine/Content/EditorMaterials/MatineeGroups/MAT_Groups_Director.uasset" 405
"../../../Engine/Content/EditorMaterials/MatineeGroups/MAT_Groups_Event.uasset" 406
"../../../Engine/Content/EditorMaterials/MatineeGroups/MAT_Groups_Anim.uasset" 407
"../../../Engine/Content/EditorMaterials/MatineeGroups/MAT_Groups_Fade.uasset" 408
"../../../Engine/Content/EditorMaterials/MatineeGroups/MAT_Groups_Move.uasset" 409
"../../../Engine/Content/EditorMaterials/MatineeGroups/MAT_Groups_Slomo.uasset" 410
"../../../Engine/Content/EditorMaterials/MatineeGroups/MAT_ColorTrack.uasset" 411
"../../../Engine/Content/EditorMaterials/MAT_Groups_Toggle.uasset" 412
"../../../Engine/Content/EditorMaterials/MatineeGroups/MAT_Groups_AudioMaster.uasset" 413
"../../../Engine/Content/EditorMaterials/MatineeGroups/MAT_Groups_Sound.uasset" 414
"../../../Engine/Content/EditorMaterials/MatineeGroups/MAT_Groups_Vector.uasset" 415
"../../../Engine/Content/EditorMaterials/MAT_Groups_Visibility.uasset" 416
"../../../Engine/Content/EngineResources/DefaultTextureCube.uasset" 417
"../../../Engine/Content/EngineSounds/Master.uasset" 418
"../../../Engine/Content/EngineSounds/Music.uasset" 419
"../../../Engine/Content/EngineSounds/SFX.uasset" 420
"../../../Engine/Content/EngineSounds/Normal_Attack.uasset" 421
"../../../Engine/Content/EngineSounds/Special_Attack_PSM.uasset" 422
"../../../Engine/Content/EngineSounds/Duck_Normal_Attack_MixMod.uasset" 423
"../../../Engine/Content/EngineSounds/Voice.uasset" 424
"../../../Engine/Content/EngineMeshes/Cylinder.uasset" 425
"../../../Engine/Content/EngineMaterials/DefaultMaterial.uasset" 426
"../../../Engine/Content/EngineTireTypes/DefaultTireType.uasset" 427
"../../../Engine/Content/Editor/Slate/Fonts/FontAwesome.ttf" 428
"../../../Engine/Content/Editor/Slate/Fonts/DroidSansMono.ttf" 429
"../../../Engine/Content/Editor/Slate/Fonts/Roboto-BoldCondensed.ttf" 430
"../../../Engine/Content/Editor/Slate/Fonts/Roboto-Black.ttf" 431
"../../../Engine/Content/Editor/Slate/Fonts/Roboto-Italic.ttf" 432
"../../../Engine/Content/Editor/Slate/Fonts/Roboto-BoldCondensedItalic.ttf" 433
"..\..\..\Engine\Content\Internationalization\icudt53l\coll\ucadata.icu" 434
"..\..\..\Engine\Content\Internationalization\icudt53l\nfc.nrm" 435
"..\..\..\Engine\Content\Internationalization\icudt53l\coll\en_US.res" 436
"..\..\..\Engine\Content\Internationalization\icudt53l\coll\en.res" 437
"..\..\..\Engine\Content\Internationalization\icudt53l\coll\root.res" 438
"../../../Engine/Content/EngineResources/AICON-Red.uasset" 439
"../../../Engine/Content/EngineResources/AICON-Green.uasset" 440
"../../../Engine/Content/Tutorial/Basics/LevelEditorAttract.uasset" 441
"../../../Engine/Content/Tutorial/Basics/LevelEditorOverview.uasset" 442
"../../../Engine/Content/Tutorial/Basics/TutorialAssets/icon_tab_Levels_40x.uasset" 443
"../../../Engine/Content/Tutorial/Basics/FeaturePacks.uasset" 444
"../../../Engine/Content/Tutorial/Basics/ContentBrowserOverview.uasset" 445
"../../../Engine/Content/Tutorial/Basics/ViewportsTutorial.uasset" 446
"../../../Engine/Content/Tutorial/Basics/TutorialAssets/CameraActor_64x.uasset" 447
"../../../Engine/Content/Tutorial/InWorldBlueprintEditing/IWBE_Tutorial.uasset" 448
"../../../Engine/Content/Tutorial/BlueprintTutorials/TutorialAssets/Blueprint_64x.uasset" 449
"../../../Engine/Content/Tutorial/InWorldBlueprintEditing/TutorialAssets/IWBE_Bridge1.uasset" 450
"../../../Engine/Content/Tutorial/InWorldBlueprintEditing/IWBE_Tutorial_Part3.uasset" 451
"../../../Engine/Content/Tutorial/InWorldBlueprintEditing/IWBE_Tutorial_Part2.uasset" 452
"../../../Engine/Content/Tutorial/InWorldBlueprintEditing/TutorialAssets/IWBE_Bridge2.uasset" 453
"../../../Engine/Content/Tutorial/BlueprintTutorials/BlueprintEditorTutorial.uasset" 454
"../../../Engine/Content/Tutorial/BlueprintTutorials/LevelBlueprintEditorOverview.uasset" 455
"../../../Engine/Content/Tutorial/BlueprintTutorials/ClassBlueprintsEditorOverview.uasset" 456
"../../../Engine/Content/Tutorial/BlueprintTutorials/BlueprintMacroLibrariesEditorOverview.uasset" 457
"../../../Engine/Content/Tutorial/BlueprintTutorials/TutorialAssets/BlueprintMacroLibrary_64x.uasset" 458
"../../../Engine/Content/Tutorial/BlueprintTutorials/BlueprintInterfacesEditorOverview.uasset" 459
"../../../Engine/Content/Tutorial/BlueprintTutorials/TutorialAssets/BlueprintInterface_64x.uasset" 460
"../../../Engine/Content/Tutorial/Code/AddingCode.uasset" 461
"../../../Engine/Content/Tutorial/Landscape/LandscapeWalkThrough.uasset" 462
"../../../Engine/Content/Tutorial/Landscape/TutorialAssets/Landscape.uasset" 463
"../../../Engine/Content/Tutorial/Landscape/Landscape_Manage_Mode.uasset" 464
"../../../Engine/Content/Tutorial/Landscape/Landscape_Sculpt_Mode.uasset" 465
"../../../Engine/Content/Tutorial/Landscape/Landscape_Painting_Mode.uasset" 466
"../../../Engine/Content/Tutorial/SubEditors/StaticMeshEditorTutorial.uasset" 467
"../../../Engine/Content/Tutorial/ContentIntroCurve.uasset" 468
"../../../Engine/Plugins/2D/Paper2D/Content/MaskedUnlitSpriteMaterial.uasset" 469
"../../../Engine/Plugins/2D/Paper2D/Content/DefaultSpriteMaterial.uasset" 470
"../../../Engine/Plugins/2D/Paper2D/Content/PlaceholderTextures/DummySpriteTexture.uasset" 471
"../../../Engine/Plugins/2D/Paper2D/Content/OpaqueUnlitSpriteMaterial.uasset" 472
"../../../Engine/Plugins/2D/Paper2D/Content/DefaultPaperTerrainMaterial.uasset" 473
"../../../Engine/Plugins/2D/Paper2D/Content/DummySprite.uasset" 474
"../../../Engine/Plugins/2D/Paper2D/Content/DummySpriteTexture.uasset" 475
"C:/Users/Ben/AppData/Local/UnrealEngine/4.10/Saved/Config/Windows/SourceControlSettings.ini" 476
"../../../../../../Unreal Projects/mactest/Intermediate/Config/CoalescedSourceConfigs/SourceControlSettings.ini" 477
"H:/Unreal Projects/mactest/Saved/Config/Windows/SourceControlSettings.ini" 478
"../../../Engine/Plugins/Runtime/LeapMotionController/Content/LM_CapsuleMesh.uasset" 479
"../../../Engine/Plugins/Runtime/LeapMotionController/Content/LM_TorusMesh.uasset" 480
"../../../Engine/Plugins/Runtime/LeapMotionController/Content/LM_HandColor.uasset" 481
"../../../Engine/Plugins/Runtime/LeapMotionController/Content/LM_PassthroughMaterial.uasset" 482
"../../../Engine/Plugins/Runtime/LeapMotionController/Content/LM_SampleDistortion.uasset" 483
"../../../Engine/Plugins/Runtime/LeapMotionController/Content/LM_TestTexture.uasset" 484
"../../../Engine/Content/BasicShapes/Cube.uasset" 485
"../../../Engine/Content/EngineMaterials/RemoveSurfaceMaterial.uasset" 486
"../../../Engine/Content/EngineDebugMaterials/DebugMeshMaterial.uasset" 487
"../../../Engine/Content/EngineMaterials/M_InvalidLightmapSettings.uasset" 488
"../../../Engine/Content/EngineMaterials/InvalidLightmapSettings.uasset" 489
"../../../Engine/Content/EditorMaterials/GizmoMaterial.uasset" 490
"../../../Engine/Content/EngineMaterials/Good64x64TilingNoiseHighFreq.uasset" 491
"../../../Engine/Content/EngineMaterials/DefaultBokeh.uasset" 492
"../../../Engine/Content/EngineMaterials/PreintegratedSkinBRDF.uasset" 493
"../../../Engine/Content/EngineMaterials/MiniFont.uasset" 494
"../../../Engine/Content/EngineMaterials/WeightMapPlaceholderTexture.uasset" 495
"../../../Engine/Content/EngineMaterials/DefaultWhiteGrid.uasset" 496
"../../../Engine/Content/EngineMaterials/DefaultPhysicalMaterial.uasset" 497
"../../../Engine/Content/EngineFonts/RobotoTiny.uasset" 498
"C:/Users/Ben/AppData/Local/UnrealEngine/4.10/Saved/AutoLoadProject.txt" 499
"../../../../../../Unreal Projects/mactest/Intermediate/CachedAssetRegistry.bin" 500
"../../../Engine/Config/HTML5/HTML5Engine.ini" 501
"../../../Engine/Content/MobileResources/HUD/VirtualJoystick_Thumb.uasset" 502
"../../../../../../Unreal Projects/mactest/Content/SurvivalGameInstance.uasset" 503
"../../../../../../Unreal Projects/mactest/Content/Character/FirstPersonGameMode.uasset" 504
"../../../../../../Unreal Projects/mactest/Content/Character/FirstPersonCharacter.uasset" 505
"../../../../../../Unreal Projects/mactest/Content/FirstPerson/Animations/FirstPerson_AnimBP.uasset" 506
"../../../../../../Unreal Projects/mactest/Content/FirstPerson/Animations/FirstPerson_Idle.uasset" 507
"../../../../../../Unreal Projects/mactest/Content/FirstPerson/Character/Mesh/SK_Mannequin_Arms_Skeleton.uasset" 508
"../../../../../../Unreal Projects/mactest/Content/FirstPerson/Animations/FirstPerson_JumpEnd.uasset" 509
"../../../../../../Unreal Projects/mactest/Content/FirstPerson/Animations/FirstPerson_JumpLoop.uasset" 510
"../../../../../../Unreal Projects/mactest/Content/FirstPerson/Animations/FirstPerson_JumpStart.uasset" 511
"../../../../../../Unreal Projects/mactest/Content/FirstPerson/Animations/FirstPerson_Run.uasset" 512
"../../../Engine/Content/EditorBlueprintResources/StandardMacros.uasset" 513
"../../../../../../Unreal Projects/mactest/Content/BaseActors/PickupItem.uasset" 514
"../../../../../../Unreal Projects/mactest/Content/BaseActors/ProcessStructure.uasset" 515
"../../../../../../Unreal Projects/mactest/Content/InteractionCommandEnum.uasset" 516
"../../../../../../Unreal Projects/mactest/Content/ActorInfo.uasset" 517
"../../../../../../Unreal Projects/mactest/Content/Inventory/ItemGroupEnum.uasset" 518
"../../../Engine/Content/BasicShapes/Sphere.uasset" 519
"../../../../../../Unreal Projects/mactest/Content/Character/SurvivalStats.uasset" 520
"../../../../../../Unreal Projects/mactest/Content/Processing/Processor.uasset" 521
"../../../../../../Unreal Projects/mactest/Content/Inventory/Inventory.uasset" 522
"../../../../../../Unreal Projects/mactest/Content/Processing/ProcessTimer.uasset" 523
"../../../../../../Unreal Projects/mactest/Content/Processing/Process.uasset" 524
"../../../../../../Unreal Projects/mactest/Content/Inventory/InventoryComponent.uasset" 525
"../../../../../../Unreal Projects/mactest/Content/Inventory/InventoryView.uasset" 526
"../../../../../../Unreal Projects/mactest/Content/Character/SurvivalPlayerController.uasset" 527
"../../../../../../Unreal Projects/mactest/Content/Inventory/ItemSlot.uasset" 528
"../../../../../../Unreal Projects/mactest/Content/Inventory/ItemStack.uasset" 529
"../../../../../../Unreal Projects/mactest/Content/Inventory/ItemUsage.uasset" 530
"../../../../../../Unreal Projects/mactest/Content/Inventory/ItemSlotView.uasset" 531
"../../../../../../Unreal Projects/mactest/Content/Inventory/DragItemSlot.uasset" 532
"../../../../../../Unreal Projects/mactest/Content/Inventory/ItemSlotAdvancedDropView.uasset" 533
"../../../../../../Unreal Projects/mactest/Content/Inventory/ItemStruct.uasset" 534
"../../../../../../Unreal Projects/mactest/Content/Processing/ProcessNode.uasset" 535
"../../../../../../Unreal Projects/mactest/Content/Items/ResourceActor.uasset" 536
"../../../../../../Unreal Projects/mactest/Content/Items/PickupItem.uasset" 537
"../../../../../../Unreal Projects/mactest/Content/Processing/ProcessWrapper.uasset" 538
"../../../../../../Unreal Projects/mactest/Content/FirstPerson/FPWeapon/Mesh/SK_FPGun.uasset" 539
"../../../../../../Unreal Projects/mactest/Content/FirstPerson/FPWeapon/Materials/M_FPGun.uasset" 540
"../../../Engine/Content/Functions/Engine_MaterialFunctions02/Utility/BlendAngleCorrectedNormals.uasset" 541
"../../../Engine/Content/Functions/MaterialLayerFunctions/MatLayerBlend_NormalBlend.uasset" 542
"../../../Engine/Content/Functions/MaterialLayerFunctions/MatLayerBlend_Simple.uasset" 543
"../../../../../../Unreal Projects/mactest/Content/FirstPerson/FPWeapon/Materials/MaterialLayers/ML_GlossyBlack_Latex_UE4.uasset" 544
"../../../../../../Unreal Projects/mactest/Content/FirstPerson/FPWeapon/Materials/MaterialLayers/T_ML_Rubber_Blue_01_D.uasset" 545
"../../../../../../Unreal Projects/mactest/Content/FirstPerson/FPWeapon/Materials/MaterialLayers/T_ML_Rubber_Blue_01_N.uasset" 546
"../../../../../../Unreal Projects/mactest/Content/FirstPerson/FPWeapon/Materials/MaterialLayers/ML_Plastic_Shiny_Beige.uasset" 547
"../../../../../../Unreal Projects/mactest/Content/FirstPerson/FPWeapon/Materials/MaterialLayers/ML_Screen.uasset" 548
"../../../../../../Unreal Projects/mactest/Content/FirstPerson/FPWeapon/Materials/MaterialLayers/ML_SoftMetal_UE4.uasset" 549
"../../../../../../Unreal Projects/mactest/Content/FirstPerson/FPWeapon/Materials/MaterialLayers/T_ML_Aluminum01.uasset" 550
"../../../../../../Unreal Projects/mactest/Content/FirstPerson/FPWeapon/Materials/MaterialLayers/T_ML_Aluminum01_N.uasset" 551
"../../../../../../Unreal Projects/mactest/Content/FirstPerson/FPWeapon/Textures/T_FPGun_M.uasset" 552
"../../../../../../Unreal Projects/mactest/Content/FirstPerson/FPWeapon/Textures/T_FPGun_N.uasset" 553
"../../../../../../Unreal Projects/mactest/Content/FirstPerson/FPWeapon/Mesh/SK_FPGun_Skeleton.uasset" 554
"../../../../../../Unreal Projects/mactest/Content/FirstPerson/Character/Mesh/SK_Mannequin_Arms.uasset" 555
"../../../../../../Unreal Projects/mactest/Content/FirstPerson/Character/Materials/M_UE4Man_Body.uasset" 556
"../../../../../../Unreal Projects/mactest/Content/FirstPerson/Character/Materials/MaterialLayers/ML_GlossyBlack_Latex_UE4.uasset" 557
"../../../../../../Unreal Projects/mactest/Content/FirstPerson/Character/Materials/MaterialLayers/T_ML_Rubber_Blue_01_D.uasset" 558
"../../../../../../Unreal Projects/mactest/Content/FirstPerson/Character/Materials/MaterialLayers/T_ML_Rubber_Blue_01_N.uasset" 559
"../../../../../../Unreal Projects/mactest/Content/FirstPerson/Character/Materials/MaterialLayers/ML_Plastic_Shiny_Beige.uasset" 560
"../../../../../../Unreal Projects/mactest/Content/FirstPerson/Character/Materials/MaterialLayers/ML_Plastic_Shiny_Beige_LOGO.uasset" 561
"../../../../../../Unreal Projects/mactest/Content/FirstPerson/Character/Textures/UE4_LOGO_CARD.uasset" 562
"../../../../../../Unreal Projects/mactest/Content/FirstPerson/Character/Materials/MaterialLayers/ML_SoftMetal_UE4.uasset" 563
"../../../../../../Unreal Projects/mactest/Content/FirstPerson/Character/Materials/MaterialLayers/T_ML_Aluminum01.uasset" 564
"../../../../../../Unreal Projects/mactest/Content/FirstPerson/Character/Materials/MaterialLayers/T_ML_Aluminum01_N.uasset" 565
"../../../../../../Unreal Projects/mactest/Content/FirstPerson/Character/Textures/UE4_Mannequin__normals.uasset" 566
"../../../../../../Unreal Projects/mactest/Content/FirstPerson/Character/Textures/UE4_Mannequin_MAT_MASKA.uasset" 567
"../../../../../../Unreal Projects/mactest/Content/FirstPerson/Character/Mesh/SK_Mannequin_Arms_PhysicsAsset.uasset" 568
"../../../Engine/Content/BasicShapes/Cone.uasset" 569
"../../../../../../Unreal Projects/mactest/Content/BuildModeActor.uasset" 570
"../../../../../../Unreal Projects/mactest/Content/Materials/RedPulse.uasset" 571
"../../../Engine/Content/Functions/Engine_MaterialFunctions02/Utility/LinearSine.uasset" 572
"../../../../../../Unreal Projects/mactest/Content/Materials/WhitePulse.uasset" 573
"../../../Engine/Content/EngineMeshes/Cube.uasset" 574
"../../../../../../Unreal Projects/mactest/Content/Character/PlayerMainHUD.uasset" 575
"../../../../../../Unreal Projects/mactest/Content/Character/PlayerMainWindows.uasset" 576
"../../../../../../Unreal Projects/mactest/Content/Character/ActorInfoView.uasset" 577
"../../../../../../Unreal Projects/mactest/Content/Character/SurvivalView.uasset" 578
"../../../../../../Unreal Projects/mactest/Content/Interactive.uasset" 579
"../../../../../../Unreal Projects/mactest/Content/Character/PlayerInventoryView.uasset" 580
"../../../../../../Unreal Projects/mactest/Content/Processing/ProcessorView.uasset" 581
"../../../../../../Unreal Projects/mactest/Content/InteractionMainWidget.uasset" 582
"../../../../../../Unreal Projects/mactest/Content/Processing/ProcessView.uasset" 583
"../../../Engine/Content/BasicShapes/Cylinder.uasset" 584
"../../../../../../Unreal Projects/mactest/Content/Items/Factory.uasset" 585
"../../../../../../Unreal Projects/mactest/Content/Structures/Factory.uasset" 586
"../../../../../../Unreal Projects/mactest/Content/Processes/BuildHeatingElement.uasset" 587
"../../../../../../Unreal Projects/mactest/Content/Items/HeatingElement.uasset" 588
"../../../Engine/Content/MapTemplates/Materials/BasicAsset01.uasset" 589
"../../../../../../Unreal Projects/mactest/Content/Items/Ni-Cr.uasset" 590
"../../../Engine/Content/MapTemplates/Materials/BasicAsset03.uasset" 591
"../../../../../../Unreal Projects/mactest/Content/Processes/BuildHydroponicsCrate.uasset" 592
"../../../../../../Unreal Projects/mactest/Content/Items/Fe.uasset" 593
"../../../../../../Unreal Projects/mactest/Content/Items/HydroponicsCrate.uasset" 594
"../../../../../../Unreal Projects/mactest/Content/Structures/HydroponicsCrate.uasset" 595
"../../../../../../Unreal Projects/mactest/Content/Processes/GrowPotatoes.uasset" 596
"../../../../../../Unreal Projects/mactest/Content/Items/H2O.uasset" 597
"../../../../../../Unreal Projects/mactest/Content/BaseActors/UsableItem.uasset" 598
"../../../../../../Unreal Projects/mactest/Content/ItemUsage/Injest.uasset" 599
"../../../../../../Unreal Projects/mactest/Content/Materials/Ice.uasset" 600
"../../../../../../Unreal Projects/mactest/Content/Items/Potato.uasset" 601
"../../../../../../Unreal Projects/mactest/Content/Materials/Potato.uasset" 602
"../../../../../../Unreal Projects/mactest/Content/Processes/BuildWaterHeater.uasset" 603
"../../../../../../Unreal Projects/mactest/Content/Items/WaterHeater.uasset" 604
"../../../../../../Unreal Projects/mactest/Content/Structures/WaterHeater.uasset" 605
"../../../../../../Unreal Projects/mactest/Content/Processes/MeltIce.uasset" 606
"../../../../../../Unreal Projects/mactest/Content/Items/Ice.uasset" 607
"../../../../../../Unreal Projects/mactest/Content/Items/IceExtractor.uasset" 608
"../../../../../../Unreal Projects/mactest/Content/Structures/IceExtractor.uasset" 609
"../../../../../../Unreal Projects/mactest/Content/BaseActors/MiningStructure.uasset" 610
"../../../../../../Unreal Projects/mactest/Content/BaseActors/Deposit.uasset" 611
"../../../../../../Unreal Projects/mactest/Content/Processing/DepositView.uasset" 612
"../../../../../../Unreal Projects/mactest/Content/Processing/Miner.uasset" 613
"../../../../../../Unreal Projects/mactest/Content/Processing/FoundDeposit.uasset" 614
"../../../../../../Unreal Projects/mactest/Content/Processes/ExtractIce.uasset" 615
"../../../../../../Unreal Projects/mactest/Content/Deposits/IceDeposit.uasset" 616
"../../../../../../Unreal Projects/mactest/Content/Processing/Mine.uasset" 617
"../../../../../../Unreal Projects/mactest/Content/Items/MiningDrill.uasset" 618
"../../../../../../Unreal Projects/mactest/Content/Structures/MiningDrill.uasset" 619
"../../../../../../Unreal Projects/mactest/Content/Processes/MineChromite.uasset" 620
"../../../../../../Unreal Projects/mactest/Content/Deposits/ChromiteDeposit.uasset" 621
"../../../../../../Unreal Projects/mactest/Content/Items/Chromite.uasset" 622
"../../../Engine/Content/MapTemplates/Materials/BasicAsset02.uasset" 623
"../../../../../../Unreal Projects/mactest/Content/Geometry/Meshes/1M_Cube.uasset" 624
"../../../../../../Unreal Projects/mactest/Content/Geometry/Meshes/CubeMaterial.uasset" 625
"../../../../../../Unreal Projects/mactest/Content/Processes/MinePentlandite.uasset" 626
"../../../../../../Unreal Projects/mactest/Content/Deposits/PentlanditeDeposit.uasset" 627
"../../../../../../Unreal Projects/mactest/Content/Items/Pentlandite.uasset" 628
"../../../../../../Unreal Projects/mactest/Content/Items/O2.uasset" 629
"../../../../../../Unreal Projects/mactest/Content/Materials/O2.uasset" 630
"../../../../../../Unreal Projects/mactest/Content/Items/Reactor.uasset" 631
"../../../../../../Unreal Projects/mactest/Content/Structures/Reactor.uasset" 632
"../../../../../../Unreal Projects/mactest/Content/Processes/ElectrolyzeWater.uasset" 633
"../../../../../../Unreal Projects/mactest/Content/Items/H2.uasset" 634
"../../../../../../Unreal Projects/mactest/Content/Materials/H2.uasset" 635
"../../../../../../Unreal Projects/mactest/Content/Items/Refinery.uasset" 636
"../../../../../../Unreal Projects/mactest/Content/Structures/Refinery.uasset" 637
"../../../../../../Unreal Projects/mactest/Content/Processes/RefineChromite.uasset" 638
"../../../../../../Unreal Projects/mactest/Content/Items/Cr.uasset" 639
"../../../../../../Unreal Projects/mactest/Content/Processes/RefinePentlandite.uasset" 640
"../../../../../../Unreal Projects/mactest/Content/Items/Ni.uasset" 641
"../../../../../../Unreal Projects/mactest/Content/Items/Smelter.uasset" 642
"../../../../../../Unreal Projects/mactest/Content/Structures/Smelter.uasset" 643
"../../../../../../Unreal Projects/mactest/Content/Processes/SmeltNichrome.uasset" 644
"C:/Users/Ben/AppData/Local/UnrealEngine/Common/DerivedDataCache/5/9/4/MATSM_984AFA3849534FAA8491540B994BD32E_PCD3D_SM5_3__BC5N_DEV_SL_NODBUF6EAB562A__D365D669A2BD1B78668168C871B9472E05392D94.udd" 645
"C:/Users/Ben/AppData/Local/UnrealEngine/Common/DerivedDataCache/4/5/5/MATSM_984AFA3849534FAA8491540B994BD32E_PCD3D_SM4_3__BC5N_DEV_SL_NODBUF6EAB562A__5560A10B87CBBDF990E6C5312CBA3118E230A707.udd" 646
"C:/Users/Ben/AppData/Local/UnrealEngine/Common/DerivedDataCache/0/3/1/MATSM_984AFA3849534FAA8491540B994BD32E_PCD3D_SM5_3__BC5N_DEV_SL_NODBUF6A5D6636__1AE55AFB255C4F2A3F3568A8E45273E2E9982F7D.udd" 647
"C:/Users/Ben/AppData/Local/UnrealEngine/Common/DerivedDataCache/9/3/9/MATSM_984AFA3849534FAA8491540B994BD32E_PCD3D_SM4_3__BC5N_DEV_SL_NODBUF6A5D6636__A31D7A81AB20F6C6E69ADBB43B0853581B4751DD.udd" 648
"C:/Users/Ben/AppData/Local/UnrealEngine/Common/DerivedDataCache/9/0/8/MATSM_984AFA3849534FAA8491540B994BD32E_PCD3D_SM5_3__BC5N_DEV_SL_NODBUF258E0C93__99E118119AD21DC128AD1F1379037FFBDEE7C1AA.udd" 649
"C:/Users/Ben/AppData/Local/UnrealEngine/Common/DerivedDataCache/1/1/3/MATSM_984AFA3849534FAA8491540B994BD32E_PCD3D_SM4_3__BC5N_DEV_SL_NODBUF258E0C93__0AF5DAFBF9A0199C40985B3B5D957105B3019E2A.udd" 650
"C:/Users/Ben/AppData/Local/UnrealEngine/Common/DerivedDataCache/1/4/6/MATSM_984AFA3849534FAA8491540B994BD32E_PCD3D_SM5_3__BC5N_DEV_SL_NODBUF532FB97F__ADC5F622E0130900604C2F5F0E25AE8A2482F45C.udd" 651
"C:/Users/Ben/AppData/Local/UnrealEngine/Common/DerivedDataCache/8/6/4/MATSM_984AFA3849534FAA8491540B994BD32E_PCD3D_SM4_3__BC5N_DEV_SL_NODBUF532FB97F__C2B6B88A94C1E0014042069910DA1CB446BCBF5C.udd" 652
"C:/Users/Ben/AppData/Local/UnrealEngine/Common/DerivedDataCache/4/6/3/MATSM_984AFA3849534FAA8491540B994BD32E_PCD3D_SM5_3__BC5N_DEV_SL_NODBUF232E5BF9__425BDD43DF06BC4E7941C39B354219B1A518C962.udd" 653
"C:/Users/Ben/AppData/Local/UnrealEngine/Common/DerivedDataCache/7/2/0/MATSM_984AFA3849534FAA8491540B994BD32E_PCD3D_SM4_3__BC5N_DEV_SL_NODBUF232E5BF9__D5A3F28BA9B85D7C3DB6BCA76C190647901719BB.udd" 654
"C:/Users/Ben/AppData/Local/UnrealEngine/Common/DerivedDataCache/8/0/6/MATSM_984AFA3849534FAA8491540B994BD32E_PCD3D_SM5_3__BC5N_DEV_SL_NODBUF30ACB386__55562C3933D9C459B7182CA31FC5B340C5554583.udd" 655
"C:/Users/Ben/AppData/Local/UnrealEngine/Common/DerivedDataCache/2/2/5/MATSM_984AFA3849534FAA8491540B994BD32E_PCD3D_SM4_3__BC5N_DEV_SL_NODBUF30ACB386__D64019CA5B34D3F2E69C119B775240744B51A85F.udd" 656
"../../../Engine/Content/EditorResources/BSPVertex.uasset" 657
"../../../Engine/Content/EngineDebugMaterials/GeomMaterial.uasset" 658
"../../../Engine/Content/EngineDebugMaterials/BoneWeightMaterial.uasset" 659
"../../../Engine/Content/EngineDebugMaterials/HeatmapGradient.uasset" 660
"../../../Engine/Content/EditorMaterials/PhAT_JointLimitMaterial.uasset" 661
"../../../Engine/Content/EditorMaterials/PreviewShadowIndicatorMaterial.uasset" 662
"../../../Engine/Content/EditorMaterials/PreviewShadowIndicator.uasset" 663
"../../../Engine/Content/EngineMaterials/EditorBrushMaterial.uasset" 664
"../../../Engine/Content/EditorMeshes/ColorCalibrator/SM_ColorCalibrator.uasset" 665
"../../../Engine/Content/EditorMeshes/ColorCalibrator/M_ChromeBall.uasset" 666
"../../../Engine/Content/EditorMeshes/ColorCalibrator/M_ClearCoat.uasset" 667
"../../../Engine/Content/EditorMeshes/ColorCalibrator/M_ClearCoatBlack.uasset" 668
"../../../Engine/Content/EditorMeshes/ColorCalibrator/M_ColorGrid.uasset" 669
"../../../Engine/Content/EditorMeshes/ColorCalibrator/T_ColorGrid.uasset" 670
"../../../Engine/Content/EditorMeshes/ColorCalibrator/M_GreyBall.uasset" 671
"../../../Engine/Content/MobileResources/HUD/DefaultVirtualJoysticks.uasset" 672
"../../../Engine/Content/MobileResources/HUD/VirtualJoystick_Background.uasset" 673
"../../../Engine/Content/Tutorial/SubEditors/TutorialAssets/icon_Editor_Preferences_General_40x.uasset" 674
"../../../Engine/Content/Tutorial/Paper2D/TutorialAssets/Paper2DSprite_TutorialIcon.uasset" 675
"../../../Engine/Content/Tutorial/SubEditors/TutorialAssets/icon_ShowSkeletalMeshes_40x.uasset" 676
"../../../Engine/Content/Tutorial/Foliage/TutorialAssets/Foliage.uasset" 677
"../../../Engine/Content/Tutorial/SubEditors/DestructibleMeshEditorTutorial.uasset" 678
"../../../Engine/Content/Tutorial/SubEditors/TutorialAssets/Tutorial_DM.uasset" 679
"../../../Engine/Content/EditorMeshes/EditorCube.uasset" 680
"../../../Engine/Content/Tutorial/SubEditors/MaterialEditorTutorial.uasset" 681
"../../../Engine/Content/Tutorial/SubEditors/TutorialAssets/TutorialMaterial.uasset" 682
"../../../Engine/Content/Tutorial/SubEditors/ParticleSystemEditorTutorial.uasset" 683
"../../../Engine/Content/Tutorial/SubEditors/TutorialAssets/TutorialParticleSystem.uasset" 684
"../../../Engine/Content/Tutorial/SubEditors/TutorialAssets/M_smoke_subUV_blackbody.uasset" 685
"../../../Engine/Content/Tutorial/SubEditors/TutorialAssets/T_SmokeSubUV_8X8.uasset" 686
"../../../Engine/Content/Tutorial/SubEditors/TutorialAssets/T_soft_smoke.uasset" 687
"../../../Engine/Content/Tutorial/SubEditors/PersonaAnimEditorWalkThrough.uasset" 688
"../../../Engine/Content/Tutorial/SubEditors/TutorialAssets/Character/NewBlendSpace1D.uasset" 689
"../../../Engine/Content/Tutorial/SubEditors/TutorialAssets/Character/Tutorial_Idle.uasset" 690
"../../../Engine/Content/Tutorial/SubEditors/TutorialAssets/Character/TutorialTPP_Skeleton.uasset" 691
"../../../Engine/Content/Tutorial/SubEditors/TutorialAssets/Character/Tutorial_Walk_Fwd.uasset" 692
"../../../Engine/Content/Tutorial/SubEditors/TutorialAssets/Character/TutorialTPP.uasset" 693
"../../../Engine/Content/Tutorial/SubEditors/TutorialAssets/Character/TutorialTPP_Mat.uasset" 694
"../../../Engine/Content/Tutorial/SubEditors/TutorialAssets/Character/TutorialTPP_PhysicsAsset.uasset" 695
"../../../Engine/Content/Tutorial/SubEditors/PersonaAnimBlueprintEditorWalkthrough.uasset" 696
"../../../Engine/Content/Tutorial/SubEditors/TutorialAssets/Character/TutorialTPP_AnimBlueprint.uasset" 697
"../../../Engine/Content/Tutorial/SubEditors/TutorialAssets/Character/TutorialCharacter.uasset" 698
"../../../Engine/Content/Tutorial/Paper2D/SpriteEditorTutorial.uasset" 699
"../../../Engine/Content/Tutorial/Paper2D/FlipbookEditorTutorial.uasset" 700
"../../../Engine/Content/Tutorial/Paper2D/TutorialAssets/Paper2DFlipbook_TutorialIcon.uasset" 701
"../../../Engine/Content/Tutorial/Foliage/Foliage_Intro_Tutorial.uasset" 702
"../../../Engine/Content/Tutorial/Foliage/Foliage_Using_The_Tool_Tutorial.uasset" 703
"../../../Engine/Content/Tutorial/Foliage/Foliage_Settings_Tutorial.uasset" 704
"../../../Engine/Content/Tutorial/BlueprintTutorials/TutorialAssets/Tutorial_BP_Class.uasset" 705
"../../../Engine/Content/EditorBlueprintResources/ActorMacros.uasset" 706
"../../../Engine/Content/Tutorial/BlueprintTutorials/TutorialAssets/Tutorial_BP_MacroLib.uasset" 707
"../../../Engine/Content/Tutorial/BlueprintTutorials/TutorialAssets/Tutorial_BP_Interface.uasset" 708
"../../../Engine/Content/MobileResources/HUD/MobileHUDDirectionStick.uasset" 709
"../../../Engine/Content/MobileResources/HUD/MobileHUDDirectionPad.uasset" 710
"../../../Engine/Content/MobileResources/HUD/LeftVirtualJoystickOnly.uasset" 711
"../../../Engine/Content/MobileResources/HUD/AnalogHat.uasset" 712
"../../../Engine/Content/Maps/Entry.umap" 713
"../../../Engine/Content/EngineMaterials/DefaultNormal.uasset" 714
"../../../../../../Unreal Projects/mactest/Content/Maps/BuildTest.umap" 715
"C:/Users/Ben/AppData/Local/UnrealEngine/Common/DerivedDataCache/9/4/4/TEXTURE_814DCC3DC72143F49509781513CB9855_AUTODXT_3EC85F9A430C4FE329F622AFDDCCB__0E95913AC2EE67A9FB416EFA7E3664A81D6C05ED.udd" 716
"C:/Users/Ben/AppData/Local/UnrealEngine/Common/DerivedDataCache/9/1/0/TEXTURE_814DCC3DC72143F49509781513CB9855_DXT1_C585A7C840A5D08818602AB089456E46__55FA4FCA4C270320ACD6043C77A471F8CEFD0C4E.udd" 717
"C:/Users/Ben/AppData/Local/UnrealEngine/Common/DerivedDataCache/0/2/7/TEXTURE_814DCC3DC72143F49509781513CB9855_AUTODXT_3EC85F9A430C4FE329F622AFDDCCB__5EAAFFC06F87F1B6F33277C99FF1A1DB2A3E557D.udd" 718
"C:/Users/Ben/AppData/Local/UnrealEngine/Common/DerivedDataCache/9/5/1/TEXTURE_814DCC3DC72143F49509781513CB9855_G8_56FBD6BE4B433D885DD84E9FF3FBF1ED_0__3ABA38FEACA55D6B6A85EAC363CBFE7774E404A6.udd" 719
"C:/Users/Ben/AppData/Local/UnrealEngine/Common/DerivedDataCache/5/5/3/TEXTURE_814DCC3DC72143F49509781513CB9855_DXT1_C585A7C840A5D08818602AB089456E46__558250DAAFBC5AF26DEA2A3F22C721B9BA0EC9EB.udd" 720
"C:/Users/Ben/AppData/Local/UnrealEngine/Common/DerivedDataCache/6/0/6/TEXTURE_814DCC3DC72143F49509781513CB9855_G8_56FBD6BE4B433D885DD84E9FF3FBF1ED_0__28A2F478D06C53CE8CD5F9702434D3A00ED436CF.udd" 721
"../../../Engine/Content/EditorResources/EmptyActor.uasset" 722
"../../../../../../Unreal Projects/mactest/Content/Structures/MiningStructure_Child.uasset" 723
"../../../../../../Unreal Projects/mactest/Content/Processing/SampleProcess2.uasset" 724
"../../../../../../Unreal Projects/mactest/Content/Processing/SampleProcess.uasset" 725
"../../../../../../Unreal Projects/mactest/Content/Processes/SampleProcess.uasset" 726
"../../../../../../Unreal Projects/mactest/Content/Processing/Process_Child.uasset" 727
"../../../../../../Unreal Projects/mactest/Content/Processing/ProcessorView2.uasset" 728
"../../../../../../Unreal Projects/mactest/Content/Processing/FoundDeposits.uasset" 729
"../../../../../../Unreal Projects/mactest/Content/Processes/Nichrome.uasset" 730
"../../../../../../Unreal Projects/mactest/Content/Materials/Potatoe.uasset" 731
"../../../../../../Unreal Projects/mactest/Content/Materials/H.uasset" 732
"../../../../../../Unreal Projects/mactest/Content/Items/Water.uasset" 733
"../../../../../../Unreal Projects/mactest/Content/Items/Deposit.uasset" 734
"../../../../../../Unreal Projects/mactest/Content/Inventory/ItemList.uasset" 735
"../../../../../../Unreal Projects/mactest/Content/Inventory/HasItemsRequestParams.uasset" 736
"../../../../../../Unreal Projects/mactest/Content/Inventory/Eat.uasset" 737
"../../../../../../Unreal Projects/mactest/Content/Geometry/Meshes/TemplateFloor.uasset" 738
"../../../../../../Unreal Projects/mactest/Content/Geometry/Meshes/1M_Cube_Chamfer.uasset" 739
"../../../../../../Unreal Projects/mactest/Content/FirstPersonBP/Blueprints/FirstPersonGameMode.uasset" 740
"../../../../../../Unreal Projects/mactest/Content/FirstPersonBP/Blueprints/FirstPersonCharacter.uasset" 741
"../../../../../../Unreal Projects/mactest/Content/FirstPerson/Textures/FirstPersonCrosshair.uasset" 742
"../../../../../../Unreal Projects/mactest/Content/FirstPerson/Meshes/FirstPersonProjectileMaterial.uasset" 743
"../../../../../../Unreal Projects/mactest/Content/FirstPerson/Meshes/BaseMaterial.uasset" 744
"../../../../../../Unreal Projects/mactest/Content/FirstPerson/Meshes/CubeMaterialOverride.uasset" 745
"../../../../../../Unreal Projects/mactest/Content/Processor.uasset" 746
"../../../../../../Unreal Projects/mactest/Content/InteractionWidget.uasset" 747
"../../../../../../Unreal Projects/mactest/Content/FactoryActor.uasset" 748
"../../../../../../Unreal Projects/mactest/Content/BaseActors/Factory.uasset" 749
"../../../../../../Unreal Projects/mactest/Content/BaseActors/Structure.uasset" 750
"../../../Engine/Content/MobileResources/HUD/MobileHUDButton1_off.uasset" 751
"../../../../../../Unreal Projects/mactest/Content/Maps/ItemTest.umap" 752
"../../../Engine/Content/EngineSky/BP_Sky_Sphere.uasset" 753
"../../../Engine/Content/EngineSky/C_Sky_Cloud_Color.uasset" 754
"../../../Engine/Content/EngineSky/C_Sky_Horizon_Color.uasset" 755
"../../../Engine/Content/EngineSky/C_Sky_Zenith_Color.uasset" 756
"../../../Engine/Content/EngineSky/M_Sky_Panning_Clouds2.uasset" 757
"../../../Engine/Content/EngineSky/T_Sky_Blue.uasset" 758
"../../../Engine/Content/EngineSky/T_Sky_Clouds_M.uasset" 759
"../../../Engine/Content/EngineSky/T_Sky_Stars.uasset" 760
"../../../Engine/Content/EngineSky/SM_SkySphere.uasset" 761
"../../../Engine/Content/MapTemplates/SM_Template_Map_Floor.uasset" 762
"C:/Users/Ben/AppData/Local/UnrealEngine/Common/DerivedDataCache/4/2/1/TEXTURE_814DCC3DC72143F49509781513CB9855_AUTODXT_04535A9B42CB2879AE181EB6C7D37__DE5E3D90FA9D34FC47AE95DF96373A9A4E0D0111.udd" 763
"C:/Users/Ben/AppData/Local/UnrealEngine/Common/DerivedDataCache/1/0/4/TEXTURE_814DCC3DC72143F49509781513CB9855_AUTODXT_9D502DFF4A784911F0C4F488BC0A4__4E0BF06CB0B0277A431298CC5BF5BB62A821D279.udd" 764
"C:/Users/Ben/AppData/Local/UnrealEngine/Common/DerivedDataCache/2/8/4/TEXTURE_814DCC3DC72143F49509781513CB9855_AUTODXT_04535A9B42CB2879AE181EB6C7D37__8C52841B903672EA1AB648B08C1697593C469EAA.udd" 765
"C:/Users/Ben/AppData/Local/UnrealEngine/Common/DerivedDataCache/9/6/0/TEXTURE_814DCC3DC72143F49509781513CB9855_AUTODXT_D53DF72C4672FE17CF835391252D4__FABC547808F1D610B13922E2EABA8CAC0C898FF0.udd" 766
"C:/Users/Ben/AppData/Local/UnrealEngine/Common/DerivedDataCache/7/5/8/TEXTURE_814DCC3DC72143F49509781513CB9855_AUTODXT_9D502DFF4A784911F0C4F488BC0A4__129532D68CD6E79CF2E8B9F8AC19CBA77F4CD7C9.udd" 767
"C:/Users/Ben/AppData/Local/UnrealEngine/Common/DerivedDataCache/9/0/1/TEXTURE_814DCC3DC72143F49509781513CB9855_AUTODXT_04535A9B42CB2879AE181EB6C7D37__372E6FF0D8B6B791BE954362B8D6D4FCE50676E2.udd" 768
"C:/Users/Ben/AppData/Local/UnrealEngine/Common/DerivedDataCache/3/5/8/TEXTURE_814DCC3DC72143F49509781513CB9855_DXT1_4824F5C7432C4E25785E58AEFB4BA301__16B3FD7928669AAB32D8ACF10A90554B36F7B49A.udd" 769
"C:/Users/Ben/AppData/Local/UnrealEngine/Common/DerivedDataCache/8/9/8/TEXTURE_814DCC3DC72143F49509781513CB9855_DXT1_EF6982AA436FE160DCA014AFDDC881B5__4752756D2D5EB4DE04C0E93BEBEAF4E3FFDF669A.udd" 770
"C:/Users/Ben/AppData/Local/UnrealEngine/Common/DerivedDataCache/1/8/3/TEXTURE_814DCC3DC72143F49509781513CB9855_DXT1_916C75E0437CFA2ECB015D9089EDD9A0__C4474DAC16F126F50137FFC0EDE41C7A12D76DD6.udd" 771
"C:/Users/Ben/AppData/Local/UnrealEngine/Common/DerivedDataCache/4/0/6/TEXTURE_814DCC3DC72143F49509781513CB9855_DXT1_4824F5C7432C4E25785E58AEFB4BA301__4B204DFBEABD36FFEABDA46C1B71C035DEBFD9D4.udd" 772
"C:/Users/Ben/AppData/Local/UnrealEngine/Common/DerivedDataCache/6/3/9/TEXTURE_814DCC3DC72143F49509781513CB9855_G8_A4ECF0FB4D0E9CFCD33DC38DC1FD00ED_0__A42E96465B2DF14064ABA1068038C80CE751AD55.udd" 773
"C:/Users/Ben/AppData/Local/UnrealEngine/Common/DerivedDataCache/8/0/9/TEXTURE_814DCC3DC72143F49509781513CB9855_DXT1_EF6982AA436FE160DCA014AFDDC881B5__752CFF567F6CBCE31CEE1E4328815BC3D1BEECC5.udd" 774
"C:/Users/Ben/AppData/Local/UnrealEngine/Common/DerivedDataCache/3/6/2/TEXTURE_814DCC3DC72143F49509781513CB9855_DXT1_4824F5C7432C4E25785E58AEFB4BA301__AECD15CF2A049A4077F4E62BFFFE688BEC9BF69C.udd" 775
"C:/Users/Ben/AppData/Local/UnrealEngine/Common/DerivedDataCache/3/0/7/TEXTURE_814DCC3DC72143F49509781513CB9855_G8_A4ECF0FB4D0E9CFCD33DC38DC1FD00ED_0__AACBC728049FAAE007E9EF8612DD01BACF9AE4DF.udd" 776
"C:/Users/Ben/AppData/Local/UnrealEngine/Common/DerivedDataCache/2/4/7/TEXTURE_814DCC3DC72143F49509781513CB9855_G8_4B26E18A49CF85789D98E8B548D656DC_0__BD76B26BE9C9E390D3025DE11ED336AA6A1015C0.udd" 777
"C:/Users/Ben/AppData/Local/UnrealEngine/Common/DerivedDataCache/2/0/2/TEXTURE_814DCC3DC72143F49509781513CB9855_G8_DA3D8AFA4D98F40D3DF6AAB1E73DA39C_0__DE6E6A825CC7DB790B1E7ABEBABE7278BA5EA913.udd" 778
"C:/Users/Ben/AppData/Local/UnrealEngine/Common/DerivedDataCache/7/6/5/TEXTURE_814DCC3DC72143F49509781513CB9855_G8_A4ECF0FB4D0E9CFCD33DC38DC1FD00ED_0__44B90AE9F9AF18BADF150E3F4954B9C3A10AD069.udd" 779
"C:/Users/Ben/AppData/Local/UnrealEngine/Common/DerivedDataCache/2/5/6/TEXTURE_814DCC3DC72143F49509781513CB9855_G8_DA3D8AFA4D98F40D3DF6AAB1E73DA39C_0__F3DF7D320FED63B5E78713C93C9AA784A838D058.udd" 780
"../../../../../../Unreal Projects/mactest/Content/FirstPerson/Meshes/FirstPersonProjectileMesh.uasset" 781
"C:/Users/Ben/AppData/Local/UnrealEngine/Common/DerivedDataCache/3/6/6/PHYSX_1D9C17C451EA4FB88CB7A27536A65DB0_PHYSXPC_C418824E4EA51B7ABCD164BCEEBBFBB__02FD0742DF20FAEDB6B6FB9500594A1EDA8BE59C.udd" 782
"C:/Users/Ben/AppData/Local/UnrealEngine/Common/DerivedDataCache/8/1/6/NAVCOLLISION_B89838347A4348138EE337A847529C5C_NAVCOLLISION_X_C418824E4EA51B7AB__369545BFB03A089F176AE1871AF20CCFA46A288B.udd" 783
"../../../../../../Unreal Projects/mactest/Content/FirstPerson/Animations/FirstPersonFire_Montage.uasset" 784
"../../../../../../Unreal Projects/mactest/Content/FirstPerson/Animations/FirstPerson_Fire.uasset" 785
"../../../../../../Unreal Projects/mactest/Content/Character/SurvivalStat.uasset" 786
"../../../../../../Unreal Projects/mactest/Content/Character/SurvivalEnum.uasset" 787
"../../../../../../Unreal Projects/mactest/Content/Character/PlayerMainWindows2.uasset" 788
"../../../../../../Unreal Projects/mactest/Content/Character/InventoryHUD.uasset" 789
"../../../../../../Unreal Projects/mactest/Content/Character/ActorInfo.uasset" 790
"../../../../../../Unreal Projects/mactest/Content/BaseActors/ProcessStructure_Child.uasset" 791
"../../../../../../Unreal Projects/mactest/Content/BaseActors/PickupItem_Child.uasset" 792
"../../../../../../Unreal Projects/mactest/Content/BaseActors/MiningStructure_Child.uasset" 793
"../../../../../../Unreal Projects/mactest/Content/BaseActors/MiningDrill.uasset" 794
"../../../../../../Unreal Projects/mactest/Content/BaseActors/Factory_Child.uasset" 795
"../../../../../../Unreal Projects/mactest/Content/SampleProcess2.uasset" 796
"../../../../../../Unreal Projects/mactest/Content/SampleProcess.uasset" 797
"../../../../../../Unreal Projects/mactest/Content/ResourceActor.uasset" 798
"../../../../../../Unreal Projects/mactest/Content/Resource1.uasset" 799
"../../../Engine/Content/MobileResources/HUD/T_Castle_ThumbstickOutter.uasset" 800
"../../../Engine/Content/MobileResources/HUD/MobileHUDButton3.uasset" 801
"../../../Engine/Content/MobileResources/HUD/MobileHUDButton2_off.uasset" 802
"../../../../../../Unreal Projects/mactest/Content/FirstPerson/FPWeapon/Mesh/SK_FPGun_PhysicsAsset.uasset" 803
"../../../../../../Unreal Projects/mactest/Content/FirstPerson/Audio/FirstPersonTemplateWeaponFire02.uasset" 804
"../../../Engine/Content/MobileResources/HUD/T_Castle_ThumbstickInner.uasset" 805
"../../../Engine/Content/MobileResources/HUD/MobileHUDButtonFire.uasset" 806
"../../../Engine/Content/MobileResources/T_MobileMenu2.uasset" 807
"../../../../../../Unreal Projects/mactest/Content/FirstPerson/FPWeapon/Materials/MaterialLayers/ML_Plastic_Shiny_Beige_LOGO.uasset" 808
"../../../Engine/Content/MobileResources/HUD/MobileHUDButton2_on.uasset" 809
"../../../Engine/Content/MobileResources/T_MobileControls_texture.uasset" 810
"../../../../../../Unreal Projects/mactest/Content/FirstPerson/FPWeapon/Materials/MaterialLayers/T_ML_FineRubber.uasset" 811
"C:/Users/Ben/AppData/Local/UnrealEngine/Common/DerivedDataCache/6/2/7/TEXTURE_814DCC3DC72143F49509781513CB9855_AUTODXT_0FB5F6974A1E1974F02BDF98F97A7__A11E6ED288A5C9C5E553CE43FE45728ABBEF933A.udd" 812
"C:/Users/Ben/AppData/Local/UnrealEngine/Common/DerivedDataCache/9/8/8/TEXTURE_814DCC3DC72143F49509781513CB9855_AUTODXT_0FB5F6974A1E1974F02BDF98F97A7__BE98BA959FA50D699EF6F3DC8801CC3DD788BC4B.udd" 813
"C:/Users/Ben/AppData/Local/UnrealEngine/Common/DerivedDataCache/8/2/9/TEXTURE_814DCC3DC72143F49509781513CB9855_AUTODXT_0FB5F6974A1E1974F02BDF98F97A7__702B3488C4A8118A1FF835D4ACE6AC94E3674012.udd" 814
"C:/Users/Ben/AppData/Local/UnrealEngine/Common/DerivedDataCache/9/7/1/TEXTURE_814DCC3DC72143F49509781513CB9855_AUTODXT_0FB5F6974A1E1974F02BDF98F97A7__DE0BDD4890599A154A315ED5EACCADF407B25B03.udd" 815
"C:/Users/Ben/AppData/Local/UnrealEngine/Common/DerivedDataCache/7/7/0/TEXTURE_814DCC3DC72143F49509781513CB9855_AUTODXT_0FB5F6974A1E1974F02BDF98F97A7__345F7BA2E497068D5A9EEFC20381BFABD9602478.udd" 816
"C:/Users/Ben/AppData/Local/UnrealEngine/Common/DerivedDataCache/9/8/5/TEXTURE_814DCC3DC72143F49509781513CB9855_AUTODXT_0FB5F6974A1E1974F02BDF98F97A7__8C2D5A49FB9B8D4C79D135B7272B0836F76DC28A.udd" 817
"../../../Engine/Content/MobileResources/HUD/MobileHUDDirectionPad2.uasset" 818
"../../../Engine/Content/MobileResources/HUD/MobileHUDDirectionPad3.uasset" 819
"../../../Engine/Content/MobileResources/HUD/MobileHUDButton1_on.uasset" 820
