"../../../Engine/Content/EditorBlueprintResources/StandardMacros.uasset" 0
"../../../Engine/Content/EngineSky/C_Sky_Cloud_Color.uasset" 1
"../../../Engine/Content/EngineSky/C_Sky_Horizon_Color.uasset" 2
"../../../Engine/Content/EngineSky/C_Sky_Zenith_Color.uasset" 3
"../../../Engine/Content/EngineSky/T_Sky_Blue.uasset" 4
"../../../Engine/Content/EngineSky/T_Sky_Clouds_M.uasset" 5
"../../../Engine/Content/EngineSky/T_Sky_Stars.uasset" 6
"../../../Engine/Content/EngineSky/SM_SkySphere.uasset" 7
"../../../Engine/Content/EngineSky/M_Sky_Panning_Clouds2.uasset" 8
"../../../Engine/Content/EngineSky/BP_Sky_Sphere.uasset" 9
"../../../Engine/Content/Functions/Engine_MaterialFunctions01/Opacity/CameraDepthFade.uasset" 10
"../../../Engine/Content/EngineMaterials/T_Default_Material_Grid_M.uasset" 11
"../../../Engine/Content/EngineMaterials/T_Default_Material_Grid_N.uasset" 12
"../../../Engine/Content/EngineMaterials/WorldGridMaterial.uasset" 13
"../../../Factored/Content/StarterContent/Textures/T_MacroVariation.uasset" 14
"../../../Factored/Content/StarterContent/Materials/M_Metal_Brushed_Nickel.uasset" 15
"../../../Factored/Content/StarterContent/Textures/T_Metal_Aluminum_D.uasset" 16
"../../../Factored/Content/StarterContent/Textures/T_Metal_Gold_N.uasset" 17
"../../../Factored/Content/StarterContent/Materials/M_Metal_Burnished_Steel.uasset" 18
"../../../Factored/Content/StarterContent/Textures/T_Metal_Copper_D.uasset" 19
"../../../Factored/Content/StarterContent/Materials/M_Metal_Copper.uasset" 20
"../../../Factored/Content/StarterContent/Textures/T_Chair_M.uasset" 21
"../../../Factored/Content/StarterContent/Textures/T_Chair_N.uasset" 22
"../../../Factored/Content/StarterContent/Props/Materials/M_Chair.uasset" 23
"../../../Factored/Content/StarterContent/Textures/T_Statue_M.uasset" 24
"../../../Factored/Content/StarterContent/Textures/T_Statue_N.uasset" 25
"../../../Factored/Content/StarterContent/Props/Materials/M_StatueGlass.uasset" 26
"../../../Factored/Content/StarterContent/Materials/M_Basic_Floor.uasset" 27
"../../../Factored/Content/StarterContent/Architecture/Floor_400x400.uasset" 28
"../../../Factored/Content/StarterContent/Audio/Starter_Birds01.uasset" 29
"../../../Factored/Content/StarterContent/Audio/Starter_Wind05.uasset" 30
"../../../Factored/Content/StarterContent/Audio/Starter_Wind06.uasset" 31
"../../../Factored/Content/StarterContent/Audio/Starter_Background_Cue.uasset" 32
"../../../Factored/Content/StarterContent/Props/SM_Chair.uasset" 33
"../../../Factored/Content/StarterContent/Props/Materials/M_Statue.uasset" 34
"../../../Factored/Content/StarterContent/Props/SM_Statue.uasset" 35
"../../../Factored/Content/StarterContent/Textures/T_TableRound_M.uasset" 36
"../../../Factored/Content/StarterContent/Textures/T_TableRound_N.uasset" 37
"../../../Factored/Content/StarterContent/Props/Materials/M_TableRound.uasset" 38
"../../../Factored/Content/StarterContent/Props/SM_TableRound.uasset" 39
"../../../Factored/Content/StarterContent/Maps/Minimal_Default.umap" 40
"../../../Factored/Content/Utility/InteractionCommandEnum.uasset" 41
"../../../Factored/Content/Utility/InteractionCommand.uasset" 42
"../../../Factored/Content/Utility/ActorInfo.uasset" 43
"../../../Engine/Content/Functions/Engine_MaterialFunctions02/Utility/BlendAngleCorrectedNormals.uasset" 44
"../../../Engine/Content/Functions/MaterialLayerFunctions/MatLayerBlend_NormalBlend.uasset" 45
"../../../Engine/Content/Functions/MaterialLayerFunctions/MatLayerBlend_Simple.uasset" 46
"../../../Factored/Content/FirstPerson/Character/Materials/MaterialLayers/T_ML_Rubber_Blue_01_D.uasset" 47
"../../../Factored/Content/FirstPerson/Character/Materials/MaterialLayers/T_ML_Rubber_Blue_01_N.uasset" 48
"../../../Factored/Content/FirstPerson/Character/Materials/MaterialLayers/ML_GlossyBlack_Latex_UE4.uasset" 49
"../../../Factored/Content/FirstPerson/Character/Materials/MaterialLayers/ML_Plastic_Shiny_Beige.uasset" 50
"../../../Factored/Content/FirstPerson/Character/Textures/UE4_LOGO_CARD.uasset" 51
"../../../Factored/Content/FirstPerson/Character/Materials/MaterialLayers/ML_Plastic_Shiny_Beige_LOGO.uasset" 52
"../../../Factored/Content/FirstPerson/Character/Materials/MaterialLayers/T_ML_Aluminum01.uasset" 53
"../../../Factored/Content/FirstPerson/Character/Materials/MaterialLayers/T_ML_Aluminum01_N.uasset" 54
"../../../Factored/Content/FirstPerson/Character/Materials/MaterialLayers/ML_SoftMetal_UE4.uasset" 55
"../../../Factored/Content/FirstPerson/Character/Textures/UE4_Mannequin__normals.uasset" 56
"../../../Factored/Content/FirstPerson/Character/Textures/UE4_Mannequin_MAT_MASKA.uasset" 57
"../../../Factored/Content/FirstPerson/Character/Materials/M_UE4Man_Body.uasset" 58
"../../../Factored/Content/FirstPerson/Character/Mesh/SK_Mannequin_Arms_PhysicsAsset.uasset" 59
"../../../Factored/Content/FirstPerson/Character/Mesh/SK_Mannequin_Arms.uasset" 60
"../../../Factored/Content/FirstPerson/Character/Mesh/SK_Mannequin_Arms_Skeleton.uasset" 61
"../../../Factored/Content/FirstPerson/Animations/FirstPerson_JumpLoop.uasset" 62
"../../../Factored/Content/StarterContent/Textures/T_Concrete_Tiles_D.uasset" 63
"../../../Factored/Content/StarterContent/Textures/T_Concrete_Tiles_M.uasset" 64
"../../../Factored/Content/StarterContent/Textures/T_Concrete_Tiles_N.uasset" 65
"../../../Factored/Content/StarterContent/Textures/T_Concrete_Tiles_Variation_M.uasset" 66
"../../../Factored/Content/StarterContent/Materials/M_Concrete_Tiles.uasset" 67
"../../../Factored/Content/Geometry/Meshes/foundation.uasset" 68
"../../../Factored/Content/Build/Foundation.uasset" 69
"../../../Engine/Content/Functions/Engine_MaterialFunctions02/Utility/LinearSine.uasset" 70
"../../../Factored/Content/Materials/M_Utility_RedPulse.uasset" 71
"../../../Factored/Content/Materials/M_Utility_WhitePulse.uasset" 72
"../../../Factored/Content/Utility/InstanceGroup.uasset" 73
"../../../Factored/Content/Build/BuildModeActor.uasset" 74
"../../../Factored/Content/Inventory/ItemUsage.uasset" 75
"../../../Factored/Content/Inventory/Filtering/ItemFilterType.uasset" 76
"../../../Factored/Content/Inventory/ItemGroupEnum.uasset" 77
"../../../Factored/Content/Inventory/Filtering/ItemFilter.uasset" 78
"../../../Factored/Content/Build/Pluginable.uasset" 79
"../../../Factored/Content/Inventory/Filtering/ItemFilterHandler.uasset" 80
"../../../Factored/Content/Inventory/ItemStack.uasset" 81
"../../../Factored/Content/Inventory/ItemSlot.uasset" 82
"../../../Factored/Content/Inventory/ItemStruct.uasset" 83
"../../../Factored/Content/Inventory/ItemSlotStruct.uasset" 84
"../../../Factored/Content/Inventory/ItemSpawner.uasset" 85
"../../../Factored/Content/Inventory/InventoryType.uasset" 86
"../../../Factored/Content/Character/SurvivalStats.uasset" 87
"../../../Factored/Content/Character/Tutorial/TutorialNames.uasset" 88
"../../../Factored/Content/Utility/StartingConfigs/Config.uasset" 89
"../../../Factored/Content/Character/InteractionMainWidget.uasset" 90
"../../../Factored/Content/Character/PauseMenu.uasset" 91
"../../../Factored/Content/Character/InteractMode.uasset" 92
"../../../Factored/Content/Character/KeyBindingStruct.uasset" 93
"../../../Factored/Content/Character/KeyBindingView.uasset" 94
"../../../Factored/Content/UI_Assets/AlignmentWrapper.uasset" 95
"../../../Factored/Content/Character/ActorInfoView.uasset" 96
"../../../Factored/Content/Character/DeathMenu.uasset" 97
"../../../Factored/Content/UI_Assets/building_32x32.uasset" 98
"../../../Factored/Content/UI_Assets/search_32x32.uasset" 99
"../../../Factored/Content/Character/InteractModeView.uasset" 100
"../../../Factored/Content/Character/Notification/NotificationView.uasset" 101
"../../../Factored/Content/Character/SurvivalView.uasset" 102
"../../../Factored/Content/Character/PlayerMainWindows.uasset" 103
"../../../Factored/Content/Character/PlayerMainHUD.uasset" 104
"../../../Factored/Content/Utility/Interactive.uasset" 105
"../../../Factored/Content/Materials/M_Default.uasset" 106
"../../../Factored/Content/Geometry/Meshes/1M_Cube_Chamfer.uasset" 107
"../../../Factored/Content/Processing/DepositView.uasset" 108
"../../../Factored/Content/BaseActors/Deposit.uasset" 109
"../../../Factored/Content/Landscape/Textures/T_Rock_Slate_D.uasset" 110
"../../../Factored/Content/Landscape/Textures/T_Rock_Slate_N.uasset" 111
"../../../Factored/Content/Materials/M_Items_Ice.uasset" 112
"../../../Factored/Content/Geometry/Meshes/BasicItem.uasset" 113
"../../../Factored/Content/Items/Ice.uasset" 114
"../../../Factored/Content/Deposits/IceDeposit.uasset" 115
"../../../Factored/Content/BaseActors/UsableItem.uasset" 116
"../../../Factored/Content/ItemUsage/Injest.uasset" 117
"../../../Factored/Content/Items/H2O.uasset" 118
"../../../Factored/Content/Landscape/Textures/T_Detail_Rocky_N.uasset" 119
"../../../Factored/Content/Landscape/Textures/T_Rock_Basalt_D.uasset" 120
"../../../Factored/Content/Materials/M_Ore_Pentlandite.uasset" 121
"../../../Factored/Content/Items/Ore/Pentlandite.uasset" 122
"../../../Factored/Content/Processing/Automation/IOable.uasset" 123
"../../../Factored/Content/Processing/ProcessNotification.uasset" 124
"../../../Factored/Content/Processing/ProcessNode.uasset" 125
"../../../Factored/Content/Processing/ActiveProcessingStatus.uasset" 126
"../../../Factored/Content/Processing/InactiveProcessingStatus.uasset" 127
"../../../Factored/Content/Processing/ProcessStatus.uasset" 128
"../../../Factored/Content/Processing/Process.uasset" 129
"../../../Factored/Content/Processing/ProcessWrapper.uasset" 130
"../../../Factored/Content/Processing/ProcessTimer.uasset" 131
"../../../Factored/Content/Processing/Processor.uasset" 132
"../../../Factored/Content/Processing/FoundDeposit.uasset" 133
"../../../Factored/Content/Processing/Miner.uasset" 134
"../../../Factored/Content/Build/MiningStructure.uasset" 135
"../../../Factored/Content/ItemFilters/Filter_Ice.uasset" 136
"../../../Factored/Content/Processing/Mine.uasset" 137
"../../../Factored/Content/Processes/ExtractIce.uasset" 138
"../../../Factored/Content/Processing/Automation/DirectionEnum.uasset" 139
"../../../Factored/Content/Processing/Automation/OutputLineType.uasset" 140
"../../../Factored/Content/Processing/Automation/OutputLineStruct.uasset" 141
"../../../Factored/Content/Items/Plugins/Plugin_Automator.uasset" 142
"../../../Factored/Content/ItemFilters/ProcessorPlugins/Filter_Automator.uasset" 143
"../../../Factored/Content/Processing/Automation/IOStatusEnum.uasset" 144
"../../../Factored/Content/Processing/Automation/Reinserter.uasset" 145
"../../../Factored/Content/Processing/Automation/OutputLine.uasset" 146
"../../../Factored/Content/Processing/Automation/DirectionPriority.uasset" 147
"../../../Factored/Content/Processing/Automation/OutputMode.uasset" 148
"../../../Factored/Content/Processing/Automation/OutputLines.uasset" 149
"../../../Factored/Content/Materials/M_Items_IceExtractor.uasset" 150
"../../../Factored/Content/Structures/IceExtractorStructure.uasset" 151
"../../../Factored/Content/Items/Structures/IceExtractor.uasset" 152
"../../../Factored/Content/ItemFilters/Filter_Ore.uasset" 153
"../../../Factored/Content/ItemFilters/MiningDrillBlueprints/Filter_MiningDrillBlueprints.uasset" 154
"../../../Factored/Content/ItemFilters/ProcessorPlugins/Filter_ProcessorPlugins.uasset" 155
"../../../Factored/Content/Textures/T_Concrete_Poured_N.uasset" 156
"../../../Factored/Content/Materials/M_Ore_Chromite.uasset" 157
"../../../Factored/Content/Items/Ore/Chalcocite.uasset" 158
"../../../Factored/Content/Landscape/Textures/T_Rock_Basalt_N.uasset" 159
"../../../Factored/Content/Materials/M_Ore_Chalcocite.uasset" 160
"../../../Factored/Content/Deposits/ChalcociteDeposit.uasset" 161
"../../../Factored/Content/Textures/T_MacroVariation.uasset" 162
"../../../Factored/Content/Textures/T_Metal_Steel_D.uasset" 163
"../../../Factored/Content/Textures/T_Metal_Steel_N.uasset" 164
"../../../Factored/Content/Materials/M_Metal_Steel.uasset" 165
"../../../Factored/Content/Items/Blueprints/MiningDrillBlueprint_Chalcocite.uasset" 166
"../../../Factored/Content/ItemFilters/MiningDrillBlueprints/Filter_MiningDrillBlueprint_Chalcocite.uasset" 167
"../../../Factored/Content/Processes/MineChalcocite.uasset" 168
"../../../Factored/Content/Items/Ore/Chromite.uasset" 169
"../../../Factored/Content/Deposits/ChromiteDeposit.uasset" 170
"../../../Factored/Content/Processes/MineChromite.uasset" 171
"../../../Factored/Content/Materials/M_Ore_Hematite.uasset" 172
"../../../Factored/Content/Items/Ore/Hematite.uasset" 173
"../../../Factored/Content/Deposits/HematiteDeposit.uasset" 174
"../../../Factored/Content/Processes/MineHematite.uasset" 175
"../../../Factored/Content/Deposits/PentlanditeDeposit.uasset" 176
"../../../Factored/Content/Processes/MinePentlandite.uasset" 177
"../../../Factored/Content/Materials/M_Items_MiningDrill.uasset" 178
"../../../Factored/Content/Structures/MiningDrillStructure.uasset" 179
"../../../Factored/Content/Items/Structures/MiningDrill.uasset" 180
"../../../Factored/Content/Items/Blueprints/AssemblerBlueprint_Conveyor.uasset" 181
"../../../Factored/Content/ItemFilters/AssemblerBlueprints/Filter_AssemblerBlueprint_Conveyor.uasset" 182
"../../../Factored/Content/Items/CopperWire.uasset" 183
"../../../Factored/Content/Materials/M_Metal_Iron.uasset" 184
"../../../Factored/Content/Items/Fe.uasset" 185
"../../../Factored/Content/Items/Structures/Conveyor.uasset" 186
"../../../Factored/Content/Processes/BuildConveyor.uasset" 187
"../../../Factored/Content/Items/Blueprints/AssemblerBlueprint_MiningDrill.uasset" 188
"../../../Factored/Content/ItemFilters/AssemblerBlueprints/Filter_AssemblerBlueprint_MiningDrill.uasset" 189
"../../../Factored/Content/Items/Cu.uasset" 190
"../../../Factored/Content/Materials/M_Metal_Brushed_Nickel.uasset" 191
"../../../Factored/Content/Items/Ni.uasset" 192
"../../../Factored/Content/Processes/BuildMiningDrill.uasset" 193
"../../../Engine/Content/MapTemplates/Materials/BasicAsset01.uasset" 194
"../../../Factored/Content/Items/Plugins/Plugin_HeatingCoil.uasset" 195
"../../../Factored/Content/ItemFilters/Filter_H2O.uasset" 196
"../../../Factored/Content/ItemFilters/ProcessorPlugins/Filter_HeatingCoil.uasset" 197
"../../../Factored/Content/Processes/MeltIce.uasset" 198
"../../../Factored/Content/Processing/Automation/InputLine.uasset" 199
"../../../Factored/Content/Materials/M_Items_WaterHeater.uasset" 200
"../../../Factored/Content/Structures/WaterHeaterStructure.uasset" 201
"../../../Factored/Content/Items/Structures/WaterHeater.uasset" 202
"../../../Factored/Content/Processes/BuildWaterHeater.uasset" 203
"../../../Factored/Content/Materials/M_Items_H2.uasset" 204
"../../../Factored/Content/Items/H2.uasset" 205
"../../../Factored/Content/Materials/M_Items_O2.uasset" 206
"../../../Factored/Content/Items/O2.uasset" 207
"../../../Factored/Content/Processes/ElectrolyzeWater.uasset" 208
"../../../Factored/Content/Textures/T_BloodRed_D.uasset" 209
"../../../Factored/Content/Materials/M_Items_Potato.uasset" 210
"../../../Factored/Content/Items/Potato.uasset" 211
"../../../Factored/Content/Processes/GrowPotatoes.uasset" 212
"../../../Factored/Content/Items/Blueprints/RefineryBlueprint_Chalcocite.uasset" 213
"../../../Factored/Content/ItemFilters/RefineryBlueprints/Filter_RefineryBlueprint_Chalcocite.uasset" 214
"../../../Factored/Content/Materials/M_Items_S8.uasset" 215
"../../../Factored/Content/Items/S8.uasset" 216
"../../../Factored/Content/Processes/RefineChalcocite.uasset" 217
"../../../Factored/Content/Materials/M_Metal_Chrome.uasset" 218
"../../../Factored/Content/Items/Cr.uasset" 219
"../../../Factored/Content/Processes/RefineChromite.uasset" 220
"../../../Factored/Content/Processes/RefinePentlandite.uasset" 221
"../../../Factored/Content/Materials/M_Items_HydroponicsCrate.uasset" 222
"../../../Factored/Content/Items/Ni-Cr.uasset" 223
"../../../Factored/Content/Processes/SmeltNichrome.uasset" 224
"../../../Factored/Content/ItemFilters/AssemblerBlueprints/Filter_AssemblerBlueprints.uasset" 225
"../../../Factored/Content/ItemFilters/Filter_MetalElements.uasset" 226
"../../../Factored/Content/ItemFilters/Filter_MetalWire.uasset" 227
"../../../Factored/Content/ItemFilters/Filter_Ni-Cr.uasset" 228
"../../../Factored/Content/Materials/M_Items_Factory.uasset" 229
"../../../Factored/Content/Items/Structures/Assembler.uasset" 230
"../../../Factored/Content/Items/Blueprints/AssemblerBlueprint_Assembler.uasset" 231
"../../../Factored/Content/ItemFilters/AssemblerBlueprints/Filter_AssemblerBlueprint_Assembler.uasset" 232
"../../../Factored/Content/ItemFilters/Filter_Cu.uasset" 233
"../../../Factored/Content/ItemFilters/Filter_Fe.uasset" 234
"../../../Factored/Content/ItemFilters/Filter_NiOrCr.uasset" 235
"../../../Factored/Content/ItemFilters/Filter_S8.uasset" 236
"../../../Factored/Content/ItemFilters/RefineryBlueprints/Filter_RefineryBlueprints.uasset" 237
"../../../Factored/Content/Materials/M_Items_Refinery.uasset" 238
"../../../Factored/Content/Structures/RefineryStructure.uasset" 239
"../../../Factored/Content/Items/Structures/Refinery.uasset" 240
"../../../Factored/Content/Processes/BuildAssembler.uasset" 241
"../../../Factored/Content/Processes/BuildHeatingCoil.uasset" 242
"../../../Factored/Content/ItemFilters/Filter_Plants.uasset" 243
"../../../Factored/Content/ItemFilters/Filter_Seeds.uasset" 244
"../../../Factored/Content/Structures/HydroponicsCrateStructure.uasset" 245
"../../../Factored/Content/Items/Structures/HydroponicsCrate.uasset" 246
"../../../Factored/Content/Processes/BuildHydroponicsCrate.uasset" 247
"../../../Factored/Content/Items/Blueprints/AssemblerBlueprint_IceExtractor.uasset" 248
"../../../Factored/Content/ItemFilters/AssemblerBlueprints/Filter_AssemblerBlueprint_IceExtractor.uasset" 249
"../../../Factored/Content/Processes/BuildIceExtractor.uasset" 250
"../../../Factored/Content/Items/Blueprints/AssemblerBlueprint_Reactor.uasset" 251
"../../../Factored/Content/ItemFilters/AssemblerBlueprints/Filter_AssemblerBlueprint_Reactor.uasset" 252
"../../../Factored/Content/ItemFilters/Filter_H2.uasset" 253
"../../../Factored/Content/ItemFilters/Filter_O2.uasset" 254
"../../../Factored/Content/Materials/M_Items_Reactor.uasset" 255
"../../../Factored/Content/Structures/ReactorStructure.uasset" 256
"../../../Factored/Content/Items/Structures/Reactor.uasset" 257
"../../../Factored/Content/Processes/BuildReactor.uasset" 258
"../../../Factored/Content/Items/Blueprints/AssemblerBlueprint_Refinery.uasset" 259
"../../../Factored/Content/ItemFilters/AssemblerBlueprints/Filter_AssemblerBlueprint_Refinery.uasset" 260
"../../../Factored/Content/Processes/BuildRefinery.uasset" 261
"../../../Factored/Content/Items/Blueprints/AssemblerBlueprint_Smelter.uasset" 262
"../../../Factored/Content/ItemFilters/AssemblerBlueprints/Filter_AssemblerBlueprint_Smelter.uasset" 263
"../../../Factored/Content/ItemFilters/SmelterBlueprints/Filter_SmelterBlueprints.uasset" 264
"../../../Factored/Content/Items/Blueprints/SmelterBlueprint_CopperWire.uasset" 265
"../../../Factored/Content/ItemFilters/SmelterBlueprints/Filter_SmelterBlueprint_CopperWire.uasset" 266
"../../../Factored/Content/Processes/ExtrudeCopperWire.uasset" 267
"../../../Factored/Content/Materials/M_Items_Smelter.uasset" 268
"../../../Factored/Content/Structures/SmelterStructure.uasset" 269
"../../../Factored/Content/Materials/M_BloodRed.uasset" 270
"../../../Factored/Content/Items/Structures/Smelter.uasset" 271
"../../../Factored/Content/Processes/BuildSmelter.uasset" 272
"../../../Factored/Content/Items/Blueprints/AssemblerBlueprint_Splitter.uasset" 273
"../../../Factored/Content/ItemFilters/AssemblerBlueprints/Filter_AssemblerBlueprint_Splitter.uasset" 274
"../../../Factored/Content/Items/Structures/StorageCrate.uasset" 275
"../../../Factored/Content/Structures/StorageCrateStructure.uasset" 276
"../../../Factored/Content/Structures/SplitterStructure.uasset" 277
"../../../Factored/Content/Items/Structures/Splitter.uasset" 278
"../../../Factored/Content/Processes/BuildSplitter.uasset" 279
"../../../Factored/Content/Items/Blueprints/AssemblerBlueprint_StorageCrate.uasset" 280
"../../../Factored/Content/ItemFilters/AssemblerBlueprints/Filter_AssemblerBlueprint_StorageCrate.uasset" 281
"../../../Factored/Content/Processes/BuildStorageCrate.uasset" 282
"../../../Factored/Content/Structures/AssemblerStructure.uasset" 283
"../../../Factored/Content/Character/Tutorial/TutorialStep.uasset" 284
"../../../Factored/Content/Utility/ClassCount.uasset" 285
"../../../Factored/Content/Character/Tutorial/Tutorial.uasset" 286
"../../../Factored/Content/Character/SurvivalPlayerController.uasset" 287
"../../../Factored/Content/Inventory/Filtering/ItemFilterDisplayLists.uasset" 288
"../../../Factored/Content/Inventory/DragItemSlot.uasset" 289
"../../../Factored/Content/Inventory/Filtering/FilterView.uasset" 290
"../../../Factored/Content/Inventory/DragType.uasset" 291
"../../../Factored/Content/Inventory/ItemSlotAdvancedDropView.uasset" 292
"../../../Factored/Content/UI_Assets/plug_32x32.uasset" 293
"../../../Factored/Content/UI_Assets/wrench_32x32.uasset" 294
"../../../Factored/Content/Inventory/ItemSlotView.uasset" 295
"../../../Factored/Content/Inventory/InventoryView.uasset" 296
"../../../Factored/Content/Inventory/InventoryComponent.uasset" 297
"../../../Factored/Content/Inventory/Inventory.uasset" 298
"../../../Factored/Content/Build/Plugins.uasset" 299
"../../../Factored/Content/Build/ProcessingStructure.uasset" 300
"../../../Factored/Content/Character/Tutorial/NotificationDismissTriggers.uasset" 301
"../../../Factored/Content/Character/Notification/Notification.uasset" 302
"../../../Factored/Content/ItemFilters/Filter_Breathable.uasset" 303
"../../../Factored/Content/ItemFilters/Filter_Consumable.uasset" 304
"../../../Factored/Content/Character/DeathScenario.uasset" 305
"../../../Factored/Content/Character/PlayerInventoryView.uasset" 306
"../../../Factored/Content/FirstPerson/FPWeapon/Materials/MaterialLayers/T_ML_Rubber_Blue_01_D.uasset" 307
"../../../Factored/Content/FirstPerson/FPWeapon/Materials/MaterialLayers/T_ML_Rubber_Blue_01_N.uasset" 308
"../../../Factored/Content/FirstPerson/FPWeapon/Materials/MaterialLayers/ML_GlossyBlack_Latex_UE4.uasset" 309
"../../../Factored/Content/FirstPerson/FPWeapon/Materials/MaterialLayers/ML_Plastic_Shiny_Beige.uasset" 310
"../../../Factored/Content/FirstPerson/FPWeapon/Materials/MaterialLayers/ML_Screen.uasset" 311
"../../../Factored/Content/FirstPerson/FPWeapon/Materials/MaterialLayers/T_ML_Aluminum01.uasset" 312
"../../../Factored/Content/FirstPerson/FPWeapon/Materials/MaterialLayers/T_ML_Aluminum01_N.uasset" 313
"../../../Factored/Content/FirstPerson/FPWeapon/Materials/MaterialLayers/ML_SoftMetal_UE4.uasset" 314
"../../../Factored/Content/FirstPerson/FPWeapon/Textures/T_FPGun_M.uasset" 315
"../../../Factored/Content/FirstPerson/FPWeapon/Textures/T_FPGun_N.uasset" 316
"../../../Factored/Content/FirstPerson/FPWeapon/Materials/M_FPGun.uasset" 317
"../../../Factored/Content/FirstPerson/FPWeapon/Mesh/SK_FPGun_Skeleton.uasset" 318
"../../../Factored/Content/FirstPerson/FPWeapon/Mesh/SK_FPGun.uasset" 319
"../../../Factored/Content/Character/FirstPersonCharacter.uasset" 320
"../../../Factored/Content/BaseActors/PickupItem.uasset" 321
"../../../Factored/Content/Utility/InteractionLogic.uasset" 322
"../../../Factored/Content/UI_Assets/ToggleButtonStyle.uasset" 323
"../../../Factored/Content/UI_Assets/ToggleButton.uasset" 324
"../../../Factored/Content/UI_Assets/auto-power_32x32.uasset" 325
"../../../Factored/Content/UI_Assets/power_32x32.uasset" 326
"../../../Factored/Content/Conveyors/ConveyorView.uasset" 327
"../../../Factored/Content/UI_Assets/TimeDisplay.uasset" 328
"../../../Factored/Content/UI_Assets/left-return_32x32.uasset" 329
"../../../Factored/Content/Processing/Automation/InputLineView.uasset" 330
"../../../Factored/Content/UI_Assets/arrow-down-white.uasset" 331
"../../../Factored/Content/UI_Assets/arrow-left-white.uasset" 332
"../../../Factored/Content/UI_Assets/arrow-right-white.uasset" 333
"../../../Factored/Content/UI_Assets/arrow-up-white.uasset" 334
"../../../Factored/Content/UI_Assets/auto-gear.uasset" 335
"../../../Factored/Content/Processing/Automation/OutputLineView.uasset" 336
"../../../Factored/Content/Processing/Automation/ReinserterView.uasset" 337
"../../../Factored/Content/UI_Assets/split_32x32.uasset" 338
"../../../Factored/Content/Processing/Automation/OutputLinesView.uasset" 339
"../../../Factored/Content/UI_Assets/cancel_32x32.uasset" 340
"../../../Factored/Content/Processing/ProcessView.uasset" 341
"../../../Factored/Content/Processing/ProcessorView.uasset" 342
"../../../Factored/Content/Build/BuildableView.uasset" 343
"../../../Factored/Content/Build/BuildableStructure.uasset" 344
"../../../Factored/Content/ItemFilters/Amounts/Filter_005orMore.uasset" 345
"../../../Factored/Content/ItemFilters/Amounts/Filter_010orMore.uasset" 346
"../../../Factored/Content/ItemFilters/Amounts/Filter_020orMore.uasset" 347
"../../../Factored/Content/ItemFilters/Amounts/Filter_025orMore.uasset" 348
"../../../Factored/Content/ItemFilters/Amounts/Filter_030orMore.uasset" 349
"../../../Factored/Content/ItemFilters/Amounts/Filter_050orMore.uasset" 350
"../../../Factored/Content/ItemFilters/Amounts/Filter_075orMore.uasset" 351
"../../../Factored/Content/ItemFilters/Amounts/Filter_100orMore.uasset" 352
"../../../Factored/Content/ItemFilters/Filter_Chromite.uasset" 353
"../../../Factored/Content/ItemFilters/Filter_Cr.uasset" 354
"../../../Factored/Content/ItemFilters/Filter_Ni.uasset" 355
"../../../Factored/Content/ItemFilters/Filter_Pentlandite.uasset" 356
"../../../Factored/Content/Utility/StartingConfigs/Config_Dev_Assembler.uasset" 357
"../../../Factored/Content/Utility/SurvivalGameInstance.uasset" 358
"../../../Factored/Content/Conveyors/Conveyable.uasset" 359
"../../../Factored/Content/Conveyors/ConveyorVolume.uasset" 360
"../../../Factored/Content/Conveyors/Textures/T_Concrete_Tiles_D.uasset" 361
"../../../Factored/Content/Conveyors/Materials/BaseConveyor.uasset" 362
"../../../Factored/Content/Geometry/Meshes/FoundationBase.uasset" 363
"../../../Factored/Content/Structures/ConveyorStructure.uasset" 364
"../../../Factored/Content/Character/FirstPersonGameMode.uasset" 365
"../../../Factored/Content/Textures/T_Concrete_Poured_D.uasset" 366
"../../../Factored/Content/Textures/T_Perlin_Noise_M.uasset" 367
"../../../Factored/Content/Materials/M_Concrete_Poured.uasset" 368
"../../../Factored/Content/Structures/BlockWallStructure.uasset" 369
"../../../Factored/Content/Items/Structures/BlockWall.uasset" 370
"../../../Engine/Content/EngineMaterials/DefaultMaterial.uasset" 371
"../../../Engine/Content/MapTemplates/SM_Template_Map_Floor.uasset" 372
"../../../Factored/Content/Maps/Tests/ItemTest.umap" 373
"../../../Factored/Content/StarterContent/Audio/Fire01.uasset" 374
"../../../Factored/Content/StarterContent/Audio/Fire01_Cue.uasset" 375
"../../../Factored/Content/StarterContent/Textures/T_Fire_SubUV.uasset" 376
"../../../Factored/Content/StarterContent/Textures/T_Fire_Tiled_D.uasset" 377
"../../../Factored/Content/StarterContent/Particles/Materials/M_Fire_SubUV.uasset" 378
"../../../Factored/Content/StarterContent/Textures/T_Water_N.uasset" 379
"../../../Factored/Content/StarterContent/Particles/Materials/M_Heat_Distortion.uasset" 380
"../../../Engine/Content/Functions/Engine_MaterialFunctions01/Gradient/RadialGradient.uasset" 381
"../../../Factored/Content/StarterContent/Particles/Materials/M_Radial_Gradient.uasset" 382
"../../../Factored/Content/StarterContent/Textures/T_Smoke_SubUV.uasset" 383
"../../../Factored/Content/StarterContent/Textures/T_Smoke_Tiled_D.uasset" 384
"../../../Factored/Content/StarterContent/Particles/Materials/M_smoke_subUV.uasset" 385
"../../../Factored/Content/StarterContent/Particles/P_Fire.uasset" 386
"../../../Factored/Content/StarterContent/Blueprints/Blueprint_Effect_Fire.uasset" 387
"../../../Factored/Content/StarterContent/Audio/Smoke01.uasset" 388
"../../../Factored/Content/StarterContent/Audio/Smoke01_Cue.uasset" 389
"../../../Factored/Content/StarterContent/Particles/P_Smoke.uasset" 390
"../../../Factored/Content/StarterContent/Blueprints/Blueprint_Effect_Smoke.uasset" 391
"../../../Factored/Content/StarterContent/Audio/Fire_Sparks01.uasset" 392
"../../../Factored/Content/StarterContent/Audio/Fire_Sparks01_Cue.uasset" 393
"../../../Factored/Content/StarterContent/Textures/T_Spark_Core.uasset" 394
"../../../Factored/Content/StarterContent/Particles/Materials/M_Spark.uasset" 395
"../../../Factored/Content/StarterContent/Particles/P_Sparks.uasset" 396
"../../../Factored/Content/StarterContent/Blueprints/Blueprint_Effect_Sparks.uasset" 397
"../../../Factored/Content/StarterContent/Audio/Steam01.uasset" 398
"../../../Factored/Content/StarterContent/Audio/Steam01_Cue.uasset" 399
"../../../Factored/Content/StarterContent/Particles/P_Steam_Lit.uasset" 400
"../../../Factored/Content/StarterContent/Blueprints/Blueprint_Effect_Steam.uasset" 401
"../../../Factored/Content/StarterContent/Textures/T_Lamp_M.uasset" 402
"../../../Factored/Content/StarterContent/Textures/T_Lamp_N.uasset" 403
"../../../Factored/Content/StarterContent/Props/Materials/M_Lamp.uasset" 404
"../../../Factored/Content/StarterContent/Props/SM_Lamp_Ceiling.uasset" 405
"../../../Factored/Content/StarterContent/Blueprints/Blueprint_CeilingLight.uasset" 406
"../../../Factored/Content/StarterContent/Props/SM_Lamp_Wall.uasset" 407
"../../../Factored/Content/StarterContent/Blueprints/Blueprint_WallSconce.uasset" 408
"../../../Engine/Content/EngineFonts/RobotoDistanceField.uasset" 409
"../../../Engine/Content/Functions/Engine_MaterialFunctions03/Procedurals/ComputeFilterWidth.uasset" 410
"../../../Engine/Content/EngineMaterials/AntiAliasedTextMaterialTranslucent.uasset" 411
"../../../Factored/Content/StarterContent/Textures/T_Brick_Clay_Beveled_D.uasset" 412
"../../../Factored/Content/StarterContent/Textures/T_Brick_Clay_Beveled_M.uasset" 413
"../../../Factored/Content/StarterContent/Textures/T_Brick_Clay_Beveled_N.uasset" 414
"../../../Factored/Content/StarterContent/Materials/M_Brick_Clay_Beveled.uasset" 415
"../../../Factored/Content/StarterContent/Textures/T_Brick_Clay_New_D.uasset" 416
"../../../Factored/Content/StarterContent/Textures/T_Brick_Clay_New_M.uasset" 417
"../../../Factored/Content/StarterContent/Textures/T_Brick_Clay_New_N.uasset" 418
"../../../Factored/Content/StarterContent/Textures/T_Detail_Rocky_N.uasset" 419
"../../../Factored/Content/StarterContent/Materials/M_Brick_Clay_New.uasset" 420
"../../../Factored/Content/StarterContent/Textures/T_Brick_Clay_Old_D.uasset" 421
"../../../Factored/Content/StarterContent/Textures/T_Brick_Clay_Old_N.uasset" 422
"../../../Factored/Content/StarterContent/Textures/T_Perlin_Noise_M.uasset" 423
"../../../Factored/Content/StarterContent/Materials/M_Brick_Clay_Old.uasset" 424
"../../../Factored/Content/StarterContent/Textures/T_Brick_Cut_Stone_D.uasset" 425
"../../../Factored/Content/StarterContent/Textures/T_Brick_Cut_Stone_N.uasset" 426
"../../../Factored/Content/StarterContent/Materials/M_Brick_Cut_Stone.uasset" 427
"../../../Factored/Content/StarterContent/Textures/T_Brick_Hewn_Stone_D.uasset" 428
"../../../Factored/Content/StarterContent/Textures/T_Brick_Hewn_Stone_M.uasset" 429
"../../../Factored/Content/StarterContent/Textures/T_Brick_Hewn_Stone_N.uasset" 430
"../../../Factored/Content/StarterContent/Materials/M_Brick_Hewn_Stone.uasset" 431
"../../../Factored/Content/StarterContent/Textures/T_Ceramic_Tile_M.uasset" 432
"../../../Factored/Content/StarterContent/Textures/T_Ceramic_Tile_N.uasset" 433
"../../../Factored/Content/StarterContent/Textures/T_Rock_Marble_Polished_D.uasset" 434
"../../../Factored/Content/StarterContent/Materials/M_Ceramic_Tile_Checker.uasset" 435
"../../../Factored/Content/StarterContent/Textures/T_CobbleStone_Pebble_D.uasset" 436
"../../../Factored/Content/StarterContent/Textures/T_CobbleStone_Pebble_M.uasset" 437
"../../../Factored/Content/StarterContent/Textures/T_CobbleStone_Pebble_N.uasset" 438
"../../../Factored/Content/StarterContent/Materials/M_CobbleStone_Pebble.uasset" 439
"../../../Factored/Content/StarterContent/Textures/T_CobbleStone_Rough_D.uasset" 440
"../../../Factored/Content/StarterContent/Textures/T_CobbleStone_Rough_N.uasset" 441
"../../../Factored/Content/StarterContent/Textures/T_Gradinet_01.uasset" 442
"../../../Factored/Content/StarterContent/Textures/T_Rock_Smooth_Granite_D.uasset" 443
"../../../Factored/Content/StarterContent/Materials/M_CobbleStone_Rough.uasset" 444
"../../../Factored/Content/StarterContent/Textures/T_CobbleStone_Smooth_D.uasset" 445
"../../../Factored/Content/StarterContent/Textures/T_CobbleStone_Smooth_M.uasset" 446
"../../../Factored/Content/StarterContent/Textures/T_CobbleStone_Smooth_N.uasset" 447
"../../../Factored/Content/StarterContent/Materials/M_CobbleStone_Smooth.uasset" 448
"../../../Factored/Content/StarterContent/Textures/T_Concrete_Grime_D.uasset" 449
"../../../Factored/Content/StarterContent/Textures/T_Metal_Rust_N.uasset" 450
"../../../Factored/Content/StarterContent/Materials/M_Concrete_Grime.uasset" 451
"../../../Factored/Content/StarterContent/Textures/T_Concrete_Panels_D.uasset" 452
"../../../Factored/Content/StarterContent/Textures/T_Concrete_Panels_N.uasset" 453
"../../../Factored/Content/StarterContent/Materials/M_Concrete_Panels.uasset" 454
"../../../Factored/Content/StarterContent/Textures/T_Concrete_Poured_D.uasset" 455
"../../../Factored/Content/StarterContent/Textures/T_Concrete_Poured_N.uasset" 456
"../../../Factored/Content/StarterContent/Materials/M_Concrete_Poured.uasset" 457
"../../../Factored/Content/StarterContent/Textures/T_Ground_Grass_D.uasset" 458
"../../../Factored/Content/StarterContent/Textures/T_Ground_Grass_N.uasset" 459
"../../../Factored/Content/StarterContent/Materials/M_Ground_Grass.uasset" 460
"../../../Factored/Content/StarterContent/Textures/T_Ground_Gravel_D.uasset" 461
"../../../Factored/Content/StarterContent/Textures/T_Ground_Gravel_N.uasset" 462
"../../../Factored/Content/StarterContent/Materials/M_Ground_Gravel.uasset" 463
"../../../Factored/Content/StarterContent/Textures/T_ground_Moss_D.uasset" 464
"../../../Factored/Content/StarterContent/Textures/T_Ground_Moss_N.uasset" 465
"../../../Factored/Content/StarterContent/Materials/M_Ground_Moss.uasset" 466
"../../../Factored/Content/StarterContent/Materials/M_Metal_Chrome.uasset" 467
"../../../Factored/Content/StarterContent/Textures/T_Metal_Gold_D.uasset" 468
"../../../Factored/Content/StarterContent/Materials/M_Metal_Gold.uasset" 469
"../../../Factored/Content/StarterContent/Textures/T_Metal_Rust_D.uasset" 470
"../../../Factored/Content/StarterContent/Materials/M_Metal_Rust.uasset" 471
"../../../Factored/Content/StarterContent/Textures/T_Metal_Steel_D.uasset" 472
"../../../Factored/Content/StarterContent/Textures/T_Metal_Steel_N.uasset" 473
"../../../Factored/Content/StarterContent/Materials/M_Metal_Steel.uasset" 474
"../../../Factored/Content/StarterContent/Textures/T_Rock_Basalt_D.uasset" 475
"../../../Factored/Content/StarterContent/Textures/T_Rock_Basalt_N.uasset" 476
"../../../Factored/Content/StarterContent/Materials/M_Rock_Basalt.uasset" 477
"../../../Factored/Content/StarterContent/Materials/M_Rock_Marble_Polished.uasset" 478
"../../../Factored/Content/StarterContent/Textures/T_Rock_Sandstone_D.uasset" 479
"../../../Factored/Content/StarterContent/Textures/T_Rock_Sandstone_N.uasset" 480
"../../../Factored/Content/StarterContent/Materials/M_Rock_Sandstone.uasset" 481
"../../../Factored/Content/StarterContent/Textures/T_Rock_Slate_D.uasset" 482
"../../../Factored/Content/StarterContent/Textures/T_Rock_Slate_N.uasset" 483
"../../../Factored/Content/StarterContent/Materials/M_Rock_Slate.uasset" 484
"../../../Factored/Content/StarterContent/Textures/T_Checker_Noise_M.uasset" 485
"../../../Factored/Content/StarterContent/Textures/T_Single_Tile_N.uasset" 486
"../../../Factored/Content/StarterContent/Textures/T_Tech_Dot_M.uasset" 487
"../../../Factored/Content/StarterContent/Textures/T_Tech_Dot_N.uasset" 488
"../../../Factored/Content/StarterContent/Materials/M_Tech_Checker_Dot.uasset" 489
"../../../Factored/Content/StarterContent/Textures/T_Tech_Hex_Tile_M.uasset" 490
"../../../Factored/Content/StarterContent/Textures/T_Tech_Hex_Tile_N.uasset" 491
"../../../Factored/Content/StarterContent/Materials/M_Tech_Hex_Tile.uasset" 492
"../../../Factored/Content/StarterContent/Materials/M_Tech_Hex_Tile_Pulse.uasset" 493
"../../../Factored/Content/StarterContent/Textures/T_Tech_Panel_M.uasset" 494
"../../../Factored/Content/StarterContent/Textures/T_Tech_Panel_N.uasset" 495
"../../../Factored/Content/StarterContent/Materials/M_Tech_Panel.uasset" 496
"../../../Factored/Content/StarterContent/Materials/M_Water_Lake.uasset" 497
"../../../Factored/Content/StarterContent/Textures/T_Water_M.uasset" 498
"../../../Factored/Content/StarterContent/Materials/M_Water_Ocean.uasset" 499
"../../../Factored/Content/StarterContent/Textures/T_Wood_Floor_Walnut_D.uasset" 500
"../../../Factored/Content/StarterContent/Textures/T_Wood_Floor_Walnut_M.uasset" 501
"../../../Factored/Content/StarterContent/Textures/T_Wood_Floor_Walnut_N.uasset" 502
"../../../Factored/Content/StarterContent/Materials/M_Wood_Floor_Walnut_Polished.uasset" 503
"../../../Engine/Content/Functions/Engine_MaterialFunctions01/Opacity/AlphaOffset.uasset" 504
"../../../Factored/Content/StarterContent/Materials/M_Wood_Floor_Walnut_Worn.uasset" 505
"../../../Factored/Content/StarterContent/Textures/T_Wood_Oak_D.uasset" 506
"../../../Factored/Content/StarterContent/Textures/T_Wood_Oak_N.uasset" 507
"../../../Factored/Content/StarterContent/Materials/M_Wood_Oak.uasset" 508
"../../../Factored/Content/StarterContent/Textures/T_Wood_Pine_D.uasset" 509
"../../../Factored/Content/StarterContent/Textures/T_Wood_Pine_N.uasset" 510
"../../../Factored/Content/StarterContent/Materials/M_Wood_Pine.uasset" 511
"../../../Factored/Content/StarterContent/Textures/T_Wood_Walnut_D.uasset" 512
"../../../Factored/Content/StarterContent/Textures/T_Wood_Walnut_N.uasset" 513
"../../../Factored/Content/StarterContent/Materials/M_Wood_Walnut.uasset" 514
"../../../Factored/Content/StarterContent/Materials/M_Basic_Wall.uasset" 515
"../../../Factored/Content/StarterContent/Architecture/Wall_400x200.uasset" 516
"../../../Factored/Content/StarterContent/Architecture/Wall_Door_400x300.uasset" 517
"../../../Factored/Content/StarterContent/Architecture/Wall_Window_400x300.uasset" 518
"../../../Factored/Content/StarterContent/Audio/Collapse01.uasset" 519
"../../../Factored/Content/StarterContent/Audio/Collapse02.uasset" 520
"../../../Factored/Content/StarterContent/Audio/Collapse_Cue.uasset" 521
"../../../Factored/Content/StarterContent/Audio/Starter_Music01.uasset" 522
"../../../Factored/Content/StarterContent/Audio/Starter_Music_Cue.uasset" 523
"../../../Factored/Content/StarterContent/Textures/T_Dust_Particle_D.uasset" 524
"../../../Factored/Content/StarterContent/Particles/Materials/M_Dust_Particle.uasset" 525
"../../../Factored/Content/StarterContent/Particles/P_Ambient_Dust.uasset" 526
"../../../Factored/Content/StarterContent/Props/MaterialSphere.uasset" 527
"../../../Factored/Content/StarterContent/Textures/T_Frame_M.uasset" 528
"../../../Factored/Content/StarterContent/Textures/T_Frame_N.uasset" 529
"../../../Factored/Content/StarterContent/Props/Materials/M_Frame.uasset" 530
"../../../Factored/Content/StarterContent/Props/SM_CornerFrame.uasset" 531
"../../../Factored/Content/StarterContent/Props/SM_DoorFrame.uasset" 532
"../../../Factored/Content/StarterContent/Materials/M_Glass.uasset" 533
"../../../Factored/Content/StarterContent/Props/SM_GlassWindow.uasset" 534
"../../../Factored/Content/StarterContent/Props/SM_PillarFrame.uasset" 535
"../../../Factored/Content/StarterContent/Props/SM_PillarFrame300.uasset" 536
"../../../Factored/Content/StarterContent/Props/SM_WindowFrame.uasset" 537
"../../../Factored/Content/StarterContent/Shapes/Shape_Cube.uasset" 538
"../../../Factored/Content/StarterContent/Shapes/Shape_QuadPyramid.uasset" 539
"../../../Factored/Content/StarterContent/Shapes/Shape_Sphere.uasset" 540
"../../../Factored/Content/StarterContent/Maps/StarterMap.umap" 541
"../../../Factored/Content/StarterContent/Blueprints/Assets/FogBrightnessLUT.uasset" 542
"../../../Factored/Content/StarterContent/Blueprints/Assets/SunlightColorLUT.uasset" 543
"../../../Factored/Content/StarterContent/Blueprints/Assets/M_LightStage_Arrows.uasset" 544
"../../../Engine/Content/MapTemplates/Sky/DaylightAmbientCubemap.uasset" 545
"../../../Factored/Content/StarterContent/Blueprints/Assets/M_LightStage_Skybox_Master.uasset" 546
"../../../Factored/Content/StarterContent/Blueprints/Assets/M_LightStage_Skybox_Black.uasset" 547
"../../../Factored/Content/StarterContent/Blueprints/Assets/M_LightStage_Skybox_HDRI.uasset" 548
"../../../Engine/Content/EditorMaterials/Thumbnails/SkySphereMaterial.uasset" 549
"../../../Factored/Content/StarterContent/Blueprints/Assets/Skybox.uasset" 550
"../../../Factored/Content/StarterContent/Blueprints/Assets/SM_Arrows.uasset" 551
"../../../Factored/Content/StarterContent/HDRI/HDRI_Epic_Courtyard_Daylight.uasset" 552
"../../../Factored/Content/StarterContent/Blueprints/BP_LightStudio.uasset" 553
"../../../Factored/Content/StarterContent/Materials/M_AssetPlatform.uasset" 554
"../../../Engine/Content/EditorMeshes/ColorCalibrator/M_ChromeBall.uasset" 555
"../../../Engine/Content/EditorMeshes/ColorCalibrator/M_ClearCoat.uasset" 556
"../../../Engine/Content/EditorMeshes/ColorCalibrator/M_ClearCoatBlack.uasset" 557
"../../../Engine/Content/EditorMeshes/ColorCalibrator/T_ColorGrid.uasset" 558
"../../../Engine/Content/EditorMeshes/ColorCalibrator/M_ColorGrid.uasset" 559
"../../../Engine/Content/EditorMeshes/ColorCalibrator/M_GreyBall.uasset" 560
"../../../Engine/Content/EditorMeshes/ColorCalibrator/SM_ColorCalibrator.uasset" 561
"../../../Factored/Content/StarterContent/Architecture/SM_AssetPlatform.uasset" 562
"../../../Factored/Content/StarterContent/Maps/Advanced_Lighting.umap" 563
"../../../Factored/Content/Maps/Tests/IOTest.umap" 564
"../../../Engine/Content/BasicShapes/Cube.uasset" 565
"../../../Factored/Content/Maps/Tests/BuildTest.umap" 566
"../../../Factored/Content/Maps/Tests/FactoryTest.umap" 567
"../../../Factored/Content/Maps/Tests/AutoConveyorTest.umap" 568
"../../../Factored/Content/Maps/Tests/AssemblerTest.umap" 569
"../../../Factored/Content/Landscape/Resources/BaseRock_LayerInfo.uasset" 570
"../../../Factored/Content/Landscape/Resources/SlateRock_LayerInfo.uasset" 571
"../../../Factored/Content/Landscape/Resources/Snow_LayerInfo.uasset" 572
"../../../Factored/Content/Landscape/Materials/Landscape_Material.uasset" 573
"../../../Engine/Content/EngineMaterials/DefaultPhysicalMaterial.uasset" 574
"../../../Factored/Content/Maps/Chronos.umap" 575
"../../../Engine/Content/EngineFonts/Roboto.uasset" 576
"../../../Engine/Content/Functions/Engine_MaterialFunctions01/Shading/PowerToRoughness.uasset" 577
"../../../Engine/Content/Functions/Engine_MaterialFunctions01/Shading/ConvertFromDiffSpec.uasset" 578
"../../../Engine/Content/EngineMaterials/DefaultDiffuse.uasset" 579
"../../../Engine/Content/EngineMaterials/DefaultDeferredDecalMaterial.uasset" 580
"../../../Engine/Content/EngineMaterials/DefaultLightFunctionMaterial.uasset" 581
"../../../Engine/Content/Functions/Engine_MaterialFunctions02/Utility/BreakOutFloat2Components.uasset" 582
"../../../Engine/Content/EngineMaterials/DefaultPostProcessMaterial.uasset" 583
"../../../Engine/Content/EngineResources/DefaultTexture.uasset" 584
"../../../Engine/Content/Functions/Engine_MaterialFunctions02/Texturing/ScreenAlignedUVs.uasset" 585
"../../../Engine/Content/EngineResources/WhiteSquareTexture.uasset" 586
"../../../Engine/Content/EngineMaterials/Widget3DPassThrough.uasset" 587
"../../../Engine/Content/EngineMaterials/Widget3DPassThrough_Translucent.uasset" 588
"../../../Engine/Content/EngineMaterials/Widget3DPassThrough_Translucent_OneSided.uasset" 589
"../../../Engine/Content/EngineMaterials/Widget3DPassThrough_Opaque.uasset" 590
"../../../Engine/Content/EngineMaterials/Widget3DPassThrough_Opaque_OneSided.uasset" 591
"../../../Engine/Content/EngineMaterials/Widget3DPassThrough_Masked.uasset" 592
"../../../Engine/Content/EngineMaterials/Widget3DPassThrough_Masked_OneSided.uasset" 593
"../../../Engine/Content/EditorResources/S_Actor.uasset" 594
"../../../Engine/Content/Maps/Templates/Thumbnails/Default.uasset" 595
"../../../Engine/Content/EditorMaterials/ParticleSystems/PSysThumbnail_NoImage.uasset" 596
"../../../Engine/Content/EditorMaterials/ParticleSystems/PSysThumbnail_OOD.uasset" 597
"../../../Engine/Content/EditorLandscapeResources/DataLayer.uasset" 598
"../../../Engine/Content/EngineDamageTypes/DmgTypeBP_Environmental.uasset" 599
"../../../Engine/Content/EngineMeshes/Sphere.uasset" 600
"../../../Engine/Content/EngineMaterials/DefaultTextMaterialOpaque.uasset" 601
"../../../Engine/Content/EditorResources/S_Trigger.uasset" 602
"../../../Engine/Content/EngineResources/GradientTexture0.uasset" 603
"../../../Engine/Content/EngineResources/Black.uasset" 604
"../../../Engine/Content/EditorMaterials/MatineeGroups/MAT_Groups_Float.uasset" 605
"../../../Engine/Content/EditorMaterials/MatineeGroups/MAT_Groups_Director.uasset" 606
"../../../Engine/Content/EditorMaterials/MatineeGroups/MAT_Groups_Event.uasset" 607
"../../../Engine/Content/EditorMaterials/MatineeGroups/MAT_Groups_Anim.uasset" 608
"../../../Engine/Content/EditorMaterials/MatineeGroups/MAT_Groups_Fade.uasset" 609
"../../../Engine/Content/EditorMaterials/MatineeGroups/MAT_Groups_Move.uasset" 610
"../../../Engine/Content/EditorMaterials/MatineeGroups/MAT_Groups_Slomo.uasset" 611
"../../../Engine/Content/EditorMaterials/MatineeGroups/MAT_ColorTrack.uasset" 612
"../../../Engine/Content/EditorMaterials/MAT_Groups_Toggle.uasset" 613
"../../../Engine/Content/EditorMaterials/MatineeGroups/MAT_Groups_AudioMaster.uasset" 614
"../../../Engine/Content/EditorMaterials/MatineeGroups/MAT_Groups_Sound.uasset" 615
"../../../Engine/Content/EditorMaterials/MatineeGroups/MAT_Groups_Vector.uasset" 616
"../../../Engine/Content/EditorMaterials/MAT_Groups_Visibility.uasset" 617
"../../../Engine/Content/EngineResources/DefaultTextureCube.uasset" 618
"../../../Engine/Content/EngineMeshes/Cylinder.uasset" 619
"../../../Engine/Content/EngineTireTypes/DefaultTireType.uasset" 620
"../../../Engine/Content/EngineResources/AICON-Red.uasset" 621
"../../../Engine/Content/EngineResources/AICON-Green.uasset" 622
"../../../Engine/Content/Tutorial/Basics/LevelEditorAttract.uasset" 623
"../../../Engine/Content/Tutorial/Basics/TutorialAssets/icon_tab_Levels_40x.uasset" 624
"../../../Engine/Content/Tutorial/Basics/LevelEditorOverview.uasset" 625
"../../../Engine/Content/Tutorial/Basics/FeaturePacks.uasset" 626
"../../../Engine/Content/Tutorial/Basics/ContentBrowserOverview.uasset" 627
"../../../Engine/Content/Tutorial/Basics/TutorialAssets/CameraActor_64x.uasset" 628
"../../../Engine/Content/Tutorial/Basics/ViewportsTutorial.uasset" 629
"../../../Engine/Content/Tutorial/BlueprintTutorials/TutorialAssets/Blueprint_64x.uasset" 630
"../../../Engine/Content/Tutorial/InWorldBlueprintEditing/IWBE_Tutorial_Part3.uasset" 631
"../../../Engine/Content/Tutorial/InWorldBlueprintEditing/IWBE_Tutorial_Part2.uasset" 632
"../../../Engine/Content/Tutorial/InWorldBlueprintEditing/IWBE_Tutorial.uasset" 633
"../../../Engine/Content/Tutorial/InWorldBlueprintEditing/TutorialAssets/IWBE_Bridge1.uasset" 634
"../../../Engine/Content/Tutorial/InWorldBlueprintEditing/TutorialAssets/IWBE_Bridge2.uasset" 635
"../../../Engine/Content/Tutorial/BlueprintTutorials/BlueprintEditorTutorial.uasset" 636
"../../../Engine/Content/Tutorial/BlueprintTutorials/LevelBlueprintEditorOverview.uasset" 637
"../../../Engine/Content/EditorBlueprintResources/ActorMacros.uasset" 638
"../../../Engine/Content/Tutorial/BlueprintTutorials/TutorialAssets/Tutorial_BP_Class.uasset" 639
"../../../Engine/Content/Tutorial/BlueprintTutorials/ClassBlueprintsEditorOverview.uasset" 640
"../../../Engine/Content/Tutorial/BlueprintTutorials/TutorialAssets/BlueprintMacroLibrary_64x.uasset" 641
"../../../Engine/Content/Tutorial/BlueprintTutorials/TutorialAssets/Tutorial_BP_MacroLib.uasset" 642
"../../../Engine/Content/Tutorial/BlueprintTutorials/BlueprintMacroLibrariesEditorOverview.uasset" 643
"../../../Engine/Content/Tutorial/BlueprintTutorials/TutorialAssets/BlueprintInterface_64x.uasset" 644
"../../../Engine/Content/Tutorial/BlueprintTutorials/TutorialAssets/Tutorial_BP_Interface.uasset" 645
"../../../Engine/Content/Tutorial/BlueprintTutorials/BlueprintInterfacesEditorOverview.uasset" 646
"../../../Engine/Content/Tutorial/Code/AddingCode.uasset" 647
"../../../Engine/Content/Tutorial/Landscape/TutorialAssets/Landscape.uasset" 648
"../../../Engine/Content/Tutorial/Landscape/Landscape_Painting_Mode.uasset" 649
"../../../Engine/Content/Tutorial/Landscape/Landscape_Sculpt_Mode.uasset" 650
"../../../Engine/Content/Tutorial/Landscape/Landscape_Manage_Mode.uasset" 651
"../../../Engine/Content/Tutorial/Landscape/LandscapeWalkThrough.uasset" 652
"../../../Engine/Content/EngineMeshes/Cube.uasset" 653
"../../../Engine/Content/Tutorial/SubEditors/StaticMeshEditorTutorial.uasset" 654
"../../../Engine/Content/Tutorial/SubEditors/TutorialAssets/TutorialMaterial.uasset" 655
"../../../Engine/Content/Tutorial/SubEditors/MaterialEditorTutorial.uasset" 656
"../../../Engine/Content/Tutorial/ContentIntroCurve.uasset" 657
"../../../Engine/Plugins/2D/Paper2D/Content/PlaceholderTextures/DummySpriteTexture.uasset" 658
"../../../Engine/Plugins/2D/Paper2D/Content/DefaultSpriteMaterial.uasset" 659
"../../../Engine/Plugins/2D/Paper2D/Content/MaskedUnlitSpriteMaterial.uasset" 660
"../../../Engine/Plugins/2D/Paper2D/Content/OpaqueUnlitSpriteMaterial.uasset" 661
"../../../Engine/Plugins/2D/Paper2D/Content/DummySpriteTexture.uasset" 662
"../../../Engine/Plugins/2D/Paper2D/Content/DummySprite.uasset" 663
"../../../Engine/Plugins/2D/Paper2D/Content/DefaultPaperTerrainMaterial.uasset" 664
"../../../Engine/Plugins/Runtime/LeapMotionController/Content/LM_CapsuleMesh.uasset" 665
"../../../Engine/Plugins/Runtime/LeapMotionController/Content/LM_TorusMesh.uasset" 666
"../../../Engine/Plugins/Runtime/LeapMotionController/Content/LM_HandColor.uasset" 667
"../../../Engine/Plugins/Runtime/LeapMotionController/Content/LM_SampleDistortion.uasset" 668
"../../../Engine/Plugins/Runtime/LeapMotionController/Content/LM_TestTexture.uasset" 669
"../../../Engine/Plugins/Runtime/LeapMotionController/Content/LM_PassthroughMaterial.uasset" 670
"../../../Engine/Content/EngineMaterials/RemoveSurfaceMaterial.uasset" 671
"../../../Engine/Content/EngineDebugMaterials/DebugMeshMaterial.uasset" 672
"../../../Engine/Content/EngineMaterials/InvalidLightmapSettings.uasset" 673
"../../../Engine/Content/EngineMaterials/M_InvalidLightmapSettings.uasset" 674
"../../../Engine/Content/EditorMaterials/GizmoMaterial.uasset" 675
"../../../Engine/Content/EngineMaterials/Good64x64TilingNoiseHighFreq.uasset" 676
"../../../Engine/Content/EngineMaterials/DefaultBokeh.uasset" 677
"../../../Engine/Content/EngineMaterials/PreintegratedSkinBRDF.uasset" 678
"../../../Engine/Content/EngineMaterials/MiniFont.uasset" 679
"../../../Engine/Content/EngineMaterials/WeightMapPlaceholderTexture.uasset" 680
"../../../Engine/Content/EngineMaterials/DefaultWhiteGrid.uasset" 681
"../../../Engine/Content/EngineFonts/RobotoTiny.uasset" 682
"../../../Factored/Content/StarterContent/Materials/M_ColorGrid_LowSpec.uasset" 683
"../../../Factored/Content/StarterContent/Shapes/Shape_Cone.uasset" 684
"../../../Factored/Content/StarterContent/Shapes/Shape_Cylinder.uasset" 685
"../../../Factored/Content/StarterContent/Shapes/Shape_NarrowCapsule.uasset" 686
"../../../Factored/Content/StarterContent/Shapes/Shape_Pipe.uasset" 687
"../../../Factored/Content/StarterContent/Shapes/Shape_Pipe_180.uasset" 688
"../../../Factored/Content/StarterContent/Shapes/Shape_Pipe_90.uasset" 689
"../../../Factored/Content/StarterContent/Shapes/Shape_Plane.uasset" 690
"../../../Factored/Content/StarterContent/Shapes/Shape_Torus.uasset" 691
"../../../Factored/Content/StarterContent/Shapes/Shape_Trim.uasset" 692
"../../../Factored/Content/StarterContent/Shapes/Shape_Trim_90_In.uasset" 693
"../../../Factored/Content/StarterContent/Shapes/Shape_Trim_90_Out.uasset" 694
"../../../Factored/Content/StarterContent/Shapes/Shape_TriPyramid.uasset" 695
"../../../Factored/Content/StarterContent/Shapes/Shape_Tube.uasset" 696
"../../../Engine/Content/MobileResources/HUD/T_Castle_ThumbstickInner.uasset" 697
"../../../Factored/Content/FirstPerson/Meshes/BaseMaterial.uasset" 698
"../../../Factored/Content/FirstPerson/Meshes/CubeMaterialOverride.uasset" 699
"../../../Factored/Content/FirstPerson/Meshes/FirstPersonProjectileMaterial.uasset" 700
"../../../Factored/Content/FirstPerson/Meshes/FirstPersonProjectileMesh.uasset" 701
"../../../Factored/Content/FirstPerson/FPWeapon/Materials/MaterialLayers/T_ML_FineRubber.uasset" 702
"../../../Factored/Content/FirstPerson/FPWeapon/Materials/MaterialLayers/ML_Plastic_Shiny_Beige_LOGO.uasset" 703
"../../../Factored/Content/UI_Assets/power_128x128.uasset" 704
"../../../Engine/Content/EditorResources/EmptyActor.uasset" 705
"../../../Engine/Content/MobileResources/HUD/MobileHUDButton3.uasset" 706
"../../../Factored/Content/Utility/StartingConfigs/Config_2_Automation.uasset" 707
"../../../Engine/Content/MobileResources/HUD/MobileHUDDirectionPad2.uasset" 708
"../../../Factored/Content/FirstPerson/FPWeapon/Mesh/SK_FPGun_PhysicsAsset.uasset" 709
"../../../Engine/Content/MobileResources/HUD/VirtualJoystick_Background.uasset" 710
"../../../Engine/Content/MobileResources/HUD/VirtualJoystick_Thumb.uasset" 711
"../../../Engine/Content/MobileResources/HUD/LeftVirtualJoystickOnly.uasset" 712
"../../../Engine/Content/MobileResources/HUD/DefaultVirtualJoysticks.uasset" 713
"../../../Engine/Content/MobileResources/HUD/AnalogHat.uasset" 714
"../../../Engine/Content/MobileResources/HUD/MobileHUDDirectionPad3.uasset" 715
"../../../Engine/Content/MobileResources/HUD/MobileHUDDirectionStick.uasset" 716
"../../../Factored/Content/StarterContent/Shapes/Shape_WideCapsule.uasset" 717
"../../../Factored/Content/StarterContent/Shapes/Shape_Wedge_B.uasset" 718
"../../../Factored/Content/StarterContent/Shapes/Shape_Wedge_A.uasset" 719
"../../../Engine/Content/MobileResources/HUD/MobileHUDButton1_off.uasset" 720
"../../../Engine/Content/MobileResources/T_MobileMenu2.uasset" 721
"../../../Engine/Content/MobileResources/HUD/MobileHUDButton2_on.uasset" 722
"../../../Engine/Content/MobileResources/HUD/MobileHUDButton2_off.uasset" 723
"../../../Engine/Content/MobileResources/HUD/MobileHUDButtonFire.uasset" 724
"../../../Engine/Content/MobileResources/T_MobileControls_texture.uasset" 725
"../../../Engine/Content/MobileResources/HUD/MobileHUDDirectionPad.uasset" 726
"../../../Engine/Content/EditorResources/LightIcons/S_LightError.uasset" 727
"../../../Factored/Content/Utility/StartingConfigs/Config_Dev_Factory.uasset" 728
"../../../Engine/Content/EditorResources/AudioIcons/S_AudioComponent_AutoActivate.uasset" 729
"../../../Engine/Content/EditorResources/AudioIcons/S_AudioComponent.uasset" 730
"../../../Factored/Content/Utility/StartingConfigs/Config_Dev_IO.uasset" 731
"../../../Engine/Content/MobileResources/HUD/MobileHUDButton1_on.uasset" 732
"../../../Engine/Content/BasicShapes/Cone.uasset" 733
"../../../Engine/Content/BasicShapes/Cylinder.uasset" 734
"../../../Engine/Content/BasicShapes/Sphere.uasset" 735
"../../../Engine/Content/EditorMaterials/PhAT_JointLimitMaterial.uasset" 736
"../../../Engine/Content/EditorMaterials/PreviewShadowIndicator.uasset" 737
"../../../Engine/Content/EditorMaterials/PreviewShadowIndicatorMaterial.uasset" 738
"../../../Engine/Content/EditorResources/BSPVertex.uasset" 739
"../../../Engine/Content/EngineDebugMaterials/HeatmapGradient.uasset" 740
"../../../Engine/Content/EngineDebugMaterials/BoneWeightMaterial.uasset" 741
"../../../Engine/Content/EngineDebugMaterials/GeomMaterial.uasset" 742
"../../../Engine/Content/EngineMaterials/EditorBrushMaterial.uasset" 743
"../../../Engine/Content/MobileResources/HUD/T_Castle_ThumbstickOutter.uasset" 744
"../../../Engine/Content/Tutorial/Foliage/TutorialAssets/Foliage.uasset" 745
"../../../Engine/Content/Tutorial/Foliage/Foliage_Settings_Tutorial.uasset" 746
"../../../Engine/Content/Tutorial/Foliage/Foliage_Using_The_Tool_Tutorial.uasset" 747
"../../../Engine/Content/Tutorial/Foliage/Foliage_Intro_Tutorial.uasset" 748
"../../../Engine/Content/Tutorial/Paper2D/TutorialAssets/Paper2DFlipbook_TutorialIcon.uasset" 749
"../../../Engine/Content/Tutorial/Paper2D/FlipbookEditorTutorial.uasset" 750
"../../../Engine/Content/Tutorial/Paper2D/TutorialAssets/Paper2DSprite_TutorialIcon.uasset" 751
"../../../Engine/Content/Tutorial/Paper2D/SpriteEditorTutorial.uasset" 752
"../../../Engine/Content/EditorMeshes/EditorCube.uasset" 753
"../../../Engine/Content/Tutorial/SubEditors/TutorialAssets/Tutorial_DM.uasset" 754
"../../../Engine/Content/Tutorial/SubEditors/DestructibleMeshEditorTutorial.uasset" 755
"../../../Engine/Content/Tutorial/SubEditors/TutorialAssets/T_SmokeSubUV_8X8.uasset" 756
"../../../Engine/Content/Tutorial/SubEditors/TutorialAssets/T_soft_smoke.uasset" 757
"../../../Engine/Content/Tutorial/SubEditors/TutorialAssets/M_smoke_subUV_blackbody.uasset" 758
"../../../Engine/Content/Tutorial/SubEditors/TutorialAssets/TutorialParticleSystem.uasset" 759
"../../../Engine/Content/Tutorial/SubEditors/ParticleSystemEditorTutorial.uasset" 760
"../../../Engine/Content/Tutorial/SubEditors/TutorialAssets/icon_ShowSkeletalMeshes_40x.uasset" 761
"../../../Engine/Content/Tutorial/SubEditors/TutorialAssets/Character/TutorialTPP_Mat.uasset" 762
"../../../Engine/Content/Tutorial/SubEditors/TutorialAssets/Character/TutorialTPP_PhysicsAsset.uasset" 763
"../../../Engine/Content/Tutorial/SubEditors/TutorialAssets/Character/TutorialTPP.uasset" 764
"../../../Engine/Content/Tutorial/SubEditors/TutorialAssets/Character/TutorialTPP_Skeleton.uasset" 765
"../../../Engine/Content/Tutorial/SubEditors/TutorialAssets/Character/Tutorial_Idle.uasset" 766
"../../../Engine/Content/Tutorial/SubEditors/TutorialAssets/Character/Tutorial_Walk_Fwd.uasset" 767
"../../../Engine/Content/Tutorial/SubEditors/TutorialAssets/Character/NewBlendSpace1D.uasset" 768
"../../../Engine/Content/Tutorial/SubEditors/TutorialAssets/Character/TutorialCharacter.uasset" 769
"../../../Engine/Content/Tutorial/SubEditors/TutorialAssets/Character/TutorialTPP_AnimBlueprint.uasset" 770
"../../../Engine/Content/Tutorial/SubEditors/PersonaAnimBlueprintEditorWalkthrough.uasset" 771
"../../../Engine/Content/Tutorial/SubEditors/PersonaAnimEditorWalkthrough.uasset" 772
"../../../Engine/Content/Tutorial/SubEditors/TutorialAssets/icon_Editor_Preferences_General_40x.uasset" 773
"../../../Factored/Content/Character/SurvivalEnum.uasset" 774
"../../../Factored/Content/FirstPerson/Animations/FirstPerson_Fire.uasset" 775
"../../../Factored/Content/FirstPerson/Animations/FirstPersonFire_Montage.uasset" 776
"../../../Factored/Content/FirstPerson/Animations/FirstPerson_Idle.uasset" 777
"../../../Factored/Content/FirstPerson/Animations/FirstPerson_JumpEnd.uasset" 778
"../../../Factored/Content/FirstPerson/Animations/FirstPerson_JumpStart.uasset" 779
"../../../Factored/Content/FirstPerson/Animations/FirstPerson_Run.uasset" 780
"../../../Factored/Content/FirstPerson/Animations/FirstPerson_AnimBP.uasset" 781
"../../../Factored/Content/FirstPerson/Audio/FirstPersonTemplateWeaponFire02.uasset" 782
"../../../Factored/Content/FirstPerson/Textures/FirstPersonCrosshair.uasset" 783
"../../../Factored/Content/Geometry/Meshes/1M_Cube.uasset" 784
"../../../Factored/Content/Geometry/Meshes/FoundationSupport.uasset" 785
"../../../Factored/Content/Geometry/Meshes/TemplateFloor.uasset" 786
"../../../Factored/Content/ItemFilters/Filter_Chalcocite.uasset" 787
"../../../Factored/Content/ItemFilters/Filter_Hematite.uasset" 788
"../../../Factored/Content/Items/Blueprints/MiningDrillBlueprint_Hematite.uasset" 789
"../../../Factored/Content/ItemFilters/MiningDrillBlueprints/Filter_MiningDrillBlueprint_Hematite.uasset" 790
"../../../Factored/Content/StarterContent/Architecture/Pillar_50x500.uasset" 791
"../../../Factored/Content/StarterContent/Architecture/Wall_400x300.uasset" 792
"../../../Factored/Content/StarterContent/Architecture/Wall_400x400.uasset" 793
"../../../Factored/Content/StarterContent/Architecture/Wall_500x500.uasset" 794
"../../../Factored/Content/StarterContent/Architecture/Wall_Door_400x400.uasset" 795
"../../../Factored/Content/StarterContent/Architecture/Wall_Window_400x400.uasset" 796
"../../../Factored/Content/StarterContent/Audio/Light01.uasset" 797
"../../../Factored/Content/StarterContent/Audio/Light01_Cue.uasset" 798
"../../../Factored/Content/StarterContent/Audio/Light02.uasset" 799
"../../../Factored/Content/StarterContent/Audio/Light02_Cue.uasset" 800
"../../../Factored/Content/StarterContent/Audio/Explosion01.uasset" 801
"../../../Factored/Content/StarterContent/Audio/Explosion02.uasset" 802
"../../../Factored/Content/StarterContent/Audio/Explosion_Cue.uasset" 803
"../../../Factored/Content/StarterContent/Textures/T_Burst_M.uasset" 804
"../../../Factored/Content/StarterContent/Particles/Materials/M_Burst.uasset" 805
"../../../Factored/Content/StarterContent/Textures/T_Explosion_SubUV.uasset" 806
"../../../Factored/Content/StarterContent/Particles/Materials/M_explosion_subUV.uasset" 807
"../../../Factored/Content/StarterContent/Particles/Materials/m_flare_01.uasset" 808
"../../../Factored/Content/StarterContent/Particles/Materials/M_radial_ramp.uasset" 809
"../../../Factored/Content/StarterContent/Particles/P_Explosion.uasset" 810
"../../../Factored/Content/StarterContent/Blueprints/Blueprint_Effect_Explosion.uasset" 811
"../../../Factored/Content/StarterContent/Textures/T_Bush_D.uasset" 812
"../../../Factored/Content/StarterContent/Textures/T_Bush_N.uasset" 813
"../../../Factored/Content/StarterContent/Props/Materials/M_Bush.uasset" 814
"../../../Factored/Content/StarterContent/Props/SM_Bush.uasset" 815
"../../../Factored/Content/StarterContent/Props/SM_Couch.uasset" 816
"../../../Factored/Content/StarterContent/Textures/T_Door_M.uasset" 817
"../../../Factored/Content/StarterContent/Textures/T_Door_N.uasset" 818
"../../../Factored/Content/StarterContent/Props/Materials/M_Door.uasset" 819
"../../../Factored/Content/StarterContent/Props/SM_Door.uasset" 820
"../../../Factored/Content/StarterContent/Props/Materials/M_MaterialSphere.uasset" 821
"../../../Factored/Content/StarterContent/Props/Materials/M_MaterialSphere_Plain.uasset" 822
"../../../Factored/Content/StarterContent/Props/SM_MatPreviewMesh_02.uasset" 823
"../../../Factored/Content/StarterContent/Textures/T_RockMesh_M.uasset" 824
"../../../Factored/Content/StarterContent/Textures/T_RockMesh_N.uasset" 825
"../../../Factored/Content/StarterContent/Props/Materials/M_Rock.uasset" 826
"../../../Factored/Content/StarterContent/Props/SM_Rock.uasset" 827
"../../../Factored/Content/StarterContent/Textures/T_Shelf_M.uasset" 828
"../../../Factored/Content/StarterContent/Textures/T_Shelf_N.uasset" 829
"../../../Factored/Content/StarterContent/Props/Materials/M_Shelf.uasset" 830
"../../../Factored/Content/StarterContent/Props/SM_Shelf.uasset" 831
"../../../Factored/Content/StarterContent/Props/SM_Stairs.uasset" 832
"../../../Factored/Content/Structures/1SlopeConveyorStructure.uasset" 833
"../../../Factored/Content/Utility/StartingConfigs/Config_1_IntroSurvival.uasset" 834
